[0.378s] Invoking command in '/home/yuzhe/omx_ws/src/open_manipulator/open_manipulator_x_teleop': CMAKE_PREFIX_PATH=/home/yuzhe/omx_ws/install/open_manipulator_msgs:/home/yuzhe/omx_ws/install/open_manipulator:/home/yuzhe/omx_ws/install/open_manipulator_x_controller:/home/yuzhe/omx_ws/install/open_manipulator_x_libs:/home/yuzhe/omx_ws/install/robotis_manipulator:/home/yuzhe/omx_ws/install/open_manipulator_x_description LD_LIBRARY_PATH=/home/yuzhe/omx_ws/install/open_manipulator_msgs/lib:/home/yuzhe/omx_ws/install/open_manipulator_x_libs/lib:/home/yuzhe/omx_ws/install/robotis_manipulator/lib:/opt/ros/humble/opt/rviz_ogre_vendor/lib:/opt/ros/humble/lib/x86_64-linux-gnu:/opt/ros/humble/lib PYTHONPATH=/home/yuzhe/omx_ws/build/open_manipulator_x_teleop/prefix_override:/usr/lib/python3/dist-packages/colcon_core/task/python/colcon_distutils_commands:/home/yuzhe/omx_ws/install/open_manipulator_x_teleop/lib/python3.10/site-packages:${PYTHONPATH} /usr/bin/python3 -W ignore:setup.py install is deprecated -W ignore:easy_install command is deprecated setup.py egg_info --egg-base ../../../build/open_manipulator_x_teleop build --build-base /home/yuzhe/omx_ws/build/open_manipulator_x_teleop/build install --record /home/yuzhe/omx_ws/build/open_manipulator_x_teleop/install.log --single-version-externally-managed install_data
[0.507s] running egg_info
[0.507s] writing ../../../build/open_manipulator_x_teleop/open_manipulator_x_teleop.egg-info/PKG-INFO
[0.516s] writing dependency_links to ../../../build/open_manipulator_x_teleop/open_manipulator_x_teleop.egg-info/dependency_links.txt
[0.517s] writing entry points to ../../../build/open_manipulator_x_teleop/open_manipulator_x_teleop.egg-info/entry_points.txt
[0.517s] writing requirements to ../../../build/open_manipulator_x_teleop/open_manipulator_x_teleop.egg-info/requires.txt
[0.517s] writing top-level names to ../../../build/open_manipulator_x_teleop/open_manipulator_x_teleop.egg-info/top_level.txt
[0.518s] reading manifest file '../../../build/open_manipulator_x_teleop/open_manipulator_x_teleop.egg-info/SOURCES.txt'
[0.519s] writing manifest file '../../../build/open_manipulator_x_teleop/open_manipulator_x_teleop.egg-info/SOURCES.txt'
[0.519s] running build
[0.519s] running build_py
[0.520s] copying open_manipulator_x_teleop/script/armm.py -> /home/yuzhe/omx_ws/build/open_manipulator_x_teleop/build/lib/open_manipulator_x_teleop/script
[0.520s] copying open_manipulator_x_teleop/script/voice_arm_control.py -> /home/yuzhe/omx_ws/build/open_manipulator_x_teleop/build/lib/open_manipulator_x_teleop/script
[0.520s] running install
[0.520s] running install_lib
[0.521s] copying /home/yuzhe/omx_ws/build/open_manipulator_x_teleop/build/lib/open_manipulator_x_teleop/script/armm.py -> /home/yuzhe/omx_ws/install/open_manipulator_x_teleop/lib/python3.10/site-packages/open_manipulator_x_teleop/script
[0.521s] copying /home/yuzhe/omx_ws/build/open_manipulator_x_teleop/build/lib/open_manipulator_x_teleop/script/voice_arm_control.py -> /home/yuzhe/omx_ws/install/open_manipulator_x_teleop/lib/python3.10/site-packages/open_manipulator_x_teleop/script
[0.521s] byte-compiling /home/yuzhe/omx_ws/install/open_manipulator_x_teleop/lib/python3.10/site-packages/open_manipulator_x_teleop/script/armm.py to armm.cpython-310.pyc
[0.523s] byte-compiling /home/yuzhe/omx_ws/install/open_manipulator_x_teleop/lib/python3.10/site-packages/open_manipulator_x_teleop/script/voice_arm_control.py to voice_arm_control.cpython-310.pyc
[0.523s] running install_data
[0.523s] running install_egg_info
[0.524s] removing '/home/yuzhe/omx_ws/install/open_manipulator_x_teleop/lib/python3.10/site-packages/open_manipulator_x_teleop-2.3.0-py3.10.egg-info' (and everything under it)
[0.524s] Copying ../../../build/open_manipulator_x_teleop/open_manipulator_x_teleop.egg-info to /home/yuzhe/omx_ws/install/open_manipulator_x_teleop/lib/python3.10/site-packages/open_manipulator_x_teleop-2.3.0-py3.10.egg-info
[0.525s] running install_scripts
[0.537s] Installing armm script to /home/yuzhe/omx_ws/install/open_manipulator_x_teleop/lib/open_manipulator_x_teleop
[0.537s] Installing gripper_teleop script to /home/yuzhe/omx_ws/install/open_manipulator_x_teleop/lib/open_manipulator_x_teleop
[0.537s] Installing teleop_keyboard script to /home/yuzhe/omx_ws/install/open_manipulator_x_teleop/lib/open_manipulator_x_teleop
[0.537s] Installing voice_control script to /home/yuzhe/omx_ws/install/open_manipulator_x_teleop/lib/open_manipulator_x_teleop
[0.538s] writing list of installed files to '/home/yuzhe/omx_ws/build/open_manipulator_x_teleop/install.log'
[0.552s] Invoked command in '/home/yuzhe/omx_ws/src/open_manipulator/open_manipulator_x_teleop' returned '0': CMAKE_PREFIX_PATH=/home/yuzhe/omx_ws/install/open_manipulator_msgs:/home/yuzhe/omx_ws/install/open_manipulator:/home/yuzhe/omx_ws/install/open_manipulator_x_controller:/home/yuzhe/omx_ws/install/open_manipulator_x_libs:/home/yuzhe/omx_ws/install/robotis_manipulator:/home/yuzhe/omx_ws/install/open_manipulator_x_description LD_LIBRARY_PATH=/home/yuzhe/omx_ws/install/open_manipulator_msgs/lib:/home/yuzhe/omx_ws/install/open_manipulator_x_libs/lib:/home/yuzhe/omx_ws/install/robotis_manipulator/lib:/opt/ros/humble/opt/rviz_ogre_vendor/lib:/opt/ros/humble/lib/x86_64-linux-gnu:/opt/ros/humble/lib PYTHONPATH=/home/yuzhe/omx_ws/build/open_manipulator_x_teleop/prefix_override:/usr/lib/python3/dist-packages/colcon_core/task/python/colcon_distutils_commands:/home/yuzhe/omx_ws/install/open_manipulator_x_teleop/lib/python3.10/site-packages:${PYTHONPATH} /usr/bin/python3 -W ignore:setup.py install is deprecated -W ignore:easy_install command is deprecated setup.py egg_info --egg-base ../../../build/open_manipulator_x_teleop build --build-base /home/yuzhe/omx_ws/build/open_manipulator_x_teleop/build install --record /home/yuzhe/omx_ws/build/open_manipulator_x_teleop/install.log --single-version-externally-managed install_data
