[0.075s] DEBUG:colcon:Command line arguments: ['/usr/bin/colcon', 'build']
[0.075s] DEBUG:colcon:Parsed command line arguments: Namespace(log_base=None, log_level=None, verb_name='build', build_base='build', install_base='install', merge_install=False, symlink_install=False, test_result_base=None, continue_on_error=False, executor='parallel', parallel_workers=20, event_handlers=None, ignore_user_meta=False, metas=['./colcon.meta'], base_paths=['.'], packages_ignore=None, packages_ignore_regex=None, paths=None, packages_up_to=None, packages_up_to_regex=None, packages_above=None, packages_above_and_dependencies=None, packages_above_depth=None, packages_select_by_dep=None, packages_skip_by_dep=None, packages_skip_up_to=None, packages_select_build_failed=False, packages_skip_build_finished=False, packages_select_test_failures=False, packages_skip_test_passed=False, packages_select=None, packages_skip=None, packages_select_regex=None, packages_skip_regex=None, packages_start=None, packages_end=None, allow_overriding=[], cmake_args=None, cmake_target=None, cmake_target_skip_unavailable=False, cmake_clean_cache=False, cmake_clean_first=False, cmake_force_configure=False, ament_cmake_args=None, catkin_cmake_args=None, catkin_skip_building_tests=False, mixin_files=None, mixin=None, verb_parser=<colcon_mixin.mixin.mixin_argument.MixinArgumentDecorator object at 0x7e39e781e6b0>, verb_extension=<colcon_core.verb.build.BuildVerb object at 0x7e39e781e110>, main=<bound method BuildVerb.main of <colcon_core.verb.build.BuildVerb object at 0x7e39e781e110>>, mixin_verb=('build',))
[0.175s] Level 1:colcon.colcon_core.package_discovery:discover_packages(colcon_meta) check parameters
[0.175s] Level 1:colcon.colcon_core.package_discovery:discover_packages(recursive) check parameters
[0.175s] Level 1:colcon.colcon_core.package_discovery:discover_packages(ignore) check parameters
[0.175s] Level 1:colcon.colcon_core.package_discovery:discover_packages(path) check parameters
[0.175s] Level 1:colcon.colcon_core.package_discovery:discover_packages(colcon_meta) discover
[0.175s] Level 1:colcon.colcon_core.package_discovery:discover_packages(recursive) discover
[0.175s] INFO:colcon.colcon_core.package_discovery:Crawling recursively for packages in '/home/yuzhe/omx_ws'
[0.175s] Level 1:colcon.colcon_core.package_identification:_identify(.) by extensions ['ignore', 'ignore_ament_install']
[0.175s] Level 1:colcon.colcon_core.package_identification:_identify(.) by extension 'ignore'
[0.175s] Level 1:colcon.colcon_core.package_identification:_identify(.) by extension 'ignore_ament_install'
[0.175s] Level 1:colcon.colcon_core.package_identification:_identify(.) by extensions ['colcon_pkg']
[0.175s] Level 1:colcon.colcon_core.package_identification:_identify(.) by extension 'colcon_pkg'
[0.175s] Level 1:colcon.colcon_core.package_identification:_identify(.) by extensions ['colcon_meta']
[0.175s] Level 1:colcon.colcon_core.package_identification:_identify(.) by extension 'colcon_meta'
[0.175s] Level 1:colcon.colcon_core.package_identification:_identify(.) by extensions ['ros']
[0.176s] Level 1:colcon.colcon_core.package_identification:_identify(.) by extension 'ros'
[0.184s] Level 1:colcon.colcon_core.package_identification:_identify(.) by extensions ['cmake', 'python']
[0.184s] Level 1:colcon.colcon_core.package_identification:_identify(.) by extension 'cmake'
[0.184s] Level 1:colcon.colcon_core.package_identification:_identify(.) by extension 'python'
[0.184s] Level 1:colcon.colcon_core.package_identification:_identify(.) by extensions ['python_setup_py']
[0.184s] Level 1:colcon.colcon_core.package_identification:_identify(.) by extension 'python_setup_py'
[0.184s] Level 1:colcon.colcon_core.package_identification:_identify(build) by extensions ['ignore', 'ignore_ament_install']
[0.184s] Level 1:colcon.colcon_core.package_identification:_identify(build) by extension 'ignore'
[0.184s] Level 1:colcon.colcon_core.package_identification:_identify(build) ignored
[0.184s] Level 1:colcon.colcon_core.package_identification:_identify(install) by extensions ['ignore', 'ignore_ament_install']
[0.184s] Level 1:colcon.colcon_core.package_identification:_identify(install) by extension 'ignore'
[0.184s] Level 1:colcon.colcon_core.package_identification:_identify(install) ignored
[0.184s] Level 1:colcon.colcon_core.package_identification:_identify(log) by extensions ['ignore', 'ignore_ament_install']
[0.184s] Level 1:colcon.colcon_core.package_identification:_identify(log) by extension 'ignore'
[0.184s] Level 1:colcon.colcon_core.package_identification:_identify(log) ignored
[0.184s] Level 1:colcon.colcon_core.package_identification:_identify(src) by extensions ['ignore', 'ignore_ament_install']
[0.184s] Level 1:colcon.colcon_core.package_identification:_identify(src) by extension 'ignore'
[0.184s] Level 1:colcon.colcon_core.package_identification:_identify(src) by extension 'ignore_ament_install'
[0.184s] Level 1:colcon.colcon_core.package_identification:_identify(src) by extensions ['colcon_pkg']
[0.184s] Level 1:colcon.colcon_core.package_identification:_identify(src) by extension 'colcon_pkg'
[0.184s] Level 1:colcon.colcon_core.package_identification:_identify(src) by extensions ['colcon_meta']
[0.184s] Level 1:colcon.colcon_core.package_identification:_identify(src) by extension 'colcon_meta'
[0.184s] Level 1:colcon.colcon_core.package_identification:_identify(src) by extensions ['ros']
[0.184s] Level 1:colcon.colcon_core.package_identification:_identify(src) by extension 'ros'
[0.184s] Level 1:colcon.colcon_core.package_identification:_identify(src) by extensions ['cmake', 'python']
[0.184s] Level 1:colcon.colcon_core.package_identification:_identify(src) by extension 'cmake'
[0.184s] Level 1:colcon.colcon_core.package_identification:_identify(src) by extension 'python'
[0.184s] Level 1:colcon.colcon_core.package_identification:_identify(src) by extensions ['python_setup_py']
[0.184s] Level 1:colcon.colcon_core.package_identification:_identify(src) by extension 'python_setup_py'
[0.184s] Level 1:colcon.colcon_core.package_identification:_identify(src/open_manipulator) by extensions ['ignore', 'ignore_ament_install']
[0.184s] Level 1:colcon.colcon_core.package_identification:_identify(src/open_manipulator) by extension 'ignore'
[0.184s] Level 1:colcon.colcon_core.package_identification:_identify(src/open_manipulator) by extension 'ignore_ament_install'
[0.185s] Level 1:colcon.colcon_core.package_identification:_identify(src/open_manipulator) by extensions ['colcon_pkg']
[0.185s] Level 1:colcon.colcon_core.package_identification:_identify(src/open_manipulator) by extension 'colcon_pkg'
[0.185s] Level 1:colcon.colcon_core.package_identification:_identify(src/open_manipulator) by extensions ['colcon_meta']
[0.185s] Level 1:colcon.colcon_core.package_identification:_identify(src/open_manipulator) by extension 'colcon_meta'
[0.185s] Level 1:colcon.colcon_core.package_identification:_identify(src/open_manipulator) by extensions ['ros']
[0.185s] Level 1:colcon.colcon_core.package_identification:_identify(src/open_manipulator) by extension 'ros'
[0.185s] Level 1:colcon.colcon_core.package_identification:_identify(src/open_manipulator) by extensions ['cmake', 'python']
[0.185s] Level 1:colcon.colcon_core.package_identification:_identify(src/open_manipulator) by extension 'cmake'
[0.185s] Level 1:colcon.colcon_core.package_identification:_identify(src/open_manipulator) by extension 'python'
[0.185s] Level 1:colcon.colcon_core.package_identification:_identify(src/open_manipulator) by extensions ['python_setup_py']
[0.185s] Level 1:colcon.colcon_core.package_identification:_identify(src/open_manipulator) by extension 'python_setup_py'
[0.185s] Level 1:colcon.colcon_core.package_identification:_identify(src/open_manipulator/build) by extensions ['ignore', 'ignore_ament_install']
[0.185s] Level 1:colcon.colcon_core.package_identification:_identify(src/open_manipulator/build) by extension 'ignore'
[0.185s] Level 1:colcon.colcon_core.package_identification:_identify(src/open_manipulator/build) ignored
[0.185s] Level 1:colcon.colcon_core.package_identification:_identify(src/open_manipulator/install) by extensions ['ignore', 'ignore_ament_install']
[0.185s] Level 1:colcon.colcon_core.package_identification:_identify(src/open_manipulator/install) by extension 'ignore'
[0.185s] Level 1:colcon.colcon_core.package_identification:_identify(src/open_manipulator/install) ignored
[0.185s] Level 1:colcon.colcon_core.package_identification:_identify(src/open_manipulator/log) by extensions ['ignore', 'ignore_ament_install']
[0.185s] Level 1:colcon.colcon_core.package_identification:_identify(src/open_manipulator/log) by extension 'ignore'
[0.185s] Level 1:colcon.colcon_core.package_identification:_identify(src/open_manipulator/log) ignored
[0.185s] Level 1:colcon.colcon_core.package_identification:_identify(src/open_manipulator/open_manipulator) by extensions ['ignore', 'ignore_ament_install']
[0.185s] Level 1:colcon.colcon_core.package_identification:_identify(src/open_manipulator/open_manipulator) by extension 'ignore'
[0.185s] Level 1:colcon.colcon_core.package_identification:_identify(src/open_manipulator/open_manipulator) by extension 'ignore_ament_install'
[0.185s] Level 1:colcon.colcon_core.package_identification:_identify(src/open_manipulator/open_manipulator) by extensions ['colcon_pkg']
[0.185s] Level 1:colcon.colcon_core.package_identification:_identify(src/open_manipulator/open_manipulator) by extension 'colcon_pkg'
[0.185s] Level 1:colcon.colcon_core.package_identification:_identify(src/open_manipulator/open_manipulator) by extensions ['colcon_meta']
[0.185s] Level 1:colcon.colcon_core.package_identification:_identify(src/open_manipulator/open_manipulator) by extension 'colcon_meta'
[0.185s] Level 1:colcon.colcon_core.package_identification:_identify(src/open_manipulator/open_manipulator) by extensions ['ros']
[0.185s] Level 1:colcon.colcon_core.package_identification:_identify(src/open_manipulator/open_manipulator) by extension 'ros'
[0.186s] DEBUG:colcon.colcon_core.package_identification:Package 'src/open_manipulator/open_manipulator' with type 'ros.ament_cmake' and name 'open_manipulator'
[0.187s] Level 1:colcon.colcon_core.package_identification:_identify(src/open_manipulator/open_manipulator_x_controller) by extensions ['ignore', 'ignore_ament_install']
[0.187s] Level 1:colcon.colcon_core.package_identification:_identify(src/open_manipulator/open_manipulator_x_controller) by extension 'ignore'
[0.187s] Level 1:colcon.colcon_core.package_identification:_identify(src/open_manipulator/open_manipulator_x_controller) by extension 'ignore_ament_install'
[0.187s] Level 1:colcon.colcon_core.package_identification:_identify(src/open_manipulator/open_manipulator_x_controller) by extensions ['colcon_pkg']
[0.187s] Level 1:colcon.colcon_core.package_identification:_identify(src/open_manipulator/open_manipulator_x_controller) by extension 'colcon_pkg'
[0.187s] Level 1:colcon.colcon_core.package_identification:_identify(src/open_manipulator/open_manipulator_x_controller) by extensions ['colcon_meta']
[0.187s] Level 1:colcon.colcon_core.package_identification:_identify(src/open_manipulator/open_manipulator_x_controller) by extension 'colcon_meta'
[0.187s] Level 1:colcon.colcon_core.package_identification:_identify(src/open_manipulator/open_manipulator_x_controller) by extensions ['ros']
[0.187s] Level 1:colcon.colcon_core.package_identification:_identify(src/open_manipulator/open_manipulator_x_controller) by extension 'ros'
[0.187s] DEBUG:colcon.colcon_core.package_identification:Package 'src/open_manipulator/open_manipulator_x_controller' with type 'ros.ament_cmake' and name 'open_manipulator_x_controller'
[0.188s] Level 1:colcon.colcon_core.package_identification:_identify(src/open_manipulator/open_manipulator_x_description) by extensions ['ignore', 'ignore_ament_install']
[0.188s] Level 1:colcon.colcon_core.package_identification:_identify(src/open_manipulator/open_manipulator_x_description) by extension 'ignore'
[0.188s] Level 1:colcon.colcon_core.package_identification:_identify(src/open_manipulator/open_manipulator_x_description) by extension 'ignore_ament_install'
[0.188s] Level 1:colcon.colcon_core.package_identification:_identify(src/open_manipulator/open_manipulator_x_description) by extensions ['colcon_pkg']
[0.188s] Level 1:colcon.colcon_core.package_identification:_identify(src/open_manipulator/open_manipulator_x_description) by extension 'colcon_pkg'
[0.188s] Level 1:colcon.colcon_core.package_identification:_identify(src/open_manipulator/open_manipulator_x_description) by extensions ['colcon_meta']
[0.188s] Level 1:colcon.colcon_core.package_identification:_identify(src/open_manipulator/open_manipulator_x_description) by extension 'colcon_meta'
[0.188s] Level 1:colcon.colcon_core.package_identification:_identify(src/open_manipulator/open_manipulator_x_description) by extensions ['ros']
[0.188s] Level 1:colcon.colcon_core.package_identification:_identify(src/open_manipulator/open_manipulator_x_description) by extension 'ros'
[0.188s] DEBUG:colcon.colcon_core.package_identification:Package 'src/open_manipulator/open_manipulator_x_description' with type 'ros.ament_cmake' and name 'open_manipulator_x_description'
[0.188s] Level 1:colcon.colcon_core.package_identification:_identify(src/open_manipulator/open_manipulator_x_libs) by extensions ['ignore', 'ignore_ament_install']
[0.188s] Level 1:colcon.colcon_core.package_identification:_identify(src/open_manipulator/open_manipulator_x_libs) by extension 'ignore'
[0.188s] Level 1:colcon.colcon_core.package_identification:_identify(src/open_manipulator/open_manipulator_x_libs) by extension 'ignore_ament_install'
[0.188s] Level 1:colcon.colcon_core.package_identification:_identify(src/open_manipulator/open_manipulator_x_libs) by extensions ['colcon_pkg']
[0.188s] Level 1:colcon.colcon_core.package_identification:_identify(src/open_manipulator/open_manipulator_x_libs) by extension 'colcon_pkg'
[0.188s] Level 1:colcon.colcon_core.package_identification:_identify(src/open_manipulator/open_manipulator_x_libs) by extensions ['colcon_meta']
[0.188s] Level 1:colcon.colcon_core.package_identification:_identify(src/open_manipulator/open_manipulator_x_libs) by extension 'colcon_meta'
[0.188s] Level 1:colcon.colcon_core.package_identification:_identify(src/open_manipulator/open_manipulator_x_libs) by extensions ['ros']
[0.188s] Level 1:colcon.colcon_core.package_identification:_identify(src/open_manipulator/open_manipulator_x_libs) by extension 'ros'
[0.189s] DEBUG:colcon.colcon_core.package_identification:Package 'src/open_manipulator/open_manipulator_x_libs' with type 'ros.ament_cmake' and name 'open_manipulator_x_libs'
[0.189s] Level 1:colcon.colcon_core.package_identification:_identify(src/open_manipulator/open_manipulator_x_teleop) by extensions ['ignore', 'ignore_ament_install']
[0.189s] Level 1:colcon.colcon_core.package_identification:_identify(src/open_manipulator/open_manipulator_x_teleop) by extension 'ignore'
[0.189s] Level 1:colcon.colcon_core.package_identification:_identify(src/open_manipulator/open_manipulator_x_teleop) by extension 'ignore_ament_install'
[0.189s] Level 1:colcon.colcon_core.package_identification:_identify(src/open_manipulator/open_manipulator_x_teleop) by extensions ['colcon_pkg']
[0.189s] Level 1:colcon.colcon_core.package_identification:_identify(src/open_manipulator/open_manipulator_x_teleop) by extension 'colcon_pkg'
[0.189s] Level 1:colcon.colcon_core.package_identification:_identify(src/open_manipulator/open_manipulator_x_teleop) by extensions ['colcon_meta']
[0.189s] Level 1:colcon.colcon_core.package_identification:_identify(src/open_manipulator/open_manipulator_x_teleop) by extension 'colcon_meta'
[0.189s] Level 1:colcon.colcon_core.package_identification:_identify(src/open_manipulator/open_manipulator_x_teleop) by extensions ['ros']
[0.189s] Level 1:colcon.colcon_core.package_identification:_identify(src/open_manipulator/open_manipulator_x_teleop) by extension 'ros'
[0.190s] DEBUG:colcon.colcon_core.package_identification:Package 'src/open_manipulator/open_manipulator_x_teleop' with type 'ros.ament_python' and name 'open_manipulator_x_teleop'
[0.190s] Level 1:colcon.colcon_core.package_identification:_identify(src/open_manipulator_msgs) by extensions ['ignore', 'ignore_ament_install']
[0.190s] Level 1:colcon.colcon_core.package_identification:_identify(src/open_manipulator_msgs) by extension 'ignore'
[0.190s] Level 1:colcon.colcon_core.package_identification:_identify(src/open_manipulator_msgs) by extension 'ignore_ament_install'
[0.190s] Level 1:colcon.colcon_core.package_identification:_identify(src/open_manipulator_msgs) by extensions ['colcon_pkg']
[0.190s] Level 1:colcon.colcon_core.package_identification:_identify(src/open_manipulator_msgs) by extension 'colcon_pkg'
[0.190s] Level 1:colcon.colcon_core.package_identification:_identify(src/open_manipulator_msgs) by extensions ['colcon_meta']
[0.190s] Level 1:colcon.colcon_core.package_identification:_identify(src/open_manipulator_msgs) by extension 'colcon_meta'
[0.190s] Level 1:colcon.colcon_core.package_identification:_identify(src/open_manipulator_msgs) by extensions ['ros']
[0.190s] Level 1:colcon.colcon_core.package_identification:_identify(src/open_manipulator_msgs) by extension 'ros'
[0.190s] DEBUG:colcon.colcon_core.package_identification:Package 'src/open_manipulator_msgs' with type 'ros.ament_cmake' and name 'open_manipulator_msgs'
[0.191s] Level 1:colcon.colcon_core.package_identification:_identify(src/robotis_manipulator) by extensions ['ignore', 'ignore_ament_install']
[0.191s] Level 1:colcon.colcon_core.package_identification:_identify(src/robotis_manipulator) by extension 'ignore'
[0.191s] Level 1:colcon.colcon_core.package_identification:_identify(src/robotis_manipulator) by extension 'ignore_ament_install'
[0.191s] Level 1:colcon.colcon_core.package_identification:_identify(src/robotis_manipulator) by extensions ['colcon_pkg']
[0.191s] Level 1:colcon.colcon_core.package_identification:_identify(src/robotis_manipulator) by extension 'colcon_pkg'
[0.191s] Level 1:colcon.colcon_core.package_identification:_identify(src/robotis_manipulator) by extensions ['colcon_meta']
[0.191s] Level 1:colcon.colcon_core.package_identification:_identify(src/robotis_manipulator) by extension 'colcon_meta'
[0.191s] Level 1:colcon.colcon_core.package_identification:_identify(src/robotis_manipulator) by extensions ['ros']
[0.191s] Level 1:colcon.colcon_core.package_identification:_identify(src/robotis_manipulator) by extension 'ros'
[0.191s] DEBUG:colcon.colcon_core.package_identification:Package 'src/robotis_manipulator' with type 'ros.ament_cmake' and name 'robotis_manipulator'
[0.191s] Level 1:colcon.colcon_core.package_discovery:discover_packages(recursive) using defaults
[0.191s] Level 1:colcon.colcon_core.package_discovery:discover_packages(ignore) discover
[0.191s] Level 1:colcon.colcon_core.package_discovery:discover_packages(ignore) using defaults
[0.191s] Level 1:colcon.colcon_core.package_discovery:discover_packages(path) discover
[0.191s] Level 1:colcon.colcon_core.package_discovery:discover_packages(path) using defaults
[0.209s] Level 1:colcon.colcon_core.package_discovery:discover_packages(prefix_path) check parameters
[0.209s] Level 1:colcon.colcon_core.package_discovery:discover_packages(prefix_path) discover
[0.210s] DEBUG:colcon.colcon_installed_package_information.package_discovery:Found 7 installed packages in /home/yuzhe/omx_ws/install
[0.211s] DEBUG:colcon.colcon_installed_package_information.package_discovery:Found 334 installed packages in /opt/ros/humble
[0.212s] Level 1:colcon.colcon_core.package_discovery:discover_packages(prefix_path) using defaults
[0.235s] Level 5:colcon.colcon_core.verb:set package 'open_manipulator_msgs' build argument 'cmake_args' from command line to 'None'
[0.235s] Level 5:colcon.colcon_core.verb:set package 'open_manipulator_msgs' build argument 'cmake_target' from command line to 'None'
[0.235s] Level 5:colcon.colcon_core.verb:set package 'open_manipulator_msgs' build argument 'cmake_target_skip_unavailable' from command line to 'False'
[0.235s] Level 5:colcon.colcon_core.verb:set package 'open_manipulator_msgs' build argument 'cmake_clean_cache' from command line to 'False'
[0.235s] Level 5:colcon.colcon_core.verb:set package 'open_manipulator_msgs' build argument 'cmake_clean_first' from command line to 'False'
[0.235s] Level 5:colcon.colcon_core.verb:set package 'open_manipulator_msgs' build argument 'cmake_force_configure' from command line to 'False'
[0.235s] Level 5:colcon.colcon_core.verb:set package 'open_manipulator_msgs' build argument 'ament_cmake_args' from command line to 'None'
[0.235s] Level 5:colcon.colcon_core.verb:set package 'open_manipulator_msgs' build argument 'catkin_cmake_args' from command line to 'None'
[0.235s] Level 5:colcon.colcon_core.verb:set package 'open_manipulator_msgs' build argument 'catkin_skip_building_tests' from command line to 'False'
[0.235s] DEBUG:colcon.colcon_core.verb:Building package 'open_manipulator_msgs' with the following arguments: {'ament_cmake_args': None, 'build_base': '/home/yuzhe/omx_ws/build/open_manipulator_msgs', 'catkin_cmake_args': None, 'catkin_skip_building_tests': False, 'cmake_args': None, 'cmake_clean_cache': False, 'cmake_clean_first': False, 'cmake_force_configure': False, 'cmake_target': None, 'cmake_target_skip_unavailable': False, 'install_base': '/home/yuzhe/omx_ws/install/open_manipulator_msgs', 'merge_install': False, 'path': '/home/yuzhe/omx_ws/src/open_manipulator_msgs', 'symlink_install': False, 'test_result_base': None}
[0.235s] Level 5:colcon.colcon_core.verb:set package 'open_manipulator_x_description' build argument 'cmake_args' from command line to 'None'
[0.235s] Level 5:colcon.colcon_core.verb:set package 'open_manipulator_x_description' build argument 'cmake_target' from command line to 'None'
[0.235s] Level 5:colcon.colcon_core.verb:set package 'open_manipulator_x_description' build argument 'cmake_target_skip_unavailable' from command line to 'False'
[0.235s] Level 5:colcon.colcon_core.verb:set package 'open_manipulator_x_description' build argument 'cmake_clean_cache' from command line to 'False'
[0.235s] Level 5:colcon.colcon_core.verb:set package 'open_manipulator_x_description' build argument 'cmake_clean_first' from command line to 'False'
[0.235s] Level 5:colcon.colcon_core.verb:set package 'open_manipulator_x_description' build argument 'cmake_force_configure' from command line to 'False'
[0.235s] Level 5:colcon.colcon_core.verb:set package 'open_manipulator_x_description' build argument 'ament_cmake_args' from command line to 'None'
[0.235s] Level 5:colcon.colcon_core.verb:set package 'open_manipulator_x_description' build argument 'catkin_cmake_args' from command line to 'None'
[0.235s] Level 5:colcon.colcon_core.verb:set package 'open_manipulator_x_description' build argument 'catkin_skip_building_tests' from command line to 'False'
[0.235s] DEBUG:colcon.colcon_core.verb:Building package 'open_manipulator_x_description' with the following arguments: {'ament_cmake_args': None, 'build_base': '/home/yuzhe/omx_ws/build/open_manipulator_x_description', 'catkin_cmake_args': None, 'catkin_skip_building_tests': False, 'cmake_args': None, 'cmake_clean_cache': False, 'cmake_clean_first': False, 'cmake_force_configure': False, 'cmake_target': None, 'cmake_target_skip_unavailable': False, 'install_base': '/home/yuzhe/omx_ws/install/open_manipulator_x_description', 'merge_install': False, 'path': '/home/yuzhe/omx_ws/src/open_manipulator/open_manipulator_x_description', 'symlink_install': False, 'test_result_base': None}
[0.235s] Level 5:colcon.colcon_core.verb:set package 'robotis_manipulator' build argument 'cmake_args' from command line to 'None'
[0.235s] Level 5:colcon.colcon_core.verb:set package 'robotis_manipulator' build argument 'cmake_target' from command line to 'None'
[0.235s] Level 5:colcon.colcon_core.verb:set package 'robotis_manipulator' build argument 'cmake_target_skip_unavailable' from command line to 'False'
[0.235s] Level 5:colcon.colcon_core.verb:set package 'robotis_manipulator' build argument 'cmake_clean_cache' from command line to 'False'
[0.235s] Level 5:colcon.colcon_core.verb:set package 'robotis_manipulator' build argument 'cmake_clean_first' from command line to 'False'
[0.235s] Level 5:colcon.colcon_core.verb:set package 'robotis_manipulator' build argument 'cmake_force_configure' from command line to 'False'
[0.235s] Level 5:colcon.colcon_core.verb:set package 'robotis_manipulator' build argument 'ament_cmake_args' from command line to 'None'
[0.235s] Level 5:colcon.colcon_core.verb:set package 'robotis_manipulator' build argument 'catkin_cmake_args' from command line to 'None'
[0.235s] Level 5:colcon.colcon_core.verb:set package 'robotis_manipulator' build argument 'catkin_skip_building_tests' from command line to 'False'
[0.235s] DEBUG:colcon.colcon_core.verb:Building package 'robotis_manipulator' with the following arguments: {'ament_cmake_args': None, 'build_base': '/home/yuzhe/omx_ws/build/robotis_manipulator', 'catkin_cmake_args': None, 'catkin_skip_building_tests': False, 'cmake_args': None, 'cmake_clean_cache': False, 'cmake_clean_first': False, 'cmake_force_configure': False, 'cmake_target': None, 'cmake_target_skip_unavailable': False, 'install_base': '/home/yuzhe/omx_ws/install/robotis_manipulator', 'merge_install': False, 'path': '/home/yuzhe/omx_ws/src/robotis_manipulator', 'symlink_install': False, 'test_result_base': None}
[0.235s] Level 5:colcon.colcon_core.verb:set package 'open_manipulator_x_libs' build argument 'cmake_args' from command line to 'None'
[0.236s] Level 5:colcon.colcon_core.verb:set package 'open_manipulator_x_libs' build argument 'cmake_target' from command line to 'None'
[0.236s] Level 5:colcon.colcon_core.verb:set package 'open_manipulator_x_libs' build argument 'cmake_target_skip_unavailable' from command line to 'False'
[0.236s] Level 5:colcon.colcon_core.verb:set package 'open_manipulator_x_libs' build argument 'cmake_clean_cache' from command line to 'False'
[0.236s] Level 5:colcon.colcon_core.verb:set package 'open_manipulator_x_libs' build argument 'cmake_clean_first' from command line to 'False'
[0.236s] Level 5:colcon.colcon_core.verb:set package 'open_manipulator_x_libs' build argument 'cmake_force_configure' from command line to 'False'
[0.236s] Level 5:colcon.colcon_core.verb:set package 'open_manipulator_x_libs' build argument 'ament_cmake_args' from command line to 'None'
[0.236s] Level 5:colcon.colcon_core.verb:set package 'open_manipulator_x_libs' build argument 'catkin_cmake_args' from command line to 'None'
[0.236s] Level 5:colcon.colcon_core.verb:set package 'open_manipulator_x_libs' build argument 'catkin_skip_building_tests' from command line to 'False'
[0.236s] DEBUG:colcon.colcon_core.verb:Building package 'open_manipulator_x_libs' with the following arguments: {'ament_cmake_args': None, 'build_base': '/home/yuzhe/omx_ws/build/open_manipulator_x_libs', 'catkin_cmake_args': None, 'catkin_skip_building_tests': False, 'cmake_args': None, 'cmake_clean_cache': False, 'cmake_clean_first': False, 'cmake_force_configure': False, 'cmake_target': None, 'cmake_target_skip_unavailable': False, 'install_base': '/home/yuzhe/omx_ws/install/open_manipulator_x_libs', 'merge_install': False, 'path': '/home/yuzhe/omx_ws/src/open_manipulator/open_manipulator_x_libs', 'symlink_install': False, 'test_result_base': None}
[0.236s] Level 5:colcon.colcon_core.verb:set package 'open_manipulator_x_teleop' build argument 'cmake_args' from command line to 'None'
[0.236s] Level 5:colcon.colcon_core.verb:set package 'open_manipulator_x_teleop' build argument 'cmake_target' from command line to 'None'
[0.236s] Level 5:colcon.colcon_core.verb:set package 'open_manipulator_x_teleop' build argument 'cmake_target_skip_unavailable' from command line to 'False'
[0.236s] Level 5:colcon.colcon_core.verb:set package 'open_manipulator_x_teleop' build argument 'cmake_clean_cache' from command line to 'False'
[0.236s] Level 5:colcon.colcon_core.verb:set package 'open_manipulator_x_teleop' build argument 'cmake_clean_first' from command line to 'False'
[0.236s] Level 5:colcon.colcon_core.verb:set package 'open_manipulator_x_teleop' build argument 'cmake_force_configure' from command line to 'False'
[0.236s] Level 5:colcon.colcon_core.verb:set package 'open_manipulator_x_teleop' build argument 'ament_cmake_args' from command line to 'None'
[0.236s] Level 5:colcon.colcon_core.verb:set package 'open_manipulator_x_teleop' build argument 'catkin_cmake_args' from command line to 'None'
[0.236s] Level 5:colcon.colcon_core.verb:set package 'open_manipulator_x_teleop' build argument 'catkin_skip_building_tests' from command line to 'False'
[0.236s] DEBUG:colcon.colcon_core.verb:Building package 'open_manipulator_x_teleop' with the following arguments: {'ament_cmake_args': None, 'build_base': '/home/yuzhe/omx_ws/build/open_manipulator_x_teleop', 'catkin_cmake_args': None, 'catkin_skip_building_tests': False, 'cmake_args': None, 'cmake_clean_cache': False, 'cmake_clean_first': False, 'cmake_force_configure': False, 'cmake_target': None, 'cmake_target_skip_unavailable': False, 'install_base': '/home/yuzhe/omx_ws/install/open_manipulator_x_teleop', 'merge_install': False, 'path': '/home/yuzhe/omx_ws/src/open_manipulator/open_manipulator_x_teleop', 'symlink_install': False, 'test_result_base': None}
[0.236s] Level 5:colcon.colcon_core.verb:set package 'open_manipulator_x_controller' build argument 'cmake_args' from command line to 'None'
[0.236s] Level 5:colcon.colcon_core.verb:set package 'open_manipulator_x_controller' build argument 'cmake_target' from command line to 'None'
[0.236s] Level 5:colcon.colcon_core.verb:set package 'open_manipulator_x_controller' build argument 'cmake_target_skip_unavailable' from command line to 'False'
[0.236s] Level 5:colcon.colcon_core.verb:set package 'open_manipulator_x_controller' build argument 'cmake_clean_cache' from command line to 'False'
[0.236s] Level 5:colcon.colcon_core.verb:set package 'open_manipulator_x_controller' build argument 'cmake_clean_first' from command line to 'False'
[0.236s] Level 5:colcon.colcon_core.verb:set package 'open_manipulator_x_controller' build argument 'cmake_force_configure' from command line to 'False'
[0.236s] Level 5:colcon.colcon_core.verb:set package 'open_manipulator_x_controller' build argument 'ament_cmake_args' from command line to 'None'
[0.236s] Level 5:colcon.colcon_core.verb:set package 'open_manipulator_x_controller' build argument 'catkin_cmake_args' from command line to 'None'
[0.236s] Level 5:colcon.colcon_core.verb:set package 'open_manipulator_x_controller' build argument 'catkin_skip_building_tests' from command line to 'False'
[0.236s] DEBUG:colcon.colcon_core.verb:Building package 'open_manipulator_x_controller' with the following arguments: {'ament_cmake_args': None, 'build_base': '/home/yuzhe/omx_ws/build/open_manipulator_x_controller', 'catkin_cmake_args': None, 'catkin_skip_building_tests': False, 'cmake_args': None, 'cmake_clean_cache': False, 'cmake_clean_first': False, 'cmake_force_configure': False, 'cmake_target': None, 'cmake_target_skip_unavailable': False, 'install_base': '/home/yuzhe/omx_ws/install/open_manipulator_x_controller', 'merge_install': False, 'path': '/home/yuzhe/omx_ws/src/open_manipulator/open_manipulator_x_controller', 'symlink_install': False, 'test_result_base': None}
[0.236s] Level 5:colcon.colcon_core.verb:set package 'open_manipulator' build argument 'cmake_args' from command line to 'None'
[0.236s] Level 5:colcon.colcon_core.verb:set package 'open_manipulator' build argument 'cmake_target' from command line to 'None'
[0.236s] Level 5:colcon.colcon_core.verb:set package 'open_manipulator' build argument 'cmake_target_skip_unavailable' from command line to 'False'
[0.236s] Level 5:colcon.colcon_core.verb:set package 'open_manipulator' build argument 'cmake_clean_cache' from command line to 'False'
[0.236s] Level 5:colcon.colcon_core.verb:set package 'open_manipulator' build argument 'cmake_clean_first' from command line to 'False'
[0.236s] Level 5:colcon.colcon_core.verb:set package 'open_manipulator' build argument 'cmake_force_configure' from command line to 'False'
[0.236s] Level 5:colcon.colcon_core.verb:set package 'open_manipulator' build argument 'ament_cmake_args' from command line to 'None'
[0.236s] Level 5:colcon.colcon_core.verb:set package 'open_manipulator' build argument 'catkin_cmake_args' from command line to 'None'
[0.236s] Level 5:colcon.colcon_core.verb:set package 'open_manipulator' build argument 'catkin_skip_building_tests' from command line to 'False'
[0.236s] DEBUG:colcon.colcon_core.verb:Building package 'open_manipulator' with the following arguments: {'ament_cmake_args': None, 'build_base': '/home/yuzhe/omx_ws/build/open_manipulator', 'catkin_cmake_args': None, 'catkin_skip_building_tests': False, 'cmake_args': None, 'cmake_clean_cache': False, 'cmake_clean_first': False, 'cmake_force_configure': False, 'cmake_target': None, 'cmake_target_skip_unavailable': False, 'install_base': '/home/yuzhe/omx_ws/install/open_manipulator', 'merge_install': False, 'path': '/home/yuzhe/omx_ws/src/open_manipulator/open_manipulator', 'symlink_install': False, 'test_result_base': None}
[0.236s] INFO:colcon.colcon_core.executor:Executing jobs using 'parallel' executor
[0.237s] DEBUG:colcon.colcon_parallel_executor.executor.parallel:run_until_complete
[0.237s] INFO:colcon.colcon_ros.task.ament_cmake.build:Building ROS package in '/home/yuzhe/omx_ws/src/open_manipulator_msgs' with build type 'ament_cmake'
[0.237s] INFO:colcon.colcon_cmake.task.cmake.build:Building CMake package in '/home/yuzhe/omx_ws/src/open_manipulator_msgs'
[0.239s] INFO:colcon.colcon_core.plugin_system:Skipping extension 'colcon_core.shell.bat': Not used on non-Windows systems
[0.239s] INFO:colcon.colcon_core.shell:Skip shell extension 'powershell' for command environment: Not usable outside of PowerShell
[0.239s] DEBUG:colcon.colcon_core.shell:Skip shell extension 'dsv' for command environment
[0.241s] INFO:colcon.colcon_ros.task.ament_cmake.build:Building ROS package in '/home/yuzhe/omx_ws/src/robotis_manipulator' with build type 'ament_cmake'
[0.241s] INFO:colcon.colcon_cmake.task.cmake.build:Building CMake package in '/home/yuzhe/omx_ws/src/robotis_manipulator'
[0.242s] INFO:colcon.colcon_core.shell:Skip shell extension 'powershell' for command environment: Not usable outside of PowerShell
[0.242s] DEBUG:colcon.colcon_core.shell:Skip shell extension 'dsv' for command environment
[0.244s] INFO:colcon.colcon_ros.task.ament_cmake.build:Building ROS package in '/home/yuzhe/omx_ws/src/open_manipulator/open_manipulator_x_description' with build type 'ament_cmake'
[0.244s] INFO:colcon.colcon_cmake.task.cmake.build:Building CMake package in '/home/yuzhe/omx_ws/src/open_manipulator/open_manipulator_x_description'
[0.244s] INFO:colcon.colcon_core.shell:Skip shell extension 'powershell' for command environment: Not usable outside of PowerShell
[0.244s] DEBUG:colcon.colcon_core.shell:Skip shell extension 'dsv' for command environment
[0.248s] DEBUG:colcon.colcon_core.event_handler.log_command:Invoking command in '/home/yuzhe/omx_ws/build/open_manipulator_msgs': CMAKE_PREFIX_PATH=${CMAKE_PREFIX_PATH}:/home/yuzhe/omx_ws/install/open_manipulator_x_teleop:/opt/ros/humble /usr/bin/cmake --build /home/yuzhe/omx_ws/build/open_manipulator_msgs -- -j20 -l20
[0.251s] DEBUG:colcon.colcon_core.event_handler.log_command:Invoking command in '/home/yuzhe/omx_ws/build/robotis_manipulator': CMAKE_PREFIX_PATH=${CMAKE_PREFIX_PATH}:/home/yuzhe/omx_ws/install/open_manipulator_x_teleop:/opt/ros/humble /usr/bin/cmake --build /home/yuzhe/omx_ws/build/robotis_manipulator -- -j20 -l20
[0.253s] DEBUG:colcon.colcon_core.event_handler.log_command:Invoking command in '/home/yuzhe/omx_ws/build/open_manipulator_x_description': CMAKE_PREFIX_PATH=${CMAKE_PREFIX_PATH}:/home/yuzhe/omx_ws/install/open_manipulator_x_teleop:/opt/ros/humble /usr/bin/cmake --build /home/yuzhe/omx_ws/build/open_manipulator_x_description -- -j20 -l20
[0.281s] DEBUG:colcon.colcon_core.event_handler.log_command:Invoked command in '/home/yuzhe/omx_ws/build/open_manipulator_x_description' returned '0': CMAKE_PREFIX_PATH=${CMAKE_PREFIX_PATH}:/home/yuzhe/omx_ws/install/open_manipulator_x_teleop:/opt/ros/humble /usr/bin/cmake --build /home/yuzhe/omx_ws/build/open_manipulator_x_description -- -j20 -l20
[0.288s] DEBUG:colcon.colcon_core.event_handler.log_command:Invoking command in '/home/yuzhe/omx_ws/build/open_manipulator_x_description': CMAKE_PREFIX_PATH=${CMAKE_PREFIX_PATH}:/home/yuzhe/omx_ws/install/open_manipulator_x_teleop:/opt/ros/humble /usr/bin/cmake --install /home/yuzhe/omx_ws/build/open_manipulator_x_description
[0.302s] Level 1:colcon.colcon_core.environment:create_environment_scripts_only(open_manipulator_x_description)
[0.302s] DEBUG:colcon.colcon_core.event_handler.log_command:Invoked command in '/home/yuzhe/omx_ws/build/open_manipulator_x_description' returned '0': CMAKE_PREFIX_PATH=${CMAKE_PREFIX_PATH}:/home/yuzhe/omx_ws/install/open_manipulator_x_teleop:/opt/ros/humble /usr/bin/cmake --install /home/yuzhe/omx_ws/build/open_manipulator_x_description
[0.304s] Level 1:colcon.colcon_core.environment:checking '/home/yuzhe/omx_ws/install/open_manipulator_x_description' for CMake module files
[0.305s] Level 1:colcon.colcon_core.environment:checking '/home/yuzhe/omx_ws/install/open_manipulator_x_description' for CMake config files
[0.305s] Level 1:colcon.colcon_core.shell:create_environment_hook('open_manipulator_x_description', 'cmake_prefix_path')
[0.305s] INFO:colcon.colcon_core.shell:Creating environment hook '/home/yuzhe/omx_ws/install/open_manipulator_x_description/share/open_manipulator_x_description/hook/cmake_prefix_path.ps1'
[0.306s] INFO:colcon.colcon_core.shell:Creating environment descriptor '/home/yuzhe/omx_ws/install/open_manipulator_x_description/share/open_manipulator_x_description/hook/cmake_prefix_path.dsv'
[0.306s] INFO:colcon.colcon_core.shell:Creating environment hook '/home/yuzhe/omx_ws/install/open_manipulator_x_description/share/open_manipulator_x_description/hook/cmake_prefix_path.sh'
[0.307s] Level 1:colcon.colcon_core.environment:checking '/home/yuzhe/omx_ws/install/open_manipulator_x_description/bin'
[0.307s] Level 1:colcon.colcon_core.environment:checking '/home/yuzhe/omx_ws/install/open_manipulator_x_description/lib/pkgconfig/open_manipulator_x_description.pc'
[0.307s] Level 1:colcon.colcon_core.environment:checking '/home/yuzhe/omx_ws/install/open_manipulator_x_description/lib/python3.10/site-packages'
[0.307s] Level 1:colcon.colcon_core.environment:checking '/home/yuzhe/omx_ws/install/open_manipulator_x_description/bin'
[0.307s] INFO:colcon.colcon_core.shell:Creating package script '/home/yuzhe/omx_ws/install/open_manipulator_x_description/share/open_manipulator_x_description/package.ps1'
[0.308s] INFO:colcon.colcon_core.shell:Creating package descriptor '/home/yuzhe/omx_ws/install/open_manipulator_x_description/share/open_manipulator_x_description/package.dsv'
[0.308s] INFO:colcon.colcon_core.shell:Creating package script '/home/yuzhe/omx_ws/install/open_manipulator_x_description/share/open_manipulator_x_description/package.sh'
[0.309s] INFO:colcon.colcon_core.shell:Creating package script '/home/yuzhe/omx_ws/install/open_manipulator_x_description/share/open_manipulator_x_description/package.bash'
[0.309s] INFO:colcon.colcon_core.shell:Creating package script '/home/yuzhe/omx_ws/install/open_manipulator_x_description/share/open_manipulator_x_description/package.zsh'
[0.310s] Level 1:colcon.colcon_core.environment:create_file_with_runtime_dependencies(/home/yuzhe/omx_ws/install/open_manipulator_x_description/share/colcon-core/packages/open_manipulator_x_description)
[0.310s] Level 1:colcon.colcon_core.environment:create_environment_scripts_only(open_manipulator_x_description)
[0.310s] Level 1:colcon.colcon_core.environment:checking '/home/yuzhe/omx_ws/install/open_manipulator_x_description' for CMake module files
[0.310s] Level 1:colcon.colcon_core.environment:checking '/home/yuzhe/omx_ws/install/open_manipulator_x_description' for CMake config files
[0.311s] Level 1:colcon.colcon_core.shell:create_environment_hook('open_manipulator_x_description', 'cmake_prefix_path')
[0.311s] INFO:colcon.colcon_core.shell:Creating environment hook '/home/yuzhe/omx_ws/install/open_manipulator_x_description/share/open_manipulator_x_description/hook/cmake_prefix_path.ps1'
[0.311s] INFO:colcon.colcon_core.shell:Creating environment descriptor '/home/yuzhe/omx_ws/install/open_manipulator_x_description/share/open_manipulator_x_description/hook/cmake_prefix_path.dsv'
[0.311s] INFO:colcon.colcon_core.shell:Creating environment hook '/home/yuzhe/omx_ws/install/open_manipulator_x_description/share/open_manipulator_x_description/hook/cmake_prefix_path.sh'
[0.312s] Level 1:colcon.colcon_core.environment:checking '/home/yuzhe/omx_ws/install/open_manipulator_x_description/bin'
[0.312s] Level 1:colcon.colcon_core.environment:checking '/home/yuzhe/omx_ws/install/open_manipulator_x_description/lib/pkgconfig/open_manipulator_x_description.pc'
[0.312s] Level 1:colcon.colcon_core.environment:checking '/home/yuzhe/omx_ws/install/open_manipulator_x_description/lib/python3.10/site-packages'
[0.312s] Level 1:colcon.colcon_core.environment:checking '/home/yuzhe/omx_ws/install/open_manipulator_x_description/bin'
[0.312s] INFO:colcon.colcon_core.shell:Creating package script '/home/yuzhe/omx_ws/install/open_manipulator_x_description/share/open_manipulator_x_description/package.ps1'
[0.313s] INFO:colcon.colcon_core.shell:Creating package descriptor '/home/yuzhe/omx_ws/install/open_manipulator_x_description/share/open_manipulator_x_description/package.dsv'
[0.313s] INFO:colcon.colcon_core.shell:Creating package script '/home/yuzhe/omx_ws/install/open_manipulator_x_description/share/open_manipulator_x_description/package.sh'
[0.313s] INFO:colcon.colcon_core.shell:Creating package script '/home/yuzhe/omx_ws/install/open_manipulator_x_description/share/open_manipulator_x_description/package.bash'
[0.313s] INFO:colcon.colcon_core.shell:Creating package script '/home/yuzhe/omx_ws/install/open_manipulator_x_description/share/open_manipulator_x_description/package.zsh'
[0.314s] Level 1:colcon.colcon_core.environment:create_file_with_runtime_dependencies(/home/yuzhe/omx_ws/install/open_manipulator_x_description/share/colcon-core/packages/open_manipulator_x_description)
[0.315s] DEBUG:colcon.colcon_core.event_handler.log_command:Invoked command in '/home/yuzhe/omx_ws/build/robotis_manipulator' returned '0': CMAKE_PREFIX_PATH=${CMAKE_PREFIX_PATH}:/home/yuzhe/omx_ws/install/open_manipulator_x_teleop:/opt/ros/humble /usr/bin/cmake --build /home/yuzhe/omx_ws/build/robotis_manipulator -- -j20 -l20
[0.316s] DEBUG:colcon.colcon_core.event_handler.log_command:Invoking command in '/home/yuzhe/omx_ws/build/robotis_manipulator': CMAKE_PREFIX_PATH=${CMAKE_PREFIX_PATH}:/home/yuzhe/omx_ws/install/open_manipulator_x_teleop:/opt/ros/humble /usr/bin/cmake --install /home/yuzhe/omx_ws/build/robotis_manipulator
[0.333s] Level 1:colcon.colcon_core.environment:create_environment_scripts_only(robotis_manipulator)
[0.333s] Level 1:colcon.colcon_core.environment:checking '/home/yuzhe/omx_ws/install/robotis_manipulator' for CMake module files
[0.334s] DEBUG:colcon.colcon_core.event_handler.log_command:Invoked command in '/home/yuzhe/omx_ws/build/robotis_manipulator' returned '0': CMAKE_PREFIX_PATH=${CMAKE_PREFIX_PATH}:/home/yuzhe/omx_ws/install/open_manipulator_x_teleop:/opt/ros/humble /usr/bin/cmake --install /home/yuzhe/omx_ws/build/robotis_manipulator
[0.334s] Level 1:colcon.colcon_core.environment:checking '/home/yuzhe/omx_ws/install/robotis_manipulator' for CMake config files
[0.334s] Level 1:colcon.colcon_core.shell:create_environment_hook('robotis_manipulator', 'cmake_prefix_path')
[0.335s] INFO:colcon.colcon_core.shell:Creating environment hook '/home/yuzhe/omx_ws/install/robotis_manipulator/share/robotis_manipulator/hook/cmake_prefix_path.ps1'
[0.336s] INFO:colcon.colcon_core.shell:Creating environment descriptor '/home/yuzhe/omx_ws/install/robotis_manipulator/share/robotis_manipulator/hook/cmake_prefix_path.dsv'
[0.336s] INFO:colcon.colcon_core.shell:Creating environment hook '/home/yuzhe/omx_ws/install/robotis_manipulator/share/robotis_manipulator/hook/cmake_prefix_path.sh'
[0.337s] Level 1:colcon.colcon_core.environment:checking '/home/yuzhe/omx_ws/install/robotis_manipulator/lib'
[0.337s] Level 1:colcon.colcon_core.shell:create_environment_hook('robotis_manipulator', 'ld_library_path_lib')
[0.337s] INFO:colcon.colcon_core.shell:Creating environment hook '/home/yuzhe/omx_ws/install/robotis_manipulator/share/robotis_manipulator/hook/ld_library_path_lib.ps1'
[0.338s] INFO:colcon.colcon_core.shell:Creating environment descriptor '/home/yuzhe/omx_ws/install/robotis_manipulator/share/robotis_manipulator/hook/ld_library_path_lib.dsv'
[0.338s] INFO:colcon.colcon_core.shell:Creating environment hook '/home/yuzhe/omx_ws/install/robotis_manipulator/share/robotis_manipulator/hook/ld_library_path_lib.sh'
[0.339s] Level 1:colcon.colcon_core.environment:checking '/home/yuzhe/omx_ws/install/robotis_manipulator/bin'
[0.339s] Level 1:colcon.colcon_core.environment:checking '/home/yuzhe/omx_ws/install/robotis_manipulator/lib/pkgconfig/robotis_manipulator.pc'
[0.339s] Level 1:colcon.colcon_core.environment:checking '/home/yuzhe/omx_ws/install/robotis_manipulator/lib/python3.10/site-packages'
[0.339s] Level 1:colcon.colcon_core.environment:checking '/home/yuzhe/omx_ws/install/robotis_manipulator/bin'
[0.340s] INFO:colcon.colcon_core.shell:Creating package script '/home/yuzhe/omx_ws/install/robotis_manipulator/share/robotis_manipulator/package.ps1'
[0.340s] INFO:colcon.colcon_core.shell:Creating package descriptor '/home/yuzhe/omx_ws/install/robotis_manipulator/share/robotis_manipulator/package.dsv'
[0.341s] INFO:colcon.colcon_core.shell:Creating package script '/home/yuzhe/omx_ws/install/robotis_manipulator/share/robotis_manipulator/package.sh'
[0.341s] INFO:colcon.colcon_core.shell:Creating package script '/home/yuzhe/omx_ws/install/robotis_manipulator/share/robotis_manipulator/package.bash'
[0.341s] INFO:colcon.colcon_core.shell:Creating package script '/home/yuzhe/omx_ws/install/robotis_manipulator/share/robotis_manipulator/package.zsh'
[0.342s] Level 1:colcon.colcon_core.environment:create_file_with_runtime_dependencies(/home/yuzhe/omx_ws/install/robotis_manipulator/share/colcon-core/packages/robotis_manipulator)
[0.342s] Level 1:colcon.colcon_core.environment:create_environment_scripts_only(robotis_manipulator)
[0.343s] Level 1:colcon.colcon_core.environment:checking '/home/yuzhe/omx_ws/install/robotis_manipulator' for CMake module files
[0.343s] Level 1:colcon.colcon_core.environment:checking '/home/yuzhe/omx_ws/install/robotis_manipulator' for CMake config files
[0.343s] Level 1:colcon.colcon_core.shell:create_environment_hook('robotis_manipulator', 'cmake_prefix_path')
[0.343s] INFO:colcon.colcon_core.shell:Creating environment hook '/home/yuzhe/omx_ws/install/robotis_manipulator/share/robotis_manipulator/hook/cmake_prefix_path.ps1'
[0.344s] INFO:colcon.colcon_core.shell:Creating environment descriptor '/home/yuzhe/omx_ws/install/robotis_manipulator/share/robotis_manipulator/hook/cmake_prefix_path.dsv'
[0.344s] INFO:colcon.colcon_core.shell:Creating environment hook '/home/yuzhe/omx_ws/install/robotis_manipulator/share/robotis_manipulator/hook/cmake_prefix_path.sh'
[0.344s] Level 1:colcon.colcon_core.environment:checking '/home/yuzhe/omx_ws/install/robotis_manipulator/lib'
[0.344s] Level 1:colcon.colcon_core.shell:create_environment_hook('robotis_manipulator', 'ld_library_path_lib')
[0.344s] INFO:colcon.colcon_core.shell:Creating environment hook '/home/yuzhe/omx_ws/install/robotis_manipulator/share/robotis_manipulator/hook/ld_library_path_lib.ps1'
[0.345s] INFO:colcon.colcon_core.shell:Creating environment descriptor '/home/yuzhe/omx_ws/install/robotis_manipulator/share/robotis_manipulator/hook/ld_library_path_lib.dsv'
[0.345s] INFO:colcon.colcon_core.shell:Creating environment hook '/home/yuzhe/omx_ws/install/robotis_manipulator/share/robotis_manipulator/hook/ld_library_path_lib.sh'
[0.345s] Level 1:colcon.colcon_core.environment:checking '/home/yuzhe/omx_ws/install/robotis_manipulator/bin'
[0.345s] Level 1:colcon.colcon_core.environment:checking '/home/yuzhe/omx_ws/install/robotis_manipulator/lib/pkgconfig/robotis_manipulator.pc'
[0.345s] Level 1:colcon.colcon_core.environment:checking '/home/yuzhe/omx_ws/install/robotis_manipulator/lib/python3.10/site-packages'
[0.345s] Level 1:colcon.colcon_core.environment:checking '/home/yuzhe/omx_ws/install/robotis_manipulator/bin'
[0.346s] INFO:colcon.colcon_core.shell:Creating package script '/home/yuzhe/omx_ws/install/robotis_manipulator/share/robotis_manipulator/package.ps1'
[0.346s] INFO:colcon.colcon_core.shell:Creating package descriptor '/home/yuzhe/omx_ws/install/robotis_manipulator/share/robotis_manipulator/package.dsv'
[0.346s] INFO:colcon.colcon_core.shell:Creating package script '/home/yuzhe/omx_ws/install/robotis_manipulator/share/robotis_manipulator/package.sh'
[0.346s] INFO:colcon.colcon_core.shell:Creating package script '/home/yuzhe/omx_ws/install/robotis_manipulator/share/robotis_manipulator/package.bash'
[0.347s] INFO:colcon.colcon_core.shell:Creating package script '/home/yuzhe/omx_ws/install/robotis_manipulator/share/robotis_manipulator/package.zsh'
[0.347s] Level 1:colcon.colcon_core.environment:create_file_with_runtime_dependencies(/home/yuzhe/omx_ws/install/robotis_manipulator/share/colcon-core/packages/robotis_manipulator)
[0.347s] INFO:colcon.colcon_ros.task.ament_cmake.build:Building ROS package in '/home/yuzhe/omx_ws/src/open_manipulator/open_manipulator_x_libs' with build type 'ament_cmake'
[0.347s] INFO:colcon.colcon_cmake.task.cmake.build:Building CMake package in '/home/yuzhe/omx_ws/src/open_manipulator/open_manipulator_x_libs'
[0.347s] INFO:colcon.colcon_core.shell:Skip shell extension 'powershell' for command environment: Not usable outside of PowerShell
[0.348s] DEBUG:colcon.colcon_core.shell:Skip shell extension 'dsv' for command environment
[0.356s] DEBUG:colcon.colcon_core.event_handler.log_command:Invoking command in '/home/yuzhe/omx_ws/build/open_manipulator_x_libs': CMAKE_PREFIX_PATH=/home/yuzhe/omx_ws/install/robotis_manipulator:/home/yuzhe/omx_ws/install/open_manipulator:/home/yuzhe/omx_ws/install/open_manipulator_x_controller:/home/yuzhe/omx_ws/install/open_manipulator_x_libs:/home/yuzhe/omx_ws/install/open_manipulator_x_description:/home/yuzhe/omx_ws/install/open_manipulator_msgs:/home/yuzhe/omx_ws/install/open_manipulator_x_teleop:/opt/ros/humble LD_LIBRARY_PATH=/home/yuzhe/omx_ws/install/robotis_manipulator/lib:/home/yuzhe/omx_ws/install/open_manipulator_x_libs/lib:/home/yuzhe/omx_ws/install/open_manipulator_msgs/lib:/opt/ros/humble/opt/rviz_ogre_vendor/lib:/opt/ros/humble/lib/x86_64-linux-gnu:/opt/ros/humble/lib /usr/bin/cmake --build /home/yuzhe/omx_ws/build/open_manipulator_x_libs -- -j20 -l20
[0.378s] DEBUG:colcon.colcon_core.event_handler.log_command:Invoked command in '/home/yuzhe/omx_ws/build/open_manipulator_msgs' returned '2': CMAKE_PREFIX_PATH=${CMAKE_PREFIX_PATH}:/home/yuzhe/omx_ws/install/open_manipulator_x_teleop:/opt/ros/humble /usr/bin/cmake --build /home/yuzhe/omx_ws/build/open_manipulator_msgs -- -j20 -l20
[0.378s] Level 1:colcon.colcon_core.environment:create_environment_scripts_only(open_manipulator_msgs)
[0.378s] Level 1:colcon.colcon_core.environment:checking '/home/yuzhe/omx_ws/install/open_manipulator_msgs' for CMake module files
[0.379s] Level 1:colcon.colcon_core.environment:checking '/home/yuzhe/omx_ws/install/open_manipulator_msgs' for CMake config files
[0.380s] Level 1:colcon.colcon_core.shell:create_environment_hook('open_manipulator_msgs', 'cmake_prefix_path')
[0.380s] INFO:colcon.colcon_core.shell:Creating environment hook '/home/yuzhe/omx_ws/install/open_manipulator_msgs/share/open_manipulator_msgs/hook/cmake_prefix_path.ps1'
[0.380s] INFO:colcon.colcon_core.shell:Creating environment descriptor '/home/yuzhe/omx_ws/install/open_manipulator_msgs/share/open_manipulator_msgs/hook/cmake_prefix_path.dsv'
[0.381s] INFO:colcon.colcon_core.shell:Creating environment hook '/home/yuzhe/omx_ws/install/open_manipulator_msgs/share/open_manipulator_msgs/hook/cmake_prefix_path.sh'
[0.381s] Level 1:colcon.colcon_core.environment:checking '/home/yuzhe/omx_ws/install/open_manipulator_msgs/lib'
[0.381s] Level 1:colcon.colcon_core.shell:create_environment_hook('open_manipulator_msgs', 'ld_library_path_lib')
[0.381s] INFO:colcon.colcon_core.shell:Creating environment hook '/home/yuzhe/omx_ws/install/open_manipulator_msgs/share/open_manipulator_msgs/hook/ld_library_path_lib.ps1'
[0.382s] INFO:colcon.colcon_core.shell:Creating environment descriptor '/home/yuzhe/omx_ws/install/open_manipulator_msgs/share/open_manipulator_msgs/hook/ld_library_path_lib.dsv'
[0.382s] INFO:colcon.colcon_core.shell:Creating environment hook '/home/yuzhe/omx_ws/install/open_manipulator_msgs/share/open_manipulator_msgs/hook/ld_library_path_lib.sh'
[0.383s] Level 1:colcon.colcon_core.environment:checking '/home/yuzhe/omx_ws/install/open_manipulator_msgs/bin'
[0.383s] Level 1:colcon.colcon_core.environment:checking '/home/yuzhe/omx_ws/install/open_manipulator_msgs/lib/pkgconfig/open_manipulator_msgs.pc'
[0.383s] Level 1:colcon.colcon_core.environment:checking '/home/yuzhe/omx_ws/install/open_manipulator_msgs/lib/python3.10/site-packages'
[0.383s] Level 1:colcon.colcon_core.environment:checking '/home/yuzhe/omx_ws/install/open_manipulator_msgs/bin'
[0.384s] INFO:colcon.colcon_core.shell:Creating package script '/home/yuzhe/omx_ws/install/open_manipulator_msgs/share/open_manipulator_msgs/package.ps1'
[0.384s] INFO:colcon.colcon_core.shell:Creating package descriptor '/home/yuzhe/omx_ws/install/open_manipulator_msgs/share/open_manipulator_msgs/package.dsv'
[0.385s] INFO:colcon.colcon_core.shell:Creating package script '/home/yuzhe/omx_ws/install/open_manipulator_msgs/share/open_manipulator_msgs/package.sh'
[0.385s] INFO:colcon.colcon_core.shell:Creating package script '/home/yuzhe/omx_ws/install/open_manipulator_msgs/share/open_manipulator_msgs/package.bash'
[0.386s] INFO:colcon.colcon_core.shell:Creating package script '/home/yuzhe/omx_ws/install/open_manipulator_msgs/share/open_manipulator_msgs/package.zsh'
[0.386s] Level 1:colcon.colcon_core.environment:create_file_with_runtime_dependencies(/home/yuzhe/omx_ws/install/open_manipulator_msgs/share/colcon-core/packages/open_manipulator_msgs)
[0.420s] DEBUG:colcon.colcon_parallel_executor.executor.parallel:closing loop
[0.421s] DEBUG:colcon.colcon_parallel_executor.executor.parallel:loop closed
[0.421s] DEBUG:colcon.colcon_parallel_executor.executor.parallel:run_until_complete finished with '2'
[0.421s] DEBUG:colcon.colcon_core.event_reactor:joining thread
[0.428s] INFO:colcon.colcon_core.plugin_system:Skipping extension 'colcon_notification.desktop_notification.terminal_notifier': Not used on non-Darwin systems
[0.428s] INFO:colcon.colcon_core.plugin_system:Skipping extension 'colcon_notification.desktop_notification.win32': Not used on non-Windows systems
[0.428s] INFO:colcon.colcon_notification.desktop_notification:Sending desktop notification using 'notify2'
[0.439s] DEBUG:colcon.colcon_core.event_reactor:joined thread
[0.440s] INFO:colcon.colcon_core.shell:Creating prefix script '/home/yuzhe/omx_ws/install/local_setup.ps1'
[0.440s] INFO:colcon.colcon_core.shell:Creating prefix util module '/home/yuzhe/omx_ws/install/_local_setup_util_ps1.py'
[0.441s] INFO:colcon.colcon_core.shell:Creating prefix chain script '/home/yuzhe/omx_ws/install/setup.ps1'
[0.442s] INFO:colcon.colcon_core.shell:Creating prefix script '/home/yuzhe/omx_ws/install/local_setup.sh'
[0.443s] INFO:colcon.colcon_core.shell:Creating prefix util module '/home/yuzhe/omx_ws/install/_local_setup_util_sh.py'
[0.443s] INFO:colcon.colcon_core.shell:Creating prefix chain script '/home/yuzhe/omx_ws/install/setup.sh'
[0.444s] INFO:colcon.colcon_core.shell:Creating prefix script '/home/yuzhe/omx_ws/install/local_setup.bash'
[0.445s] INFO:colcon.colcon_core.shell:Creating prefix chain script '/home/yuzhe/omx_ws/install/setup.bash'
[0.446s] INFO:colcon.colcon_core.shell:Creating prefix script '/home/yuzhe/omx_ws/install/local_setup.zsh'
[0.446s] INFO:colcon.colcon_core.shell:Creating prefix chain script '/home/yuzhe/omx_ws/install/setup.zsh'
