running egg_info
creating build/open_manipulator_x_teleop/open_manipulator_x_teleop.egg-info
writing build/open_manipulator_x_teleop/open_manipulator_x_teleop.egg-info/PKG-INFO
writing dependency_links to build/open_manipulator_x_teleop/open_manipulator_x_teleop.egg-info/dependency_links.txt
writing entry points to build/open_manipulator_x_teleop/open_manipulator_x_teleop.egg-info/entry_points.txt
writing requirements to build/open_manipulator_x_teleop/open_manipulator_x_teleop.egg-info/requires.txt
writing top-level names to build/open_manipulator_x_teleop/open_manipulator_x_teleop.egg-info/top_level.txt
writing manifest file 'build/open_manipulator_x_teleop/open_manipulator_x_teleop.egg-info/SOURCES.txt'
reading manifest file 'build/open_manipulator_x_teleop/open_manipulator_x_teleop.egg-info/SOURCES.txt'
writing manifest file 'build/open_manipulator_x_teleop/open_manipulator_x_teleop.egg-info/SOURCES.txt'
running build
running build_py
creating /home/jun/omx_ws/src/open_manipulator/open_manipulator_x_teleop/build/open_manipulator_x_teleop/build
creating /home/jun/omx_ws/src/open_manipulator/open_manipulator_x_teleop/build/open_manipulator_x_teleop/build/lib
creating /home/jun/omx_ws/src/open_manipulator/open_manipulator_x_teleop/build/open_manipulator_x_teleop/build/lib/open_manipulator_x_teleop
copying open_manipulator_x_teleop/__init__.py -> /home/jun/omx_ws/src/open_manipulator/open_manipulator_x_teleop/build/open_manipulator_x_teleop/build/lib/open_manipulator_x_teleop
creating /home/jun/omx_ws/src/open_manipulator/open_manipulator_x_teleop/build/open_manipulator_x_teleop/build/lib/open_manipulator_x_teleop/script
copying open_manipulator_x_teleop/script/teleop_keyboard.py -> /home/jun/omx_ws/src/open_manipulator/open_manipulator_x_teleop/build/open_manipulator_x_teleop/build/lib/open_manipulator_x_teleop/script
copying open_manipulator_x_teleop/script/gripper_teleop.py -> /home/jun/omx_ws/src/open_manipulator/open_manipulator_x_teleop/build/open_manipulator_x_teleop/build/lib/open_manipulator_x_teleop/script
copying open_manipulator_x_teleop/script/__init__.py -> /home/jun/omx_ws/src/open_manipulator/open_manipulator_x_teleop/build/open_manipulator_x_teleop/build/lib/open_manipulator_x_teleop/script
running install
running install_lib
creating /home/jun/omx_ws/src/open_manipulator/open_manipulator_x_teleop/install/open_manipulator_x_teleop/lib/python3.10/site-packages/open_manipulator_x_teleop
creating /home/jun/omx_ws/src/open_manipulator/open_manipulator_x_teleop/install/open_manipulator_x_teleop/lib/python3.10/site-packages/open_manipulator_x_teleop/script
copying /home/jun/omx_ws/src/open_manipulator/open_manipulator_x_teleop/build/open_manipulator_x_teleop/build/lib/open_manipulator_x_teleop/script/teleop_keyboard.py -> /home/jun/omx_ws/src/open_manipulator/open_manipulator_x_teleop/install/open_manipulator_x_teleop/lib/python3.10/site-packages/open_manipulator_x_teleop/script
copying /home/jun/omx_ws/src/open_manipulator/open_manipulator_x_teleop/build/open_manipulator_x_teleop/build/lib/open_manipulator_x_teleop/script/gripper_teleop.py -> /home/jun/omx_ws/src/open_manipulator/open_manipulator_x_teleop/install/open_manipulator_x_teleop/lib/python3.10/site-packages/open_manipulator_x_teleop/script
copying /home/jun/omx_ws/src/open_manipulator/open_manipulator_x_teleop/build/open_manipulator_x_teleop/build/lib/open_manipulator_x_teleop/script/__init__.py -> /home/jun/omx_ws/src/open_manipulator/open_manipulator_x_teleop/install/open_manipulator_x_teleop/lib/python3.10/site-packages/open_manipulator_x_teleop/script
copying /home/jun/omx_ws/src/open_manipulator/open_manipulator_x_teleop/build/open_manipulator_x_teleop/build/lib/open_manipulator_x_teleop/__init__.py -> /home/jun/omx_ws/src/open_manipulator/open_manipulator_x_teleop/install/open_manipulator_x_teleop/lib/python3.10/site-packages/open_manipulator_x_teleop
byte-compiling /home/jun/omx_ws/src/open_manipulator/open_manipulator_x_teleop/install/open_manipulator_x_teleop/lib/python3.10/site-packages/open_manipulator_x_teleop/script/teleop_keyboard.py to teleop_keyboard.cpython-310.pyc
byte-compiling /home/jun/omx_ws/src/open_manipulator/open_manipulator_x_teleop/install/open_manipulator_x_teleop/lib/python3.10/site-packages/open_manipulator_x_teleop/script/gripper_teleop.py to gripper_teleop.cpython-310.pyc
byte-compiling /home/jun/omx_ws/src/open_manipulator/open_manipulator_x_teleop/install/open_manipulator_x_teleop/lib/python3.10/site-packages/open_manipulator_x_teleop/script/__init__.py to __init__.cpython-310.pyc
byte-compiling /home/jun/omx_ws/src/open_manipulator/open_manipulator_x_teleop/install/open_manipulator_x_teleop/lib/python3.10/site-packages/open_manipulator_x_teleop/__init__.py to __init__.cpython-310.pyc
running install_data
creating /home/jun/omx_ws/src/open_manipulator/open_manipulator_x_teleop/install/open_manipulator_x_teleop/share/ament_index
creating /home/jun/omx_ws/src/open_manipulator/open_manipulator_x_teleop/install/open_manipulator_x_teleop/share/ament_index/resource_index
creating /home/jun/omx_ws/src/open_manipulator/open_manipulator_x_teleop/install/open_manipulator_x_teleop/share/ament_index/resource_index/packages
copying resource/open_manipulator_x_teleop -> /home/jun/omx_ws/src/open_manipulator/open_manipulator_x_teleop/install/open_manipulator_x_teleop/share/ament_index/resource_index/packages
copying package.xml -> /home/jun/omx_ws/src/open_manipulator/open_manipulator_x_teleop/install/open_manipulator_x_teleop/share/open_manipulator_x_teleop
running install_egg_info
Copying build/open_manipulator_x_teleop/open_manipulator_x_teleop.egg-info to /home/jun/omx_ws/src/open_manipulator/open_manipulator_x_teleop/install/open_manipulator_x_teleop/lib/python3.10/site-packages/open_manipulator_x_teleop-2.3.0-py3.10.egg-info
running install_scripts
Installing gripper_teleop script to /home/jun/omx_ws/src/open_manipulator/open_manipulator_x_teleop/install/open_manipulator_x_teleop/lib/open_manipulator_x_teleop
Installing teleop_keyboard script to /home/jun/omx_ws/src/open_manipulator/open_manipulator_x_teleop/install/open_manipulator_x_teleop/lib/open_manipulator_x_teleop
writing list of installed files to '/home/jun/omx_ws/src/open_manipulator/open_manipulator_x_teleop/build/open_manipulator_x_teleop/install.log'
