[0.479s] Invoking command in '/home/jun/omx_ws/src/open_manipulator/open_manipulator_x_teleop': PYTHONPATH=/home/jun/omx_ws/src/open_manipulator/open_manipulator_x_teleop/build/open_manipulator_x_teleop/prefix_override:/usr/lib/python3/dist-packages/colcon_core/task/python/colcon_distutils_commands:/home/jun/omx_ws/src/open_manipulator/open_manipulator_x_teleop/install/open_manipulator_x_teleop/lib/python3.10/site-packages:${PYTHONPATH} /usr/bin/python3 -W ignore:setup.py install is deprecated -W ignore:easy_install command is deprecated setup.py egg_info --egg-base build/open_manipulator_x_teleop build --build-base /home/jun/omx_ws/src/open_manipulator/open_manipulator_x_teleop/build/open_manipulator_x_teleop/build install --record /home/jun/omx_ws/src/open_manipulator/open_manipulator_x_teleop/build/open_manipulator_x_teleop/install.log --single-version-externally-managed install_data
[0.654s] running egg_info
[0.654s] creating build/open_manipulator_x_teleop/open_manipulator_x_teleop.egg-info
[0.655s] writing build/open_manipulator_x_teleop/open_manipulator_x_teleop.egg-info/PKG-INFO
[0.655s] writing dependency_links to build/open_manipulator_x_teleop/open_manipulator_x_teleop.egg-info/dependency_links.txt
[0.655s] writing entry points to build/open_manipulator_x_teleop/open_manipulator_x_teleop.egg-info/entry_points.txt
[0.655s] writing requirements to build/open_manipulator_x_teleop/open_manipulator_x_teleop.egg-info/requires.txt
[0.655s] writing top-level names to build/open_manipulator_x_teleop/open_manipulator_x_teleop.egg-info/top_level.txt
[0.655s] writing manifest file 'build/open_manipulator_x_teleop/open_manipulator_x_teleop.egg-info/SOURCES.txt'
[0.656s] reading manifest file 'build/open_manipulator_x_teleop/open_manipulator_x_teleop.egg-info/SOURCES.txt'
[0.657s] writing manifest file 'build/open_manipulator_x_teleop/open_manipulator_x_teleop.egg-info/SOURCES.txt'
[0.658s] running build
[0.658s] running build_py
[0.658s] creating /home/jun/omx_ws/src/open_manipulator/open_manipulator_x_teleop/build/open_manipulator_x_teleop/build
[0.658s] creating /home/jun/omx_ws/src/open_manipulator/open_manipulator_x_teleop/build/open_manipulator_x_teleop/build/lib
[0.658s] creating /home/jun/omx_ws/src/open_manipulator/open_manipulator_x_teleop/build/open_manipulator_x_teleop/build/lib/open_manipulator_x_teleop
[0.658s] copying open_manipulator_x_teleop/__init__.py -> /home/jun/omx_ws/src/open_manipulator/open_manipulator_x_teleop/build/open_manipulator_x_teleop/build/lib/open_manipulator_x_teleop
[0.658s] creating /home/jun/omx_ws/src/open_manipulator/open_manipulator_x_teleop/build/open_manipulator_x_teleop/build/lib/open_manipulator_x_teleop/script
[0.658s] copying open_manipulator_x_teleop/script/teleop_keyboard.py -> /home/jun/omx_ws/src/open_manipulator/open_manipulator_x_teleop/build/open_manipulator_x_teleop/build/lib/open_manipulator_x_teleop/script
[0.658s] copying open_manipulator_x_teleop/script/gripper_teleop.py -> /home/jun/omx_ws/src/open_manipulator/open_manipulator_x_teleop/build/open_manipulator_x_teleop/build/lib/open_manipulator_x_teleop/script
[0.658s] copying open_manipulator_x_teleop/script/__init__.py -> /home/jun/omx_ws/src/open_manipulator/open_manipulator_x_teleop/build/open_manipulator_x_teleop/build/lib/open_manipulator_x_teleop/script
[0.659s] running install
[0.659s] running install_lib
[0.659s] creating /home/jun/omx_ws/src/open_manipulator/open_manipulator_x_teleop/install/open_manipulator_x_teleop/lib/python3.10/site-packages/open_manipulator_x_teleop
[0.659s] creating /home/jun/omx_ws/src/open_manipulator/open_manipulator_x_teleop/install/open_manipulator_x_teleop/lib/python3.10/site-packages/open_manipulator_x_teleop/script
[0.659s] copying /home/jun/omx_ws/src/open_manipulator/open_manipulator_x_teleop/build/open_manipulator_x_teleop/build/lib/open_manipulator_x_teleop/script/teleop_keyboard.py -> /home/jun/omx_ws/src/open_manipulator/open_manipulator_x_teleop/install/open_manipulator_x_teleop/lib/python3.10/site-packages/open_manipulator_x_teleop/script
[0.659s] copying /home/jun/omx_ws/src/open_manipulator/open_manipulator_x_teleop/build/open_manipulator_x_teleop/build/lib/open_manipulator_x_teleop/script/gripper_teleop.py -> /home/jun/omx_ws/src/open_manipulator/open_manipulator_x_teleop/install/open_manipulator_x_teleop/lib/python3.10/site-packages/open_manipulator_x_teleop/script
[0.660s] copying /home/jun/omx_ws/src/open_manipulator/open_manipulator_x_teleop/build/open_manipulator_x_teleop/build/lib/open_manipulator_x_teleop/script/__init__.py -> /home/jun/omx_ws/src/open_manipulator/open_manipulator_x_teleop/install/open_manipulator_x_teleop/lib/python3.10/site-packages/open_manipulator_x_teleop/script
[0.660s] copying /home/jun/omx_ws/src/open_manipulator/open_manipulator_x_teleop/build/open_manipulator_x_teleop/build/lib/open_manipulator_x_teleop/__init__.py -> /home/jun/omx_ws/src/open_manipulator/open_manipulator_x_teleop/install/open_manipulator_x_teleop/lib/python3.10/site-packages/open_manipulator_x_teleop
[0.660s] byte-compiling /home/jun/omx_ws/src/open_manipulator/open_manipulator_x_teleop/install/open_manipulator_x_teleop/lib/python3.10/site-packages/open_manipulator_x_teleop/script/teleop_keyboard.py to teleop_keyboard.cpython-310.pyc
[0.661s] byte-compiling /home/jun/omx_ws/src/open_manipulator/open_manipulator_x_teleop/install/open_manipulator_x_teleop/lib/python3.10/site-packages/open_manipulator_x_teleop/script/gripper_teleop.py to gripper_teleop.cpython-310.pyc
[0.662s] byte-compiling /home/jun/omx_ws/src/open_manipulator/open_manipulator_x_teleop/install/open_manipulator_x_teleop/lib/python3.10/site-packages/open_manipulator_x_teleop/script/__init__.py to __init__.cpython-310.pyc
[0.662s] byte-compiling /home/jun/omx_ws/src/open_manipulator/open_manipulator_x_teleop/install/open_manipulator_x_teleop/lib/python3.10/site-packages/open_manipulator_x_teleop/__init__.py to __init__.cpython-310.pyc
[0.662s] running install_data
[0.662s] creating /home/jun/omx_ws/src/open_manipulator/open_manipulator_x_teleop/install/open_manipulator_x_teleop/share/ament_index
[0.662s] creating /home/jun/omx_ws/src/open_manipulator/open_manipulator_x_teleop/install/open_manipulator_x_teleop/share/ament_index/resource_index
[0.662s] creating /home/jun/omx_ws/src/open_manipulator/open_manipulator_x_teleop/install/open_manipulator_x_teleop/share/ament_index/resource_index/packages
[0.662s] copying resource/open_manipulator_x_teleop -> /home/jun/omx_ws/src/open_manipulator/open_manipulator_x_teleop/install/open_manipulator_x_teleop/share/ament_index/resource_index/packages
[0.662s] copying package.xml -> /home/jun/omx_ws/src/open_manipulator/open_manipulator_x_teleop/install/open_manipulator_x_teleop/share/open_manipulator_x_teleop
[0.662s] running install_egg_info
[0.663s] Copying build/open_manipulator_x_teleop/open_manipulator_x_teleop.egg-info to /home/jun/omx_ws/src/open_manipulator/open_manipulator_x_teleop/install/open_manipulator_x_teleop/lib/python3.10/site-packages/open_manipulator_x_teleop-2.3.0-py3.10.egg-info
[0.664s] running install_scripts
[0.679s] Installing gripper_teleop script to /home/jun/omx_ws/src/open_manipulator/open_manipulator_x_teleop/install/open_manipulator_x_teleop/lib/open_manipulator_x_teleop
[0.679s] Installing teleop_keyboard script to /home/jun/omx_ws/src/open_manipulator/open_manipulator_x_teleop/install/open_manipulator_x_teleop/lib/open_manipulator_x_teleop
[0.679s] writing list of installed files to '/home/jun/omx_ws/src/open_manipulator/open_manipulator_x_teleop/build/open_manipulator_x_teleop/install.log'
[0.699s] Invoked command in '/home/jun/omx_ws/src/open_manipulator/open_manipulator_x_teleop' returned '0': PYTHONPATH=/home/jun/omx_ws/src/open_manipulator/open_manipulator_x_teleop/build/open_manipulator_x_teleop/prefix_override:/usr/lib/python3/dist-packages/colcon_core/task/python/colcon_distutils_commands:/home/jun/omx_ws/src/open_manipulator/open_manipulator_x_teleop/install/open_manipulator_x_teleop/lib/python3.10/site-packages:${PYTHONPATH} /usr/bin/python3 -W ignore:setup.py install is deprecated -W ignore:easy_install command is deprecated setup.py egg_info --egg-base build/open_manipulator_x_teleop build --build-base /home/jun/omx_ws/src/open_manipulator/open_manipulator_x_teleop/build/open_manipulator_x_teleop/build install --record /home/jun/omx_ws/src/open_manipulator/open_manipulator_x_teleop/build/open_manipulator_x_teleop/install.log --single-version-externally-managed install_data
