running egg_info
writing ../../../build/open_manipulator_x_teleop/open_manipulator_x_teleop.egg-info/PKG-INFO
writing dependency_links to ../../../build/open_manipulator_x_teleop/open_manipulator_x_teleop.egg-info/dependency_links.txt
writing entry points to ../../../build/open_manipulator_x_teleop/open_manipulator_x_teleop.egg-info/entry_points.txt
writing requirements to ../../../build/open_manipulator_x_teleop/open_manipulator_x_teleop.egg-info/requires.txt
writing top-level names to ../../../build/open_manipulator_x_teleop/open_manipulator_x_teleop.egg-info/top_level.txt
reading manifest file '../../../build/open_manipulator_x_teleop/open_manipulator_x_teleop.egg-info/SOURCES.txt'
writing manifest file '../../../build/open_manipulator_x_teleop/open_manipulator_x_teleop.egg-info/SOURCES.txt'
running build
running build_py
running install
running install_lib
running install_data
running install_egg_info
removing '/home/yuzhe/omx_ws/install/open_manipulator_x_teleop/lib/python3.10/site-packages/open_manipulator_x_teleop-2.3.0-py3.10.egg-info' (and everything under it)
Copying ../../../build/open_manipulator_x_teleop/open_manipulator_x_teleop.egg-info to /home/yuzhe/omx_ws/install/open_manipulator_x_teleop/lib/python3.10/site-packages/open_manipulator_x_teleop-2.3.0-py3.10.egg-info
running install_scripts
Installing armm script to /home/yuzhe/omx_ws/install/open_manipulator_x_teleop/lib/open_manipulator_x_teleop
Installing gripper_teleop script to /home/yuzhe/omx_ws/install/open_manipulator_x_teleop/lib/open_manipulator_x_teleop
Installing teleop_keyboard script to /home/yuzhe/omx_ws/install/open_manipulator_x_teleop/lib/open_manipulator_x_teleop
Installing voice_arm_control script to /home/yuzhe/omx_ws/install/open_manipulator_x_teleop/lib/open_manipulator_x_teleop
Installing voice_control script to /home/yuzhe/omx_ws/install/open_manipulator_x_teleop/lib/open_manipulator_x_teleop
writing list of installed files to '/home/yuzhe/omx_ws/build/open_manipulator_x_teleop/install.log'
