[0.010s] Invoking command in '/home/yuzhe/omx_ws/build/open_manipulator_x_controller': AMENT_PREFIX_PATH=/home/yuzhe/omx_ws/install/open_manipulator_x_libs:/home/yuzhe/omx_ws/install/robotis_manipulator:/home/yuzhe/omx_ws/install/open_manipulator_msgs:${AMENT_PREFIX_PATH} CMAKE_PREFIX_PATH=/home/yuzhe/omx_ws/install/open_manipulator_x_libs:/home/yuzhe/omx_ws/install/robotis_manipulator:/home/yuzhe/omx_ws/install/open_manipulator_msgs:/home/yuzhe/ros2_ws/install/turtlebot4_desktop:/home/yuzhe/ros2_ws/install/turtlebot4_viz:/home/yuzhe/ros2_ws/install/turtlebot4_node:/home/yuzhe/ros2_ws/install/turtlebot4_navigation:/home/yuzhe/ros2_ws/install/turtlebot4_ignition_toolbox:/home/yuzhe/ros2_ws/install/turtlebot4_msgs:/home/yuzhe/ros2_ws/install/turtlebot4_ignition_gui_plugins:/home/yuzhe/ros2_ws/install/turtlebot4_description:/home/yuzhe/ros2_ws/install/open_manipulator:/home/yuzhe/ros2_ws/install/open_manipulator_x_controller:/home/yuzhe/ros2_ws/install/open_manipulator_x_libs:/home/yuzhe/ros2_ws/install/robotis_manipulator:/home/yuzhe/ros2_ws/install/open_manipulator_x_description:/home/yuzhe/ros2_ws/install/open_manipulator_msgs:/home/yuzhe/ros2_ws/install/py_pubsub:/home/yuzhe/ros2_ws/install/open_manipulator_x_teleop:/home/yuzhe/ros2_ws/install/my_turtlebot_node:/home/yuzhe/ros2_ws/install/my_test:/opt/ros/humble LD_LIBRARY_PATH=/home/yuzhe/omx_ws/install/open_manipulator_x_libs/lib:/home/yuzhe/omx_ws/install/robotis_manipulator/lib:/home/yuzhe/omx_ws/install/open_manipulator_msgs/lib:${LD_LIBRARY_PATH} PYTHONPATH=/home/yuzhe/omx_ws/install/open_manipulator_msgs/local/lib/python3.10/dist-packages:${PYTHONPATH} /usr/bin/cmake /home/yuzhe/omx_ws/src/open_manipulator/open_manipulator_x_controller -DCMAKE_INSTALL_PREFIX=/home/yuzhe/omx_ws/install/open_manipulator_x_controller
[0.054s] -- The C compiler identification is GNU 11.4.0
[0.088s] -- The CXX compiler identification is GNU 11.4.0
[0.092s] -- Detecting C compiler ABI info
[0.143s] -- Detecting C compiler ABI info - done
[0.150s] -- Check for working C compiler: /usr/bin/cc - skipped
[0.150s] -- Detecting C compile features
[0.150s] -- Detecting C compile features - done
[0.153s] -- Detecting CXX compiler ABI info
[0.216s] -- Detecting CXX compiler ABI info - done
[0.221s] -- Check for working CXX compiler: /usr/bin/c++ - skipped
[0.221s] -- Detecting CXX compile features
[0.222s] -- Detecting CXX compile features - done
[0.223s] -- Found ament_cmake: 1.3.11 (/opt/ros/humble/share/ament_cmake/cmake)
[0.321s] -- Found Python3: /usr/bin/python3 (found version "3.10.12") found components: Interpreter 
[0.374s] -- Found geometry_msgs: 4.8.0 (/opt/ros/humble/share/geometry_msgs/cmake)
[0.396s] -- Found rosidl_generator_c: 3.1.6 (/opt/ros/humble/share/rosidl_generator_c/cmake)
[0.399s] -- Found rosidl_adapter: 3.1.6 (/opt/ros/humble/share/rosidl_adapter/cmake)
[0.403s] -- Found rosidl_generator_cpp: 3.1.6 (/opt/ros/humble/share/rosidl_generator_cpp/cmake)
[0.409s] -- Using all available rosidl_typesupport_c: rosidl_typesupport_fastrtps_c;rosidl_typesupport_introspection_c
[0.418s] -- Using all available rosidl_typesupport_cpp: rosidl_typesupport_fastrtps_cpp;rosidl_typesupport_introspection_cpp
[0.438s] -- Found open_manipulator_msgs: 2.2.0 (/home/yuzhe/omx_ws/install/open_manipulator_msgs/share/open_manipulator_msgs/cmake)
[0.447s] -- Found open_manipulator_x_libs: 2.3.0 (/home/yuzhe/omx_ws/install/open_manipulator_x_libs/share/open_manipulator_x_libs/cmake)
[0.473s] -- Found rmw_implementation_cmake: 6.1.2 (/opt/ros/humble/share/rmw_implementation_cmake/cmake)
[0.475s] -- Found rmw_fastrtps_cpp: 6.2.7 (/opt/ros/humble/share/rmw_fastrtps_cpp/cmake)
[0.537s] -- Found OpenSSL: /usr/lib/x86_64-linux-gnu/libcrypto.so (found version "3.0.2")  
[0.557s] -- Found FastRTPS: /opt/ros/humble/include  
[0.584s] -- Using RMW implementation 'rmw_fastrtps_cpp' as default
[0.588s] -- Looking for pthread.h
[0.647s] -- Looking for pthread.h - found
[0.647s] -- Performing Test CMAKE_HAVE_LIBC_PTHREAD
[0.723s] -- Performing Test CMAKE_HAVE_LIBC_PTHREAD - Success
[0.724s] -- Found Threads: TRUE  
[0.749s] -- Found sensor_msgs: 4.8.0 (/opt/ros/humble/share/sensor_msgs/cmake)
[0.760s] -- Found trajectory_msgs: 4.8.0 (/opt/ros/humble/share/trajectory_msgs/cmake)
[0.812s] -- Configuring done
[0.821s] -- Generating done
[0.823s] -- Build files have been written to: /home/yuzhe/omx_ws/build/open_manipulator_x_controller
[0.829s] Invoked command in '/home/yuzhe/omx_ws/build/open_manipulator_x_controller' returned '0': AMENT_PREFIX_PATH=/home/yuzhe/omx_ws/install/open_manipulator_x_libs:/home/yuzhe/omx_ws/install/robotis_manipulator:/home/yuzhe/omx_ws/install/open_manipulator_msgs:${AMENT_PREFIX_PATH} CMAKE_PREFIX_PATH=/home/yuzhe/omx_ws/install/open_manipulator_x_libs:/home/yuzhe/omx_ws/install/robotis_manipulator:/home/yuzhe/omx_ws/install/open_manipulator_msgs:/home/yuzhe/ros2_ws/install/turtlebot4_desktop:/home/yuzhe/ros2_ws/install/turtlebot4_viz:/home/yuzhe/ros2_ws/install/turtlebot4_node:/home/yuzhe/ros2_ws/install/turtlebot4_navigation:/home/yuzhe/ros2_ws/install/turtlebot4_ignition_toolbox:/home/yuzhe/ros2_ws/install/turtlebot4_msgs:/home/yuzhe/ros2_ws/install/turtlebot4_ignition_gui_plugins:/home/yuzhe/ros2_ws/install/turtlebot4_description:/home/yuzhe/ros2_ws/install/open_manipulator:/home/yuzhe/ros2_ws/install/open_manipulator_x_controller:/home/yuzhe/ros2_ws/install/open_manipulator_x_libs:/home/yuzhe/ros2_ws/install/robotis_manipulator:/home/yuzhe/ros2_ws/install/open_manipulator_x_description:/home/yuzhe/ros2_ws/install/open_manipulator_msgs:/home/yuzhe/ros2_ws/install/py_pubsub:/home/yuzhe/ros2_ws/install/open_manipulator_x_teleop:/home/yuzhe/ros2_ws/install/my_turtlebot_node:/home/yuzhe/ros2_ws/install/my_test:/opt/ros/humble LD_LIBRARY_PATH=/home/yuzhe/omx_ws/install/open_manipulator_x_libs/lib:/home/yuzhe/omx_ws/install/robotis_manipulator/lib:/home/yuzhe/omx_ws/install/open_manipulator_msgs/lib:${LD_LIBRARY_PATH} PYTHONPATH=/home/yuzhe/omx_ws/install/open_manipulator_msgs/local/lib/python3.10/dist-packages:${PYTHONPATH} /usr/bin/cmake /home/yuzhe/omx_ws/src/open_manipulator/open_manipulator_x_controller -DCMAKE_INSTALL_PREFIX=/home/yuzhe/omx_ws/install/open_manipulator_x_controller
[0.830s] Invoking command in '/home/yuzhe/omx_ws/build/open_manipulator_x_controller': AMENT_PREFIX_PATH=/home/yuzhe/omx_ws/install/open_manipulator_x_libs:/home/yuzhe/omx_ws/install/robotis_manipulator:/home/yuzhe/omx_ws/install/open_manipulator_msgs:${AMENT_PREFIX_PATH} CMAKE_PREFIX_PATH=/home/yuzhe/omx_ws/install/open_manipulator_x_libs:/home/yuzhe/omx_ws/install/robotis_manipulator:/home/yuzhe/omx_ws/install/open_manipulator_msgs:/home/yuzhe/ros2_ws/install/turtlebot4_desktop:/home/yuzhe/ros2_ws/install/turtlebot4_viz:/home/yuzhe/ros2_ws/install/turtlebot4_node:/home/yuzhe/ros2_ws/install/turtlebot4_navigation:/home/yuzhe/ros2_ws/install/turtlebot4_ignition_toolbox:/home/yuzhe/ros2_ws/install/turtlebot4_msgs:/home/yuzhe/ros2_ws/install/turtlebot4_ignition_gui_plugins:/home/yuzhe/ros2_ws/install/turtlebot4_description:/home/yuzhe/ros2_ws/install/open_manipulator:/home/yuzhe/ros2_ws/install/open_manipulator_x_controller:/home/yuzhe/ros2_ws/install/open_manipulator_x_libs:/home/yuzhe/ros2_ws/install/robotis_manipulator:/home/yuzhe/ros2_ws/install/open_manipulator_x_description:/home/yuzhe/ros2_ws/install/open_manipulator_msgs:/home/yuzhe/ros2_ws/install/py_pubsub:/home/yuzhe/ros2_ws/install/open_manipulator_x_teleop:/home/yuzhe/ros2_ws/install/my_turtlebot_node:/home/yuzhe/ros2_ws/install/my_test:/opt/ros/humble LD_LIBRARY_PATH=/home/yuzhe/omx_ws/install/open_manipulator_x_libs/lib:/home/yuzhe/omx_ws/install/robotis_manipulator/lib:/home/yuzhe/omx_ws/install/open_manipulator_msgs/lib:${LD_LIBRARY_PATH} PYTHONPATH=/home/yuzhe/omx_ws/install/open_manipulator_msgs/local/lib/python3.10/dist-packages:${PYTHONPATH} /usr/bin/cmake --build /home/yuzhe/omx_ws/build/open_manipulator_x_controller -- -j20 -l20
[0.863s] [ 50%] [32mBuilding CXX object CMakeFiles/open_manipulator_x_controller.dir/src/open_manipulator_x_controller.cpp.o[0m
[2.529s] [01m[K/home/yuzhe/omx_ws/src/open_manipulator/open_manipulator_x_controller/src/open_manipulator_x_controller.cpp:[m[K In member function ‘[01m[Kvoid open_manipulator_x_controller::OpenManipulatorXController::init_publisher()[m[K’:
[2.529s] [01m[K/home/yuzhe/omx_ws/src/open_manipulator/open_manipulator_x_controller/src/open_manipulator_x_controller.cpp:103:21:[m[K [01;35m[Kwarning: [m[Kunused variable ‘[01m[Kname[m[K’ [[01;35m[K]8;;https://gcc.gnu.org/onlinedocs/gcc/Warning-Options.html#index-Wunused-variable-Wunused-variable]8;;[m[K]
[2.529s]   103 |   for (auto const & [01;35m[Kname[m[K:tools_name)
[2.529s]       |                     [01;35m[K^~~~[m[K
[7.930s] [100%] [32m[1mLinking CXX executable open_manipulator_x_controller[0m
[8.381s] [100%] Built target open_manipulator_x_controller
[8.392s] Invoked command in '/home/yuzhe/omx_ws/build/open_manipulator_x_controller' returned '0': AMENT_PREFIX_PATH=/home/yuzhe/omx_ws/install/open_manipulator_x_libs:/home/yuzhe/omx_ws/install/robotis_manipulator:/home/yuzhe/omx_ws/install/open_manipulator_msgs:${AMENT_PREFIX_PATH} CMAKE_PREFIX_PATH=/home/yuzhe/omx_ws/install/open_manipulator_x_libs:/home/yuzhe/omx_ws/install/robotis_manipulator:/home/yuzhe/omx_ws/install/open_manipulator_msgs:/home/yuzhe/ros2_ws/install/turtlebot4_desktop:/home/yuzhe/ros2_ws/install/turtlebot4_viz:/home/yuzhe/ros2_ws/install/turtlebot4_node:/home/yuzhe/ros2_ws/install/turtlebot4_navigation:/home/yuzhe/ros2_ws/install/turtlebot4_ignition_toolbox:/home/yuzhe/ros2_ws/install/turtlebot4_msgs:/home/yuzhe/ros2_ws/install/turtlebot4_ignition_gui_plugins:/home/yuzhe/ros2_ws/install/turtlebot4_description:/home/yuzhe/ros2_ws/install/open_manipulator:/home/yuzhe/ros2_ws/install/open_manipulator_x_controller:/home/yuzhe/ros2_ws/install/open_manipulator_x_libs:/home/yuzhe/ros2_ws/install/robotis_manipulator:/home/yuzhe/ros2_ws/install/open_manipulator_x_description:/home/yuzhe/ros2_ws/install/open_manipulator_msgs:/home/yuzhe/ros2_ws/install/py_pubsub:/home/yuzhe/ros2_ws/install/open_manipulator_x_teleop:/home/yuzhe/ros2_ws/install/my_turtlebot_node:/home/yuzhe/ros2_ws/install/my_test:/opt/ros/humble LD_LIBRARY_PATH=/home/yuzhe/omx_ws/install/open_manipulator_x_libs/lib:/home/yuzhe/omx_ws/install/robotis_manipulator/lib:/home/yuzhe/omx_ws/install/open_manipulator_msgs/lib:${LD_LIBRARY_PATH} PYTHONPATH=/home/yuzhe/omx_ws/install/open_manipulator_msgs/local/lib/python3.10/dist-packages:${PYTHONPATH} /usr/bin/cmake --build /home/yuzhe/omx_ws/build/open_manipulator_x_controller -- -j20 -l20
[8.393s] Invoking command in '/home/yuzhe/omx_ws/build/open_manipulator_x_controller': AMENT_PREFIX_PATH=/home/yuzhe/omx_ws/install/open_manipulator_x_libs:/home/yuzhe/omx_ws/install/robotis_manipulator:/home/yuzhe/omx_ws/install/open_manipulator_msgs:${AMENT_PREFIX_PATH} CMAKE_PREFIX_PATH=/home/yuzhe/omx_ws/install/open_manipulator_x_libs:/home/yuzhe/omx_ws/install/robotis_manipulator:/home/yuzhe/omx_ws/install/open_manipulator_msgs:/home/yuzhe/ros2_ws/install/turtlebot4_desktop:/home/yuzhe/ros2_ws/install/turtlebot4_viz:/home/yuzhe/ros2_ws/install/turtlebot4_node:/home/yuzhe/ros2_ws/install/turtlebot4_navigation:/home/yuzhe/ros2_ws/install/turtlebot4_ignition_toolbox:/home/yuzhe/ros2_ws/install/turtlebot4_msgs:/home/yuzhe/ros2_ws/install/turtlebot4_ignition_gui_plugins:/home/yuzhe/ros2_ws/install/turtlebot4_description:/home/yuzhe/ros2_ws/install/open_manipulator:/home/yuzhe/ros2_ws/install/open_manipulator_x_controller:/home/yuzhe/ros2_ws/install/open_manipulator_x_libs:/home/yuzhe/ros2_ws/install/robotis_manipulator:/home/yuzhe/ros2_ws/install/open_manipulator_x_description:/home/yuzhe/ros2_ws/install/open_manipulator_msgs:/home/yuzhe/ros2_ws/install/py_pubsub:/home/yuzhe/ros2_ws/install/open_manipulator_x_teleop:/home/yuzhe/ros2_ws/install/my_turtlebot_node:/home/yuzhe/ros2_ws/install/my_test:/opt/ros/humble LD_LIBRARY_PATH=/home/yuzhe/omx_ws/install/open_manipulator_x_libs/lib:/home/yuzhe/omx_ws/install/robotis_manipulator/lib:/home/yuzhe/omx_ws/install/open_manipulator_msgs/lib:${LD_LIBRARY_PATH} PYTHONPATH=/home/yuzhe/omx_ws/install/open_manipulator_msgs/local/lib/python3.10/dist-packages:${PYTHONPATH} /usr/bin/cmake --install /home/yuzhe/omx_ws/build/open_manipulator_x_controller
[8.399s] -- Install configuration: ""
[8.399s] -- Installing: /home/yuzhe/omx_ws/install/open_manipulator_x_controller/lib/open_manipulator_x_controller/open_manipulator_x_controller
[8.402s] -- Set runtime path of "/home/yuzhe/omx_ws/install/open_manipulator_x_controller/lib/open_manipulator_x_controller/open_manipulator_x_controller" to ""
[8.402s] -- Installing: /home/yuzhe/omx_ws/install/open_manipulator_x_controller/share/open_manipulator_x_controller/99-open-manipulator-cdc.rules
[8.402s] -- Installing: /home/yuzhe/omx_ws/install/open_manipulator_x_controller/share/open_manipulator_x_controller/launch
[8.402s] -- Installing: /home/yuzhe/omx_ws/install/open_manipulator_x_controller/share/open_manipulator_x_controller/launch/open_manipulator_x_controller.launch.py
[8.402s] -- Installing: /home/yuzhe/omx_ws/install/open_manipulator_x_controller/share/open_manipulator_x_controller/param
[8.402s] -- Installing: /home/yuzhe/omx_ws/install/open_manipulator_x_controller/share/open_manipulator_x_controller/param/open_manipulator_x_controller_params.yaml
[8.402s] -- Installing: /home/yuzhe/omx_ws/install/open_manipulator_x_controller/lib/open_manipulator_x_controller/create_udev_rules
[8.402s] -- Installing: /home/yuzhe/omx_ws/install/open_manipulator_x_controller/share/ament_index/resource_index/package_run_dependencies/open_manipulator_x_controller
[8.402s] -- Installing: /home/yuzhe/omx_ws/install/open_manipulator_x_controller/share/ament_index/resource_index/parent_prefix_path/open_manipulator_x_controller
[8.402s] -- Installing: /home/yuzhe/omx_ws/install/open_manipulator_x_controller/share/open_manipulator_x_controller/environment/ament_prefix_path.sh
[8.402s] -- Installing: /home/yuzhe/omx_ws/install/open_manipulator_x_controller/share/open_manipulator_x_controller/environment/ament_prefix_path.dsv
[8.402s] -- Installing: /home/yuzhe/omx_ws/install/open_manipulator_x_controller/share/open_manipulator_x_controller/environment/path.sh
[8.403s] -- Installing: /home/yuzhe/omx_ws/install/open_manipulator_x_controller/share/open_manipulator_x_controller/environment/path.dsv
[8.403s] -- Installing: /home/yuzhe/omx_ws/install/open_manipulator_x_controller/share/open_manipulator_x_controller/local_setup.bash
[8.403s] -- Installing: /home/yuzhe/omx_ws/install/open_manipulator_x_controller/share/open_manipulator_x_controller/local_setup.sh
[8.403s] -- Installing: /home/yuzhe/omx_ws/install/open_manipulator_x_controller/share/open_manipulator_x_controller/local_setup.zsh
[8.403s] -- Installing: /home/yuzhe/omx_ws/install/open_manipulator_x_controller/share/open_manipulator_x_controller/local_setup.dsv
[8.403s] -- Installing: /home/yuzhe/omx_ws/install/open_manipulator_x_controller/share/open_manipulator_x_controller/package.dsv
[8.403s] -- Installing: /home/yuzhe/omx_ws/install/open_manipulator_x_controller/share/ament_index/resource_index/packages/open_manipulator_x_controller
[8.403s] -- Installing: /home/yuzhe/omx_ws/install/open_manipulator_x_controller/share/open_manipulator_x_controller/cmake/ament_cmake_export_include_directories-extras.cmake
[8.403s] -- Installing: /home/yuzhe/omx_ws/install/open_manipulator_x_controller/share/open_manipulator_x_controller/cmake/ament_cmake_export_dependencies-extras.cmake
[8.403s] -- Installing: /home/yuzhe/omx_ws/install/open_manipulator_x_controller/share/open_manipulator_x_controller/cmake/open_manipulator_x_controllerConfig.cmake
[8.403s] -- Installing: /home/yuzhe/omx_ws/install/open_manipulator_x_controller/share/open_manipulator_x_controller/cmake/open_manipulator_x_controllerConfig-version.cmake
[8.403s] -- Installing: /home/yuzhe/omx_ws/install/open_manipulator_x_controller/share/open_manipulator_x_controller/package.xml
[8.404s] Invoked command in '/home/yuzhe/omx_ws/build/open_manipulator_x_controller' returned '0': AMENT_PREFIX_PATH=/home/yuzhe/omx_ws/install/open_manipulator_x_libs:/home/yuzhe/omx_ws/install/robotis_manipulator:/home/yuzhe/omx_ws/install/open_manipulator_msgs:${AMENT_PREFIX_PATH} CMAKE_PREFIX_PATH=/home/yuzhe/omx_ws/install/open_manipulator_x_libs:/home/yuzhe/omx_ws/install/robotis_manipulator:/home/yuzhe/omx_ws/install/open_manipulator_msgs:/home/yuzhe/ros2_ws/install/turtlebot4_desktop:/home/yuzhe/ros2_ws/install/turtlebot4_viz:/home/yuzhe/ros2_ws/install/turtlebot4_node:/home/yuzhe/ros2_ws/install/turtlebot4_navigation:/home/yuzhe/ros2_ws/install/turtlebot4_ignition_toolbox:/home/yuzhe/ros2_ws/install/turtlebot4_msgs:/home/yuzhe/ros2_ws/install/turtlebot4_ignition_gui_plugins:/home/yuzhe/ros2_ws/install/turtlebot4_description:/home/yuzhe/ros2_ws/install/open_manipulator:/home/yuzhe/ros2_ws/install/open_manipulator_x_controller:/home/yuzhe/ros2_ws/install/open_manipulator_x_libs:/home/yuzhe/ros2_ws/install/robotis_manipulator:/home/yuzhe/ros2_ws/install/open_manipulator_x_description:/home/yuzhe/ros2_ws/install/open_manipulator_msgs:/home/yuzhe/ros2_ws/install/py_pubsub:/home/yuzhe/ros2_ws/install/open_manipulator_x_teleop:/home/yuzhe/ros2_ws/install/my_turtlebot_node:/home/yuzhe/ros2_ws/install/my_test:/opt/ros/humble LD_LIBRARY_PATH=/home/yuzhe/omx_ws/install/open_manipulator_x_libs/lib:/home/yuzhe/omx_ws/install/robotis_manipulator/lib:/home/yuzhe/omx_ws/install/open_manipulator_msgs/lib:${LD_LIBRARY_PATH} PYTHONPATH=/home/yuzhe/omx_ws/install/open_manipulator_msgs/local/lib/python3.10/dist-packages:${PYTHONPATH} /usr/bin/cmake --install /home/yuzhe/omx_ws/build/open_manipulator_x_controller
