[0.008s] Invoking command in '/home/yuzhe/omx_ws/build/robotis_manipulator': CMAKE_PREFIX_PATH=${CMAKE_PREFIX_PATH}:/home/yuzhe/ros2_ws/install/py_pubsub:/home/yuzhe/ros2_ws/install/open_manipulator_x_teleop:/home/yuzhe/ros2_ws/install/my_turtlebot_node:/home/yuzhe/ros2_ws/install/my_test:/opt/ros/humble /usr/bin/cmake /home/yuzhe/omx_ws/src/robotis_manipulator -DAMENT_CMAKE_SYMLINK_INSTALL=1 -DCMAKE_INSTALL_PREFIX=/home/yuzhe/omx_ws/install/robotis_manipulator
[0.018s] -- Found ament_cmake: 1.3.11 (/opt/ros/humble/share/ament_cmake/cmake)
[0.099s] -- Override CMake install command with custom implementation using symlinks instead of copying resources
[0.104s] -- Found rclcpp: 16.0.12 (/opt/ros/humble/share/rclcpp/cmake)
[0.122s] -- Found rosidl_generator_c: 3.1.6 (/opt/ros/humble/share/rosidl_generator_c/cmake)
[0.123s] -- Found rosidl_adapter: 3.1.6 (/opt/ros/humble/share/rosidl_adapter/cmake)
[0.127s] -- Found rosidl_generator_cpp: 3.1.6 (/opt/ros/humble/share/rosidl_generator_cpp/cmake)
[0.134s] -- Using all available rosidl_typesupport_c: rosidl_typesupport_fastrtps_c;rosidl_typesupport_introspection_c
[0.142s] -- Using all available rosidl_typesupport_cpp: rosidl_typesupport_fastrtps_cpp;rosidl_typesupport_introspection_cpp
[0.165s] -- Found rmw_implementation_cmake: 6.1.2 (/opt/ros/humble/share/rmw_implementation_cmake/cmake)
[0.166s] -- Found rmw_fastrtps_cpp: 6.2.7 (/opt/ros/humble/share/rmw_fastrtps_cpp/cmake)
[0.238s] -- Using RMW implementation 'rmw_fastrtps_cpp' as default
[0.312s] -- Configuring done
[0.317s] -- Generating done
[0.319s] -- Build files have been written to: /home/yuzhe/omx_ws/build/robotis_manipulator
[0.323s] Invoked command in '/home/yuzhe/omx_ws/build/robotis_manipulator' returned '0': CMAKE_PREFIX_PATH=${CMAKE_PREFIX_PATH}:/home/yuzhe/ros2_ws/install/py_pubsub:/home/yuzhe/ros2_ws/install/open_manipulator_x_teleop:/home/yuzhe/ros2_ws/install/my_turtlebot_node:/home/yuzhe/ros2_ws/install/my_test:/opt/ros/humble /usr/bin/cmake /home/yuzhe/omx_ws/src/robotis_manipulator -DAMENT_CMAKE_SYMLINK_INSTALL=1 -DCMAKE_INSTALL_PREFIX=/home/yuzhe/omx_ws/install/robotis_manipulator
[0.325s] Invoking command in '/home/yuzhe/omx_ws/build/robotis_manipulator': CMAKE_PREFIX_PATH=${CMAKE_PREFIX_PATH}:/home/yuzhe/ros2_ws/install/py_pubsub:/home/yuzhe/ros2_ws/install/open_manipulator_x_teleop:/home/yuzhe/ros2_ws/install/my_turtlebot_node:/home/yuzhe/ros2_ws/install/my_test:/opt/ros/humble /usr/bin/cmake --build /home/yuzhe/omx_ws/build/robotis_manipulator -- -j20 -l20
[0.353s] [35m[1mConsolidate compiler generated dependencies of target robotis_manipulator[0m
[0.366s] [ 14%] [32m[1mLinking CXX shared library librobotis_manipulator.so[0m
[0.553s] [100%] Built target robotis_manipulator
[0.561s] Invoked command in '/home/yuzhe/omx_ws/build/robotis_manipulator' returned '0': CMAKE_PREFIX_PATH=${CMAKE_PREFIX_PATH}:/home/yuzhe/ros2_ws/install/py_pubsub:/home/yuzhe/ros2_ws/install/open_manipulator_x_teleop:/home/yuzhe/ros2_ws/install/my_turtlebot_node:/home/yuzhe/ros2_ws/install/my_test:/opt/ros/humble /usr/bin/cmake --build /home/yuzhe/omx_ws/build/robotis_manipulator -- -j20 -l20
[0.563s] Invoking command in '/home/yuzhe/omx_ws/build/robotis_manipulator': CMAKE_PREFIX_PATH=${CMAKE_PREFIX_PATH}:/home/yuzhe/ros2_ws/install/py_pubsub:/home/yuzhe/ros2_ws/install/open_manipulator_x_teleop:/home/yuzhe/ros2_ws/install/my_turtlebot_node:/home/yuzhe/ros2_ws/install/my_test:/opt/ros/humble /usr/bin/cmake --install /home/yuzhe/omx_ws/build/robotis_manipulator
[0.566s] -- Install configuration: ""
[0.566s] -- Execute custom install script
[0.567s] -- Symlinking: /home/yuzhe/omx_ws/install/robotis_manipulator/lib/librobotis_manipulator.so
[0.573s] -- Symlinking: /home/yuzhe/omx_ws/install/robotis_manipulator/include//robotis_manipulator/robotis_manipulator.h
[0.577s] -- Symlinking: /home/yuzhe/omx_ws/install/robotis_manipulator/include//robotis_manipulator/robotis_manipulator_common.h
[0.584s] -- Symlinking: /home/yuzhe/omx_ws/install/robotis_manipulator/include//robotis_manipulator/robotis_manipulator_log.h
[0.590s] -- Symlinking: /home/yuzhe/omx_ws/install/robotis_manipulator/include//robotis_manipulator/robotis_manipulator_manager.h
[0.596s] -- Symlinking: /home/yuzhe/omx_ws/install/robotis_manipulator/include//robotis_manipulator/robotis_manipulator_math.h
[0.602s] -- Symlinking: /home/yuzhe/omx_ws/install/robotis_manipulator/include//robotis_manipulator/robotis_manipulator_trajectory_generator.h
[0.607s] -- Symlinking: /home/yuzhe/omx_ws/install/robotis_manipulator/share/robotis_manipulator/environment/library_path.sh
[0.611s] -- Symlinking: /home/yuzhe/omx_ws/install/robotis_manipulator/share/robotis_manipulator/environment/library_path.dsv
[0.616s] -- Symlinking: /home/yuzhe/omx_ws/install/robotis_manipulator/share/ament_index/resource_index/package_run_dependencies/robotis_manipulator
[0.622s] -- Symlinking: /home/yuzhe/omx_ws/install/robotis_manipulator/share/ament_index/resource_index/parent_prefix_path/robotis_manipulator
[0.628s] -- Symlinking: /home/yuzhe/omx_ws/install/robotis_manipulator/share/robotis_manipulator/environment/ament_prefix_path.sh
[0.633s] -- Symlinking: /home/yuzhe/omx_ws/install/robotis_manipulator/share/robotis_manipulator/environment/ament_prefix_path.dsv
[0.638s] -- Symlinking: /home/yuzhe/omx_ws/install/robotis_manipulator/share/robotis_manipulator/environment/path.sh
[0.644s] -- Symlinking: /home/yuzhe/omx_ws/install/robotis_manipulator/share/robotis_manipulator/environment/path.dsv
[0.650s] -- Symlinking: /home/yuzhe/omx_ws/install/robotis_manipulator/share/robotis_manipulator/local_setup.bash
[0.655s] -- Symlinking: /home/yuzhe/omx_ws/install/robotis_manipulator/share/robotis_manipulator/local_setup.sh
[0.659s] -- Symlinking: /home/yuzhe/omx_ws/install/robotis_manipulator/share/robotis_manipulator/local_setup.zsh
[0.665s] -- Symlinking: /home/yuzhe/omx_ws/install/robotis_manipulator/share/robotis_manipulator/local_setup.dsv
[0.670s] -- Symlinking: /home/yuzhe/omx_ws/install/robotis_manipulator/share/robotis_manipulator/package.dsv
[0.675s] -- Symlinking: /home/yuzhe/omx_ws/install/robotis_manipulator/share/ament_index/resource_index/packages/robotis_manipulator
[0.681s] -- Symlinking: /home/yuzhe/omx_ws/install/robotis_manipulator/share/robotis_manipulator/cmake/ament_cmake_export_include_directories-extras.cmake
[0.688s] -- Symlinking: /home/yuzhe/omx_ws/install/robotis_manipulator/share/robotis_manipulator/cmake/ament_cmake_export_dependencies-extras.cmake
[0.692s] -- Symlinking: /home/yuzhe/omx_ws/install/robotis_manipulator/share/robotis_manipulator/cmake/ament_cmake_export_libraries-extras.cmake
[0.697s] -- Symlinking: /home/yuzhe/omx_ws/install/robotis_manipulator/share/robotis_manipulator/cmake/robotis_manipulatorConfig.cmake
[0.703s] -- Symlinking: /home/yuzhe/omx_ws/install/robotis_manipulator/share/robotis_manipulator/cmake/robotis_manipulatorConfig-version.cmake
[0.708s] -- Symlinking: /home/yuzhe/omx_ws/install/robotis_manipulator/share/robotis_manipulator/package.xml
[0.715s] Invoked command in '/home/yuzhe/omx_ws/build/robotis_manipulator' returned '0': CMAKE_PREFIX_PATH=${CMAKE_PREFIX_PATH}:/home/yuzhe/ros2_ws/install/py_pubsub:/home/yuzhe/ros2_ws/install/open_manipulator_x_teleop:/home/yuzhe/ros2_ws/install/my_turtlebot_node:/home/yuzhe/ros2_ws/install/my_test:/opt/ros/humble /usr/bin/cmake --install /home/yuzhe/omx_ws/build/robotis_manipulator
