[0.011s] Invoking command in '/home/yuzhe/omx_ws/build/robotis_manipulator': CMAKE_PREFIX_PATH=${CMAKE_PREFIX_PATH}:/home/yuzhe/omx_ws/install/open_manipulator_x_teleop:/opt/ros/humble /usr/bin/cmake /home/yuzhe/omx_ws/src/robotis_manipulator -DCMAKE_INSTALL_PREFIX=/home/yuzhe/omx_ws/install/robotis_manipulator
[0.029s] -- Found ament_cmake: 1.3.12 (/opt/ros/humble/share/ament_cmake/cmake)
[0.124s] -- Override CMake install command with custom implementation using symlinks instead of copying resources
[0.136s] -- Found rclcpp: 16.0.14 (/opt/ros/humble/share/rclcpp/cmake)
[0.162s] -- Found rosidl_generator_c: 3.1.7 (/opt/ros/humble/share/rosidl_generator_c/cmake)
[0.164s] -- Found rosidl_adapter: 3.1.7 (/opt/ros/humble/share/rosidl_adapter/cmake)
[0.171s] -- Found rosidl_generator_cpp: 3.1.7 (/opt/ros/humble/share/rosidl_generator_cpp/cmake)
[0.180s] -- Using all available rosidl_typesupport_c: rosidl_typesupport_fastrtps_c;rosidl_typesupport_introspection_c
[0.192s] -- Using all available rosidl_typesupport_cpp: rosidl_typesupport_fastrtps_cpp;rosidl_typesupport_introspection_cpp
[0.225s] -- Found rmw_implementation_cmake: 6.1.2 (/opt/ros/humble/share/rmw_implementation_cmake/cmake)
[0.227s] -- Found rmw_fastrtps_cpp: 6.2.8 (/opt/ros/humble/share/rmw_fastrtps_cpp/cmake)
[0.318s] -- Using RMW implementation 'rmw_fastrtps_cpp' as default
[0.420s] -- Configuring done
[0.430s] -- Generating done
[0.432s] -- Build files have been written to: /home/yuzhe/omx_ws/build/robotis_manipulator
[0.439s] Invoked command in '/home/yuzhe/omx_ws/build/robotis_manipulator' returned '0': CMAKE_PREFIX_PATH=${CMAKE_PREFIX_PATH}:/home/yuzhe/omx_ws/install/open_manipulator_x_teleop:/opt/ros/humble /usr/bin/cmake /home/yuzhe/omx_ws/src/robotis_manipulator -DCMAKE_INSTALL_PREFIX=/home/yuzhe/omx_ws/install/robotis_manipulator
[0.439s] Invoking command in '/home/yuzhe/omx_ws/build/robotis_manipulator': CMAKE_PREFIX_PATH=${CMAKE_PREFIX_PATH}:/home/yuzhe/omx_ws/install/open_manipulator_x_teleop:/opt/ros/humble /usr/bin/cmake --build /home/yuzhe/omx_ws/build/robotis_manipulator -- -j20 -l20
[0.469s] [35m[1mConsolidate compiler generated dependencies of target robotis_manipulator[0m
[0.492s] [100%] Built target robotis_manipulator
[0.500s] Invoked command in '/home/yuzhe/omx_ws/build/robotis_manipulator' returned '0': CMAKE_PREFIX_PATH=${CMAKE_PREFIX_PATH}:/home/yuzhe/omx_ws/install/open_manipulator_x_teleop:/opt/ros/humble /usr/bin/cmake --build /home/yuzhe/omx_ws/build/robotis_manipulator -- -j20 -l20
[0.502s] Invoking command in '/home/yuzhe/omx_ws/build/robotis_manipulator': CMAKE_PREFIX_PATH=${CMAKE_PREFIX_PATH}:/home/yuzhe/omx_ws/install/open_manipulator_x_teleop:/opt/ros/humble /usr/bin/cmake --install /home/yuzhe/omx_ws/build/robotis_manipulator
[0.508s] -- Install configuration: ""
[0.508s] -- Execute custom install script
[0.508s] -- Up-to-date symlink: /home/yuzhe/omx_ws/install/robotis_manipulator/lib/librobotis_manipulator.so
[0.509s] -- Up-to-date symlink: /home/yuzhe/omx_ws/install/robotis_manipulator/include//robotis_manipulator/robotis_manipulator.h
[0.509s] -- Up-to-date symlink: /home/yuzhe/omx_ws/install/robotis_manipulator/include//robotis_manipulator/robotis_manipulator_common.h
[0.509s] -- Up-to-date symlink: /home/yuzhe/omx_ws/install/robotis_manipulator/include//robotis_manipulator/robotis_manipulator_log.h
[0.509s] -- Up-to-date symlink: /home/yuzhe/omx_ws/install/robotis_manipulator/include//robotis_manipulator/robotis_manipulator_manager.h
[0.509s] -- Up-to-date symlink: /home/yuzhe/omx_ws/install/robotis_manipulator/include//robotis_manipulator/robotis_manipulator_math.h
[0.510s] -- Up-to-date symlink: /home/yuzhe/omx_ws/install/robotis_manipulator/include//robotis_manipulator/robotis_manipulator_trajectory_generator.h
[0.510s] -- Up-to-date symlink: /home/yuzhe/omx_ws/install/robotis_manipulator/share/robotis_manipulator/environment/library_path.sh
[0.510s] -- Up-to-date symlink: /home/yuzhe/omx_ws/install/robotis_manipulator/share/robotis_manipulator/environment/library_path.dsv
[0.510s] -- Up-to-date symlink: /home/yuzhe/omx_ws/install/robotis_manipulator/share/ament_index/resource_index/package_run_dependencies/robotis_manipulator
[0.510s] -- Up-to-date symlink: /home/yuzhe/omx_ws/install/robotis_manipulator/share/ament_index/resource_index/parent_prefix_path/robotis_manipulator
[0.510s] -- Up-to-date symlink: /home/yuzhe/omx_ws/install/robotis_manipulator/share/robotis_manipulator/environment/ament_prefix_path.sh
[0.510s] -- Up-to-date symlink: /home/yuzhe/omx_ws/install/robotis_manipulator/share/robotis_manipulator/environment/ament_prefix_path.dsv
[0.511s] -- Up-to-date symlink: /home/yuzhe/omx_ws/install/robotis_manipulator/share/robotis_manipulator/environment/path.sh
[0.511s] -- Up-to-date symlink: /home/yuzhe/omx_ws/install/robotis_manipulator/share/robotis_manipulator/environment/path.dsv
[0.511s] -- Up-to-date symlink: /home/yuzhe/omx_ws/install/robotis_manipulator/share/robotis_manipulator/local_setup.bash
[0.511s] -- Up-to-date symlink: /home/yuzhe/omx_ws/install/robotis_manipulator/share/robotis_manipulator/local_setup.sh
[0.511s] -- Up-to-date symlink: /home/yuzhe/omx_ws/install/robotis_manipulator/share/robotis_manipulator/local_setup.zsh
[0.511s] -- Up-to-date symlink: /home/yuzhe/omx_ws/install/robotis_manipulator/share/robotis_manipulator/local_setup.dsv
[0.511s] -- Symlinking: /home/yuzhe/omx_ws/install/robotis_manipulator/share/robotis_manipulator/package.dsv
[0.518s] -- Up-to-date symlink: /home/yuzhe/omx_ws/install/robotis_manipulator/share/ament_index/resource_index/packages/robotis_manipulator
[0.519s] -- Up-to-date symlink: /home/yuzhe/omx_ws/install/robotis_manipulator/share/robotis_manipulator/cmake/ament_cmake_export_include_directories-extras.cmake
[0.519s] -- Up-to-date symlink: /home/yuzhe/omx_ws/install/robotis_manipulator/share/robotis_manipulator/cmake/ament_cmake_export_dependencies-extras.cmake
[0.519s] -- Up-to-date symlink: /home/yuzhe/omx_ws/install/robotis_manipulator/share/robotis_manipulator/cmake/ament_cmake_export_libraries-extras.cmake
[0.519s] -- Up-to-date symlink: /home/yuzhe/omx_ws/install/robotis_manipulator/share/robotis_manipulator/cmake/robotis_manipulatorConfig.cmake
[0.520s] -- Up-to-date symlink: /home/yuzhe/omx_ws/install/robotis_manipulator/share/robotis_manipulator/cmake/robotis_manipulatorConfig-version.cmake
[0.520s] -- Up-to-date symlink: /home/yuzhe/omx_ws/install/robotis_manipulator/share/robotis_manipulator/package.xml
[0.521s] Invoked command in '/home/yuzhe/omx_ws/build/robotis_manipulator' returned '0': CMAKE_PREFIX_PATH=${CMAKE_PREFIX_PATH}:/home/yuzhe/omx_ws/install/open_manipulator_x_teleop:/opt/ros/humble /usr/bin/cmake --install /home/yuzhe/omx_ws/build/robotis_manipulator
