-- Found ament_cmake: 1.3.12 (/opt/ros/humble/share/ament_cmake/cmake)
-- Override CMake install command with custom implementation using symlinks instead of copying resources
-- Found dynamixel_workbench_toolbox: 2.2.5 (/opt/ros/humble/share/dynamixel_workbench_toolbox/cmake)
-- Found rclcpp: 16.0.14 (/opt/ros/humble/share/rclcpp/cmake)
-- Found rosidl_generator_c: 3.1.7 (/opt/ros/humble/share/rosidl_generator_c/cmake)
-- Found rosidl_adapter: 3.1.7 (/opt/ros/humble/share/rosidl_adapter/cmake)
-- Found rosidl_generator_cpp: 3.1.7 (/opt/ros/humble/share/rosidl_generator_cpp/cmake)
-- Using all available rosidl_typesupport_c: rosidl_typesupport_fastrtps_c;rosidl_typesupport_introspection_c
-- Using all available rosidl_typesupport_cpp: rosidl_typesupport_fastrtps_cpp;rosidl_typesupport_introspection_cpp
-- Found rmw_implementation_cmake: 6.1.2 (/opt/ros/humble/share/rmw_implementation_cmake/cmake)
-- Found rmw_fastrtps_cpp: 6.2.8 (/opt/ros/humble/share/rmw_fastrtps_cpp/cmake)
-- Using RMW implementation 'rmw_fastrtps_cpp' as default
-- Found robotis_manipulator: 1.0.0 (/home/yuzhe/omx_ws/install/robotis_manipulator/share/robotis_manipulator/cmake)
-- Configuring done
-- Generating done
-- Build files have been written to: /home/yuzhe/omx_ws/build/open_manipulator_x_libs
[35m[1mConsolidate compiler generated dependencies of target open_manipulator_x_libs[0m
[100%] Built target open_manipulator_x_libs
-- Install configuration: ""
-- Execute custom install script
-- Symlinking: /home/yuzhe/omx_ws/install/open_manipulator_x_libs/lib/libopen_manipulator_x_libs.so
-- Symlinking: /home/yuzhe/omx_ws/install/open_manipulator_x_libs/include//open_manipulator_x_libs/custom_trajectory.hpp
-- Symlinking: /home/yuzhe/omx_ws/install/open_manipulator_x_libs/include//open_manipulator_x_libs/dynamixel.hpp
-- Symlinking: /home/yuzhe/omx_ws/install/open_manipulator_x_libs/include//open_manipulator_x_libs/kinematics.hpp
-- Symlinking: /home/yuzhe/omx_ws/install/open_manipulator_x_libs/include//open_manipulator_x_libs/open_manipulator_x.hpp
-- Symlinking: /home/yuzhe/omx_ws/install/open_manipulator_x_libs/share/open_manipulator_x_libs/environment/library_path.sh
-- Symlinking: /home/yuzhe/omx_ws/install/open_manipulator_x_libs/share/open_manipulator_x_libs/environment/library_path.dsv
-- Symlinking: /home/yuzhe/omx_ws/install/open_manipulator_x_libs/share/ament_index/resource_index/package_run_dependencies/open_manipulator_x_libs
-- Symlinking: /home/yuzhe/omx_ws/install/open_manipulator_x_libs/share/ament_index/resource_index/parent_prefix_path/open_manipulator_x_libs
-- Symlinking: /home/yuzhe/omx_ws/install/open_manipulator_x_libs/share/open_manipulator_x_libs/environment/ament_prefix_path.sh
-- Symlinking: /home/yuzhe/omx_ws/install/open_manipulator_x_libs/share/open_manipulator_x_libs/environment/ament_prefix_path.dsv
-- Symlinking: /home/yuzhe/omx_ws/install/open_manipulator_x_libs/share/open_manipulator_x_libs/environment/path.sh
-- Symlinking: /home/yuzhe/omx_ws/install/open_manipulator_x_libs/share/open_manipulator_x_libs/environment/path.dsv
-- Symlinking: /home/yuzhe/omx_ws/install/open_manipulator_x_libs/share/open_manipulator_x_libs/local_setup.bash
-- Symlinking: /home/yuzhe/omx_ws/install/open_manipulator_x_libs/share/open_manipulator_x_libs/local_setup.sh
-- Symlinking: /home/yuzhe/omx_ws/install/open_manipulator_x_libs/share/open_manipulator_x_libs/local_setup.zsh
-- Symlinking: /home/yuzhe/omx_ws/install/open_manipulator_x_libs/share/open_manipulator_x_libs/local_setup.dsv
-- Symlinking: /home/yuzhe/omx_ws/install/open_manipulator_x_libs/share/open_manipulator_x_libs/package.dsv
-- Symlinking: /home/yuzhe/omx_ws/install/open_manipulator_x_libs/share/ament_index/resource_index/packages/open_manipulator_x_libs
-- Symlinking: /home/yuzhe/omx_ws/install/open_manipulator_x_libs/share/open_manipulator_x_libs/cmake/ament_cmake_export_include_directories-extras.cmake
-- Symlinking: /home/yuzhe/omx_ws/install/open_manipulator_x_libs/share/open_manipulator_x_libs/cmake/ament_cmake_export_dependencies-extras.cmake
-- Symlinking: /home/yuzhe/omx_ws/install/open_manipulator_x_libs/share/open_manipulator_x_libs/cmake/ament_cmake_export_libraries-extras.cmake
-- Symlinking: /home/yuzhe/omx_ws/install/open_manipulator_x_libs/share/open_manipulator_x_libs/cmake/open_manipulator_x_libsConfig.cmake
-- Symlinking: /home/yuzhe/omx_ws/install/open_manipulator_x_libs/share/open_manipulator_x_libs/cmake/open_manipulator_x_libsConfig-version.cmake
-- Symlinking: /home/yuzhe/omx_ws/install/open_manipulator_x_libs/share/open_manipulator_x_libs/package.xml
