[0.008s] Invoking command in '/home/yuzhe/omx_ws/build/open_manipulator_x_libs': AMENT_PREFIX_PATH=/home/yuzhe/omx_ws/install/robotis_manipulator:${AMENT_PREFIX_PATH} CMAKE_PREFIX_PATH=/home/yuzhe/omx_ws/install/robotis_manipulator:/opt/ros/humble LD_LIBRARY_PATH=/home/yuzhe/omx_ws/install/robotis_manipulator/lib:${LD_LIBRARY_PATH} /usr/bin/cmake /home/yuzhe/omx_ws/src/open_manipulator/open_manipulator_x_libs -DAMENT_CMAKE_SYMLINK_INSTALL=1 -DCMAKE_INSTALL_PREFIX=/home/yuzhe/omx_ws/install/open_manipulator_x_libs
[0.018s] -- Found ament_cmake: 1.3.12 (/opt/ros/humble/share/ament_cmake/cmake)
[0.096s] -- Override CMake install command with custom implementation using symlinks instead of copying resources
[0.103s] -- Found dynamixel_workbench_toolbox: 2.2.5 (/opt/ros/humble/share/dynamixel_workbench_toolbox/cmake)
[0.106s] -- Found rclcpp: 16.0.14 (/opt/ros/humble/share/rclcpp/cmake)
[0.123s] -- Found rosidl_generator_c: 3.1.7 (/opt/ros/humble/share/rosidl_generator_c/cmake)
[0.125s] -- Found rosidl_adapter: 3.1.7 (/opt/ros/humble/share/rosidl_adapter/cmake)
[0.128s] -- Found rosidl_generator_cpp: 3.1.7 (/opt/ros/humble/share/rosidl_generator_cpp/cmake)
[0.135s] -- Using all available rosidl_typesupport_c: rosidl_typesupport_fastrtps_c;rosidl_typesupport_introspection_c
[0.143s] -- Using all available rosidl_typesupport_cpp: rosidl_typesupport_fastrtps_cpp;rosidl_typesupport_introspection_cpp
[0.164s] -- Found rmw_implementation_cmake: 6.1.2 (/opt/ros/humble/share/rmw_implementation_cmake/cmake)
[0.165s] -- Found rmw_fastrtps_cpp: 6.2.8 (/opt/ros/humble/share/rmw_fastrtps_cpp/cmake)
[0.233s] -- Using RMW implementation 'rmw_fastrtps_cpp' as default
[0.264s] -- Found robotis_manipulator: 1.0.0 (/home/yuzhe/omx_ws/install/robotis_manipulator/share/robotis_manipulator/cmake)
[0.312s] -- Configuring done
[0.320s] -- Generating done
[0.322s] -- Build files have been written to: /home/yuzhe/omx_ws/build/open_manipulator_x_libs
[0.328s] Invoked command in '/home/yuzhe/omx_ws/build/open_manipulator_x_libs' returned '0': AMENT_PREFIX_PATH=/home/yuzhe/omx_ws/install/robotis_manipulator:${AMENT_PREFIX_PATH} CMAKE_PREFIX_PATH=/home/yuzhe/omx_ws/install/robotis_manipulator:/opt/ros/humble LD_LIBRARY_PATH=/home/yuzhe/omx_ws/install/robotis_manipulator/lib:${LD_LIBRARY_PATH} /usr/bin/cmake /home/yuzhe/omx_ws/src/open_manipulator/open_manipulator_x_libs -DAMENT_CMAKE_SYMLINK_INSTALL=1 -DCMAKE_INSTALL_PREFIX=/home/yuzhe/omx_ws/install/open_manipulator_x_libs
[0.329s] Invoking command in '/home/yuzhe/omx_ws/build/open_manipulator_x_libs': AMENT_PREFIX_PATH=/home/yuzhe/omx_ws/install/robotis_manipulator:${AMENT_PREFIX_PATH} CMAKE_PREFIX_PATH=/home/yuzhe/omx_ws/install/robotis_manipulator:/opt/ros/humble LD_LIBRARY_PATH=/home/yuzhe/omx_ws/install/robotis_manipulator/lib:${LD_LIBRARY_PATH} /usr/bin/cmake --build /home/yuzhe/omx_ws/build/open_manipulator_x_libs -- -j20 -l20
[0.360s] [35m[1mConsolidate compiler generated dependencies of target open_manipulator_x_libs[0m
[0.374s] [100%] Built target open_manipulator_x_libs
[0.381s] Invoked command in '/home/yuzhe/omx_ws/build/open_manipulator_x_libs' returned '0': AMENT_PREFIX_PATH=/home/yuzhe/omx_ws/install/robotis_manipulator:${AMENT_PREFIX_PATH} CMAKE_PREFIX_PATH=/home/yuzhe/omx_ws/install/robotis_manipulator:/opt/ros/humble LD_LIBRARY_PATH=/home/yuzhe/omx_ws/install/robotis_manipulator/lib:${LD_LIBRARY_PATH} /usr/bin/cmake --build /home/yuzhe/omx_ws/build/open_manipulator_x_libs -- -j20 -l20
[0.382s] Invoking command in '/home/yuzhe/omx_ws/build/open_manipulator_x_libs': AMENT_PREFIX_PATH=/home/yuzhe/omx_ws/install/robotis_manipulator:${AMENT_PREFIX_PATH} CMAKE_PREFIX_PATH=/home/yuzhe/omx_ws/install/robotis_manipulator:/opt/ros/humble LD_LIBRARY_PATH=/home/yuzhe/omx_ws/install/robotis_manipulator/lib:${LD_LIBRARY_PATH} /usr/bin/cmake --install /home/yuzhe/omx_ws/build/open_manipulator_x_libs
[0.389s] -- Install configuration: ""
[0.389s] -- Execute custom install script
[0.389s] -- Symlinking: /home/yuzhe/omx_ws/install/open_manipulator_x_libs/lib/libopen_manipulator_x_libs.so
[0.395s] -- Symlinking: /home/yuzhe/omx_ws/install/open_manipulator_x_libs/include//open_manipulator_x_libs/custom_trajectory.hpp
[0.403s] -- Symlinking: /home/yuzhe/omx_ws/install/open_manipulator_x_libs/include//open_manipulator_x_libs/dynamixel.hpp
[0.409s] -- Symlinking: /home/yuzhe/omx_ws/install/open_manipulator_x_libs/include//open_manipulator_x_libs/kinematics.hpp
[0.416s] -- Symlinking: /home/yuzhe/omx_ws/install/open_manipulator_x_libs/include//open_manipulator_x_libs/open_manipulator_x.hpp
[0.423s] -- Symlinking: /home/yuzhe/omx_ws/install/open_manipulator_x_libs/share/open_manipulator_x_libs/environment/library_path.sh
[0.430s] -- Symlinking: /home/yuzhe/omx_ws/install/open_manipulator_x_libs/share/open_manipulator_x_libs/environment/library_path.dsv
[0.437s] -- Symlinking: /home/yuzhe/omx_ws/install/open_manipulator_x_libs/share/ament_index/resource_index/package_run_dependencies/open_manipulator_x_libs
[0.444s] -- Symlinking: /home/yuzhe/omx_ws/install/open_manipulator_x_libs/share/ament_index/resource_index/parent_prefix_path/open_manipulator_x_libs
[0.451s] -- Symlinking: /home/yuzhe/omx_ws/install/open_manipulator_x_libs/share/open_manipulator_x_libs/environment/ament_prefix_path.sh
[0.458s] -- Symlinking: /home/yuzhe/omx_ws/install/open_manipulator_x_libs/share/open_manipulator_x_libs/environment/ament_prefix_path.dsv
[0.464s] -- Symlinking: /home/yuzhe/omx_ws/install/open_manipulator_x_libs/share/open_manipulator_x_libs/environment/path.sh
[0.470s] -- Symlinking: /home/yuzhe/omx_ws/install/open_manipulator_x_libs/share/open_manipulator_x_libs/environment/path.dsv
[0.475s] -- Symlinking: /home/yuzhe/omx_ws/install/open_manipulator_x_libs/share/open_manipulator_x_libs/local_setup.bash
[0.482s] -- Symlinking: /home/yuzhe/omx_ws/install/open_manipulator_x_libs/share/open_manipulator_x_libs/local_setup.sh
[0.488s] -- Symlinking: /home/yuzhe/omx_ws/install/open_manipulator_x_libs/share/open_manipulator_x_libs/local_setup.zsh
[0.495s] -- Symlinking: /home/yuzhe/omx_ws/install/open_manipulator_x_libs/share/open_manipulator_x_libs/local_setup.dsv
[0.501s] -- Symlinking: /home/yuzhe/omx_ws/install/open_manipulator_x_libs/share/open_manipulator_x_libs/package.dsv
[0.507s] -- Symlinking: /home/yuzhe/omx_ws/install/open_manipulator_x_libs/share/ament_index/resource_index/packages/open_manipulator_x_libs
[0.513s] -- Symlinking: /home/yuzhe/omx_ws/install/open_manipulator_x_libs/share/open_manipulator_x_libs/cmake/ament_cmake_export_include_directories-extras.cmake
[0.521s] -- Symlinking: /home/yuzhe/omx_ws/install/open_manipulator_x_libs/share/open_manipulator_x_libs/cmake/ament_cmake_export_dependencies-extras.cmake
[0.528s] -- Symlinking: /home/yuzhe/omx_ws/install/open_manipulator_x_libs/share/open_manipulator_x_libs/cmake/ament_cmake_export_libraries-extras.cmake
[0.535s] -- Symlinking: /home/yuzhe/omx_ws/install/open_manipulator_x_libs/share/open_manipulator_x_libs/cmake/open_manipulator_x_libsConfig.cmake
[0.539s] -- Symlinking: /home/yuzhe/omx_ws/install/open_manipulator_x_libs/share/open_manipulator_x_libs/cmake/open_manipulator_x_libsConfig-version.cmake
[0.547s] -- Symlinking: /home/yuzhe/omx_ws/install/open_manipulator_x_libs/share/open_manipulator_x_libs/package.xml
[0.557s] Invoked command in '/home/yuzhe/omx_ws/build/open_manipulator_x_libs' returned '0': AMENT_PREFIX_PATH=/home/yuzhe/omx_ws/install/robotis_manipulator:${AMENT_PREFIX_PATH} CMAKE_PREFIX_PATH=/home/yuzhe/omx_ws/install/robotis_manipulator:/opt/ros/humble LD_LIBRARY_PATH=/home/yuzhe/omx_ws/install/robotis_manipulator/lib:${LD_LIBRARY_PATH} /usr/bin/cmake --install /home/yuzhe/omx_ws/build/open_manipulator_x_libs
