[0.009s] Invoking command in '/home/yuzhe/omx_ws/build/open_manipulator_x_description': CMAKE_PREFIX_PATH=${CMAKE_PREFIX_PATH}:/home/yuzhe/ros2_ws/install/py_pubsub:/home/yuzhe/ros2_ws/install/open_manipulator_x_teleop:/home/yuzhe/ros2_ws/install/my_turtlebot_node:/home/yuzhe/ros2_ws/install/my_test:/opt/ros/humble /usr/bin/cmake /home/yuzhe/omx_ws/src/open_manipulator/open_manipulator_x_description -DCMAKE_INSTALL_PREFIX=/home/yuzhe/omx_ws/install/open_manipulator_x_description
[0.049s] -- The C compiler identification is GNU 11.4.0
[0.086s] -- The CXX compiler identification is GNU 11.4.0
[0.091s] -- Detecting C compiler ABI info
[0.139s] -- Detecting C compiler ABI info - done
[0.144s] -- Check for working C compiler: /usr/bin/cc - skipped
[0.144s] -- Detecting C compile features
[0.144s] -- Detecting C compile features - done
[0.146s] -- Detecting CXX compiler ABI info
[0.199s] -- Detecting CXX compiler ABI info - done
[0.206s] -- Check for working CXX compiler: /usr/bin/c++ - skipped
[0.206s] -- Detecting CXX compile features
[0.206s] -- Detecting CXX compile features - done
[0.208s] -- Found ament_cmake: 1.3.11 (/opt/ros/humble/share/ament_cmake/cmake)
[0.309s] -- Found Python3: /usr/bin/python3 (found version "3.10.12") found components: Interpreter 
[0.405s] -- Configuring done
[0.406s] -- Generating done
[0.407s] -- Build files have been written to: /home/yuzhe/omx_ws/build/open_manipulator_x_description
[0.411s] Invoked command in '/home/yuzhe/omx_ws/build/open_manipulator_x_description' returned '0': CMAKE_PREFIX_PATH=${CMAKE_PREFIX_PATH}:/home/yuzhe/ros2_ws/install/py_pubsub:/home/yuzhe/ros2_ws/install/open_manipulator_x_teleop:/home/yuzhe/ros2_ws/install/my_turtlebot_node:/home/yuzhe/ros2_ws/install/my_test:/opt/ros/humble /usr/bin/cmake /home/yuzhe/omx_ws/src/open_manipulator/open_manipulator_x_description -DCMAKE_INSTALL_PREFIX=/home/yuzhe/omx_ws/install/open_manipulator_x_description
[0.412s] Invoking command in '/home/yuzhe/omx_ws/build/open_manipulator_x_description': CMAKE_PREFIX_PATH=${CMAKE_PREFIX_PATH}:/home/yuzhe/ros2_ws/install/py_pubsub:/home/yuzhe/ros2_ws/install/open_manipulator_x_teleop:/home/yuzhe/ros2_ws/install/my_turtlebot_node:/home/yuzhe/ros2_ws/install/my_test:/opt/ros/humble /usr/bin/cmake --build /home/yuzhe/omx_ws/build/open_manipulator_x_description -- -j20 -l20
[0.440s] Invoked command in '/home/yuzhe/omx_ws/build/open_manipulator_x_description' returned '0': CMAKE_PREFIX_PATH=${CMAKE_PREFIX_PATH}:/home/yuzhe/ros2_ws/install/py_pubsub:/home/yuzhe/ros2_ws/install/open_manipulator_x_teleop:/home/yuzhe/ros2_ws/install/my_turtlebot_node:/home/yuzhe/ros2_ws/install/my_test:/opt/ros/humble /usr/bin/cmake --build /home/yuzhe/omx_ws/build/open_manipulator_x_description -- -j20 -l20
[0.448s] Invoking command in '/home/yuzhe/omx_ws/build/open_manipulator_x_description': CMAKE_PREFIX_PATH=${CMAKE_PREFIX_PATH}:/home/yuzhe/ros2_ws/install/py_pubsub:/home/yuzhe/ros2_ws/install/open_manipulator_x_teleop:/home/yuzhe/ros2_ws/install/my_turtlebot_node:/home/yuzhe/ros2_ws/install/my_test:/opt/ros/humble /usr/bin/cmake --install /home/yuzhe/omx_ws/build/open_manipulator_x_description
[0.453s] -- Install configuration: ""
[0.453s] -- Installing: /home/yuzhe/omx_ws/install/open_manipulator_x_description/share/open_manipulator_x_description/launch
[0.453s] -- Installing: /home/yuzhe/omx_ws/install/open_manipulator_x_description/share/open_manipulator_x_description/launch/.DS_Store
[0.453s] -- Installing: /home/yuzhe/omx_ws/install/open_manipulator_x_description/share/open_manipulator_x_description/launch/open_manipulator_x_rviz.launch.py
[0.453s] -- Installing: /home/yuzhe/omx_ws/install/open_manipulator_x_description/share/open_manipulator_x_description/meshes
[0.453s] -- Installing: /home/yuzhe/omx_ws/install/open_manipulator_x_description/share/open_manipulator_x_description/meshes/chain_link1.stl
[0.454s] -- Installing: /home/yuzhe/omx_ws/install/open_manipulator_x_description/share/open_manipulator_x_description/meshes/chain_link3.stl
[0.454s] -- Installing: /home/yuzhe/omx_ws/install/open_manipulator_x_description/share/open_manipulator_x_description/meshes/chain_link5.stl
[0.454s] -- Installing: /home/yuzhe/omx_ws/install/open_manipulator_x_description/share/open_manipulator_x_description/meshes/chain_link_grip_l.stl
[0.455s] -- Installing: /home/yuzhe/omx_ws/install/open_manipulator_x_description/share/open_manipulator_x_description/meshes/chain_link4.stl
[0.455s] -- Installing: /home/yuzhe/omx_ws/install/open_manipulator_x_description/share/open_manipulator_x_description/meshes/chain_link2.stl
[0.455s] -- Installing: /home/yuzhe/omx_ws/install/open_manipulator_x_description/share/open_manipulator_x_description/meshes/chain_link_grip_r.stl
[0.455s] -- Installing: /home/yuzhe/omx_ws/install/open_manipulator_x_description/share/open_manipulator_x_description/rviz
[0.455s] -- Installing: /home/yuzhe/omx_ws/install/open_manipulator_x_description/share/open_manipulator_x_description/rviz/open_manipulator_x.rviz
[0.456s] -- Installing: /home/yuzhe/omx_ws/install/open_manipulator_x_description/share/open_manipulator_x_description/urdf
[0.456s] -- Installing: /home/yuzhe/omx_ws/install/open_manipulator_x_description/share/open_manipulator_x_description/urdf/open_manipulator_x.gazebo.xacro
[0.456s] -- Installing: /home/yuzhe/omx_ws/install/open_manipulator_x_description/share/open_manipulator_x_description/urdf/materials.xacro
[0.456s] -- Installing: /home/yuzhe/omx_ws/install/open_manipulator_x_description/share/open_manipulator_x_description/urdf/open_manipulator_x_robot.urdf.xacro
[0.456s] -- Installing: /home/yuzhe/omx_ws/install/open_manipulator_x_description/share/open_manipulator_x_description/urdf/open_manipulator_x.urdf.xacro
[0.456s] -- Installing: /home/yuzhe/omx_ws/install/open_manipulator_x_description/share/open_manipulator_x_description/urdf/open_manipulator_x.transmission.xacro
[0.456s] -- Installing: /home/yuzhe/omx_ws/install/open_manipulator_x_description/share/ament_index/resource_index/package_run_dependencies/open_manipulator_x_description
[0.456s] -- Installing: /home/yuzhe/omx_ws/install/open_manipulator_x_description/share/ament_index/resource_index/parent_prefix_path/open_manipulator_x_description
[0.456s] -- Installing: /home/yuzhe/omx_ws/install/open_manipulator_x_description/share/open_manipulator_x_description/environment/ament_prefix_path.sh
[0.456s] -- Installing: /home/yuzhe/omx_ws/install/open_manipulator_x_description/share/open_manipulator_x_description/environment/ament_prefix_path.dsv
[0.456s] -- Installing: /home/yuzhe/omx_ws/install/open_manipulator_x_description/share/open_manipulator_x_description/environment/path.sh
[0.456s] -- Installing: /home/yuzhe/omx_ws/install/open_manipulator_x_description/share/open_manipulator_x_description/environment/path.dsv
[0.456s] -- Installing: /home/yuzhe/omx_ws/install/open_manipulator_x_description/share/open_manipulator_x_description/local_setup.bash
[0.456s] -- Installing: /home/yuzhe/omx_ws/install/open_manipulator_x_description/share/open_manipulator_x_description/local_setup.sh
[0.456s] -- Installing: /home/yuzhe/omx_ws/install/open_manipulator_x_description/share/open_manipulator_x_description/local_setup.zsh
[0.456s] -- Installing: /home/yuzhe/omx_ws/install/open_manipulator_x_description/share/open_manipulator_x_description/local_setup.dsv
[0.456s] -- Installing: /home/yuzhe/omx_ws/install/open_manipulator_x_description/share/open_manipulator_x_description/package.dsv
[0.456s] -- Installing: /home/yuzhe/omx_ws/install/open_manipulator_x_description/share/ament_index/resource_index/packages/open_manipulator_x_description
[0.456s] -- Installing: /home/yuzhe/omx_ws/install/open_manipulator_x_description/share/open_manipulator_x_description/cmake/open_manipulator_x_descriptionConfig.cmake
[0.456s] -- Installing: /home/yuzhe/omx_ws/install/open_manipulator_x_description/share/open_manipulator_x_description/cmake/open_manipulator_x_descriptionConfig-version.cmake
[0.456s] -- Installing: /home/yuzhe/omx_ws/install/open_manipulator_x_description/share/open_manipulator_x_description/package.xml
[0.458s] Invoked command in '/home/yuzhe/omx_ws/build/open_manipulator_x_description' returned '0': CMAKE_PREFIX_PATH=${CMAKE_PREFIX_PATH}:/home/yuzhe/ros2_ws/install/py_pubsub:/home/yuzhe/ros2_ws/install/open_manipulator_x_teleop:/home/yuzhe/ros2_ws/install/my_turtlebot_node:/home/yuzhe/ros2_ws/install/my_test:/opt/ros/humble /usr/bin/cmake --install /home/yuzhe/omx_ws/build/open_manipulator_x_description
