[0.009s] Invoking command in '/home/yuzhe/omx_ws/build/open_manipulator_x_libs': CMAKE_PREFIX_PATH=${CMAKE_PREFIX_PATH}:/home/yuzhe/my_ros2_ws/install/tb4_nav_pkg:/home/yuzhe/omx_ws/install/open_manipulator_x_teleop:/opt/ros/humble LD_LIBRARY_PATH=/home/yuzhe/omx_ws/install/robotis_manipulator/lib:/home/yuzhe/omx_ws/install/open_manipulator_x_libs/lib:/home/yuzhe/omx_ws/install/open_manipulator_msgs/lib:/opt/ros/humble/opt/rviz_ogre_vendor/lib:/opt/ros/humble/lib/x86_64-linux-gnu:/opt/ros/humble/lib /usr/bin/cmake /home/yuzhe/omx_ws/src/open_manipulator/open_manipulator_x_libs -DAMENT_CMAKE_SYMLINK_INSTALL=1 -DCMAKE_INSTALL_PREFIX=/home/yuzhe/omx_ws/install/open_manipulator_x_libs
[0.020s] -- Found ament_cmake: 1.3.12 (/opt/ros/humble/share/ament_cmake/cmake)
[0.104s] -- Override CMake install command with custom implementation using symlinks instead of copying resources
[0.108s] -- Found dynamixel_workbench_toolbox: 2.2.5 (/opt/ros/humble/share/dynamixel_workbench_toolbox/cmake)
[0.111s] -- Found rclcpp: 16.0.14 (/opt/ros/humble/share/rclcpp/cmake)
[0.127s] -- Found rosidl_generator_c: 3.1.7 (/opt/ros/humble/share/rosidl_generator_c/cmake)
[0.129s] -- Found rosidl_adapter: 3.1.7 (/opt/ros/humble/share/rosidl_adapter/cmake)
[0.132s] -- Found rosidl_generator_cpp: 3.1.7 (/opt/ros/humble/share/rosidl_generator_cpp/cmake)
[0.138s] -- Using all available rosidl_typesupport_c: rosidl_typesupport_fastrtps_c;rosidl_typesupport_introspection_c
[0.145s] -- Using all available rosidl_typesupport_cpp: rosidl_typesupport_fastrtps_cpp;rosidl_typesupport_introspection_cpp
[0.163s] -- Found rmw_implementation_cmake: 6.1.2 (/opt/ros/humble/share/rmw_implementation_cmake/cmake)
[0.164s] -- Found rmw_fastrtps_cpp: 6.2.8 (/opt/ros/humble/share/rmw_fastrtps_cpp/cmake)
[0.230s] -- Using RMW implementation 'rmw_fastrtps_cpp' as default
[0.259s] -- Found robotis_manipulator: 1.0.0 (/home/yuzhe/omx_ws/install/robotis_manipulator/share/robotis_manipulator/cmake)
[0.307s] -- Configuring done
[0.314s] -- Generating done
[0.316s] -- Build files have been written to: /home/yuzhe/omx_ws/build/open_manipulator_x_libs
[0.321s] Invoked command in '/home/yuzhe/omx_ws/build/open_manipulator_x_libs' returned '0': CMAKE_PREFIX_PATH=${CMAKE_PREFIX_PATH}:/home/yuzhe/my_ros2_ws/install/tb4_nav_pkg:/home/yuzhe/omx_ws/install/open_manipulator_x_teleop:/opt/ros/humble LD_LIBRARY_PATH=/home/yuzhe/omx_ws/install/robotis_manipulator/lib:/home/yuzhe/omx_ws/install/open_manipulator_x_libs/lib:/home/yuzhe/omx_ws/install/open_manipulator_msgs/lib:/opt/ros/humble/opt/rviz_ogre_vendor/lib:/opt/ros/humble/lib/x86_64-linux-gnu:/opt/ros/humble/lib /usr/bin/cmake /home/yuzhe/omx_ws/src/open_manipulator/open_manipulator_x_libs -DAMENT_CMAKE_SYMLINK_INSTALL=1 -DCMAKE_INSTALL_PREFIX=/home/yuzhe/omx_ws/install/open_manipulator_x_libs
[0.322s] Invoking command in '/home/yuzhe/omx_ws/build/open_manipulator_x_libs': CMAKE_PREFIX_PATH=${CMAKE_PREFIX_PATH}:/home/yuzhe/my_ros2_ws/install/tb4_nav_pkg:/home/yuzhe/omx_ws/install/open_manipulator_x_teleop:/opt/ros/humble LD_LIBRARY_PATH=/home/yuzhe/omx_ws/install/robotis_manipulator/lib:/home/yuzhe/omx_ws/install/open_manipulator_x_libs/lib:/home/yuzhe/omx_ws/install/open_manipulator_msgs/lib:/opt/ros/humble/opt/rviz_ogre_vendor/lib:/opt/ros/humble/lib/x86_64-linux-gnu:/opt/ros/humble/lib /usr/bin/cmake --build /home/yuzhe/omx_ws/build/open_manipulator_x_libs -- -j20 -l20
[0.354s] [35m[1mConsolidate compiler generated dependencies of target open_manipulator_x_libs[0m
[0.368s] [100%] Built target open_manipulator_x_libs
[0.377s] Invoked command in '/home/yuzhe/omx_ws/build/open_manipulator_x_libs' returned '0': CMAKE_PREFIX_PATH=${CMAKE_PREFIX_PATH}:/home/yuzhe/my_ros2_ws/install/tb4_nav_pkg:/home/yuzhe/omx_ws/install/open_manipulator_x_teleop:/opt/ros/humble LD_LIBRARY_PATH=/home/yuzhe/omx_ws/install/robotis_manipulator/lib:/home/yuzhe/omx_ws/install/open_manipulator_x_libs/lib:/home/yuzhe/omx_ws/install/open_manipulator_msgs/lib:/opt/ros/humble/opt/rviz_ogre_vendor/lib:/opt/ros/humble/lib/x86_64-linux-gnu:/opt/ros/humble/lib /usr/bin/cmake --build /home/yuzhe/omx_ws/build/open_manipulator_x_libs -- -j20 -l20
[0.379s] Invoking command in '/home/yuzhe/omx_ws/build/open_manipulator_x_libs': CMAKE_PREFIX_PATH=${CMAKE_PREFIX_PATH}:/home/yuzhe/my_ros2_ws/install/tb4_nav_pkg:/home/yuzhe/omx_ws/install/open_manipulator_x_teleop:/opt/ros/humble LD_LIBRARY_PATH=/home/yuzhe/omx_ws/install/robotis_manipulator/lib:/home/yuzhe/omx_ws/install/open_manipulator_x_libs/lib:/home/yuzhe/omx_ws/install/open_manipulator_msgs/lib:/opt/ros/humble/opt/rviz_ogre_vendor/lib:/opt/ros/humble/lib/x86_64-linux-gnu:/opt/ros/humble/lib /usr/bin/cmake --install /home/yuzhe/omx_ws/build/open_manipulator_x_libs
[0.383s] -- Install configuration: ""
[0.384s] -- Execute custom install script
[0.384s] -- Up-to-date symlink: /home/yuzhe/omx_ws/install/open_manipulator_x_libs/lib/libopen_manipulator_x_libs.so
[0.384s] -- Up-to-date symlink: /home/yuzhe/omx_ws/install/open_manipulator_x_libs/include//open_manipulator_x_libs/custom_trajectory.hpp
[0.384s] -- Up-to-date symlink: /home/yuzhe/omx_ws/install/open_manipulator_x_libs/include//open_manipulator_x_libs/dynamixel.hpp
[0.385s] -- Up-to-date symlink: /home/yuzhe/omx_ws/install/open_manipulator_x_libs/include//open_manipulator_x_libs/kinematics.hpp
[0.385s] -- Up-to-date symlink: /home/yuzhe/omx_ws/install/open_manipulator_x_libs/include//open_manipulator_x_libs/open_manipulator_x.hpp
[0.385s] -- Up-to-date symlink: /home/yuzhe/omx_ws/install/open_manipulator_x_libs/share/open_manipulator_x_libs/environment/library_path.sh
[0.385s] -- Up-to-date symlink: /home/yuzhe/omx_ws/install/open_manipulator_x_libs/share/open_manipulator_x_libs/environment/library_path.dsv
[0.385s] -- Up-to-date symlink: /home/yuzhe/omx_ws/install/open_manipulator_x_libs/share/ament_index/resource_index/package_run_dependencies/open_manipulator_x_libs
[0.385s] -- Up-to-date symlink: /home/yuzhe/omx_ws/install/open_manipulator_x_libs/share/ament_index/resource_index/parent_prefix_path/open_manipulator_x_libs
[0.385s] -- Up-to-date symlink: /home/yuzhe/omx_ws/install/open_manipulator_x_libs/share/open_manipulator_x_libs/environment/ament_prefix_path.sh
[0.385s] -- Up-to-date symlink: /home/yuzhe/omx_ws/install/open_manipulator_x_libs/share/open_manipulator_x_libs/environment/ament_prefix_path.dsv
[0.385s] -- Up-to-date symlink: /home/yuzhe/omx_ws/install/open_manipulator_x_libs/share/open_manipulator_x_libs/environment/path.sh
[0.385s] -- Up-to-date symlink: /home/yuzhe/omx_ws/install/open_manipulator_x_libs/share/open_manipulator_x_libs/environment/path.dsv
[0.386s] -- Up-to-date symlink: /home/yuzhe/omx_ws/install/open_manipulator_x_libs/share/open_manipulator_x_libs/local_setup.bash
[0.386s] -- Up-to-date symlink: /home/yuzhe/omx_ws/install/open_manipulator_x_libs/share/open_manipulator_x_libs/local_setup.sh
[0.386s] -- Up-to-date symlink: /home/yuzhe/omx_ws/install/open_manipulator_x_libs/share/open_manipulator_x_libs/local_setup.zsh
[0.386s] -- Up-to-date symlink: /home/yuzhe/omx_ws/install/open_manipulator_x_libs/share/open_manipulator_x_libs/local_setup.dsv
[0.386s] -- Symlinking: /home/yuzhe/omx_ws/install/open_manipulator_x_libs/share/open_manipulator_x_libs/package.dsv
[0.392s] -- Up-to-date symlink: /home/yuzhe/omx_ws/install/open_manipulator_x_libs/share/ament_index/resource_index/packages/open_manipulator_x_libs
[0.392s] -- Up-to-date symlink: /home/yuzhe/omx_ws/install/open_manipulator_x_libs/share/open_manipulator_x_libs/cmake/ament_cmake_export_include_directories-extras.cmake
[0.392s] -- Up-to-date symlink: /home/yuzhe/omx_ws/install/open_manipulator_x_libs/share/open_manipulator_x_libs/cmake/ament_cmake_export_dependencies-extras.cmake
[0.392s] -- Up-to-date symlink: /home/yuzhe/omx_ws/install/open_manipulator_x_libs/share/open_manipulator_x_libs/cmake/ament_cmake_export_libraries-extras.cmake
[0.393s] -- Up-to-date symlink: /home/yuzhe/omx_ws/install/open_manipulator_x_libs/share/open_manipulator_x_libs/cmake/open_manipulator_x_libsConfig.cmake
[0.393s] -- Up-to-date symlink: /home/yuzhe/omx_ws/install/open_manipulator_x_libs/share/open_manipulator_x_libs/cmake/open_manipulator_x_libsConfig-version.cmake
[0.393s] -- Up-to-date symlink: /home/yuzhe/omx_ws/install/open_manipulator_x_libs/share/open_manipulator_x_libs/package.xml
[0.395s] Invoked command in '/home/yuzhe/omx_ws/build/open_manipulator_x_libs' returned '0': CMAKE_PREFIX_PATH=${CMAKE_PREFIX_PATH}:/home/yuzhe/my_ros2_ws/install/tb4_nav_pkg:/home/yuzhe/omx_ws/install/open_manipulator_x_teleop:/opt/ros/humble LD_LIBRARY_PATH=/home/yuzhe/omx_ws/install/robotis_manipulator/lib:/home/yuzhe/omx_ws/install/open_manipulator_x_libs/lib:/home/yuzhe/omx_ws/install/open_manipulator_msgs/lib:/opt/ros/humble/opt/rviz_ogre_vendor/lib:/opt/ros/humble/lib/x86_64-linux-gnu:/opt/ros/humble/lib /usr/bin/cmake --install /home/yuzhe/omx_ws/build/open_manipulator_x_libs
