running egg_info
writing build/tb4_nav_pkg/tb4_nav_pkg.egg-info/PKG-INFO
writing dependency_links to build/tb4_nav_pkg/tb4_nav_pkg.egg-info/dependency_links.txt
writing entry points to build/tb4_nav_pkg/tb4_nav_pkg.egg-info/entry_points.txt
writing requirements to build/tb4_nav_pkg/tb4_nav_pkg.egg-info/requires.txt
writing top-level names to build/tb4_nav_pkg/tb4_nav_pkg.egg-info/top_level.txt
reading manifest file 'build/tb4_nav_pkg/tb4_nav_pkg.egg-info/SOURCES.txt'
writing manifest file 'build/tb4_nav_pkg/tb4_nav_pkg.egg-info/SOURCES.txt'
running build
running build_py
copying tb4_nav_pkg/navigate_and_forward.py -> /home/yuzhe/my_ros2_ws/src/tb4_nav_pkg/build/tb4_nav_pkg/build/lib/tb4_nav_pkg
running install
running install_lib
copying /home/yuzhe/my_ros2_ws/src/tb4_nav_pkg/build/tb4_nav_pkg/build/lib/tb4_nav_pkg/navigate_and_forward.py -> /home/yuzhe/my_ros2_ws/src/tb4_nav_pkg/install/tb4_nav_pkg/lib/python3.10/site-packages/tb4_nav_pkg
byte-compiling /home/yuzhe/my_ros2_ws/src/tb4_nav_pkg/install/tb4_nav_pkg/lib/python3.10/site-packages/tb4_nav_pkg/navigate_and_forward.py to navigate_and_forward.cpython-310.pyc
running install_data
running install_egg_info
removing '/home/yuzhe/my_ros2_ws/src/tb4_nav_pkg/install/tb4_nav_pkg/lib/python3.10/site-packages/tb4_nav_pkg-0.0.0-py3.10.egg-info' (and everything under it)
Copying build/tb4_nav_pkg/tb4_nav_pkg.egg-info to /home/yuzhe/my_ros2_ws/src/tb4_nav_pkg/install/tb4_nav_pkg/lib/python3.10/site-packages/tb4_nav_pkg-0.0.0-py3.10.egg-info
running install_scripts
Installing 0725 script to /home/yuzhe/my_ros2_ws/src/tb4_nav_pkg/install/tb4_nav_pkg/lib/tb4_nav_pkg
Installing navigate_and_forward script to /home/yuzhe/my_ros2_ws/src/tb4_nav_pkg/install/tb4_nav_pkg/lib/tb4_nav_pkg
writing list of installed files to '/home/yuzhe/my_ros2_ws/src/tb4_nav_pkg/build/tb4_nav_pkg/install.log'
