[0.079s] DEBUG:colcon:Command line arguments: ['/usr/bin/colcon', 'build']
[0.079s] DEBUG:colcon:Parsed command line arguments: Namespace(log_base=None, log_level=None, verb_name='build', build_base='build', install_base='install', merge_install=False, symlink_install=False, test_result_base=None, continue_on_error=False, executor='parallel', parallel_workers=20, event_handlers=None, ignore_user_meta=False, metas=['./colcon.meta'], base_paths=['.'], packages_ignore=None, packages_ignore_regex=None, paths=None, packages_up_to=None, packages_up_to_regex=None, packages_above=None, packages_above_and_dependencies=None, packages_above_depth=None, packages_select_by_dep=None, packages_skip_by_dep=None, packages_skip_up_to=None, packages_select_build_failed=False, packages_skip_build_finished=False, packages_select_test_failures=False, packages_skip_test_passed=False, packages_select=None, packages_skip=None, packages_select_regex=None, packages_skip_regex=None, packages_start=None, packages_end=None, allow_overriding=[], cmake_args=None, cmake_target=None, cmake_target_skip_unavailable=False, cmake_clean_cache=False, cmake_clean_first=False, cmake_force_configure=False, ament_cmake_args=None, catkin_cmake_args=None, catkin_skip_building_tests=False, mixin_files=None, mixin=None, verb_parser=<colcon_mixin.mixin.mixin_argument.MixinArgumentDecorator object at 0x771fa824e6e0>, verb_extension=<colcon_core.verb.build.BuildVerb object at 0x771fa824e140>, main=<bound method BuildVerb.main of <colcon_core.verb.build.BuildVerb object at 0x771fa824e140>>, mixin_verb=('build',))
[0.178s] Level 1:colcon.colcon_core.package_discovery:discover_packages(colcon_meta) check parameters
[0.178s] Level 1:colcon.colcon_core.package_discovery:discover_packages(recursive) check parameters
[0.178s] Level 1:colcon.colcon_core.package_discovery:discover_packages(ignore) check parameters
[0.178s] Level 1:colcon.colcon_core.package_discovery:discover_packages(path) check parameters
[0.178s] Level 1:colcon.colcon_core.package_discovery:discover_packages(colcon_meta) discover
[0.178s] Level 1:colcon.colcon_core.package_discovery:discover_packages(recursive) discover
[0.178s] INFO:colcon.colcon_core.package_discovery:Crawling recursively for packages in '/home/yuzhe/omx_ws'
[0.178s] Level 1:colcon.colcon_core.package_identification:_identify(.) by extensions ['ignore', 'ignore_ament_install']
[0.178s] Level 1:colcon.colcon_core.package_identification:_identify(.) by extension 'ignore'
[0.179s] Level 1:colcon.colcon_core.package_identification:_identify(.) by extension 'ignore_ament_install'
[0.179s] Level 1:colcon.colcon_core.package_identification:_identify(.) by extensions ['colcon_pkg']
[0.179s] Level 1:colcon.colcon_core.package_identification:_identify(.) by extension 'colcon_pkg'
[0.179s] Level 1:colcon.colcon_core.package_identification:_identify(.) by extensions ['colcon_meta']
[0.179s] Level 1:colcon.colcon_core.package_identification:_identify(.) by extension 'colcon_meta'
[0.179s] Level 1:colcon.colcon_core.package_identification:_identify(.) by extensions ['ros']
[0.179s] Level 1:colcon.colcon_core.package_identification:_identify(.) by extension 'ros'
[0.186s] Level 1:colcon.colcon_core.package_identification:_identify(.) by extensions ['cmake', 'python']
[0.186s] Level 1:colcon.colcon_core.package_identification:_identify(.) by extension 'cmake'
[0.186s] Level 1:colcon.colcon_core.package_identification:_identify(.) by extension 'python'
[0.186s] Level 1:colcon.colcon_core.package_identification:_identify(.) by extensions ['python_setup_py']
[0.186s] Level 1:colcon.colcon_core.package_identification:_identify(.) by extension 'python_setup_py'
[0.186s] Level 1:colcon.colcon_core.package_identification:_identify(build) by extensions ['ignore', 'ignore_ament_install']
[0.186s] Level 1:colcon.colcon_core.package_identification:_identify(build) by extension 'ignore'
[0.186s] Level 1:colcon.colcon_core.package_identification:_identify(build) ignored
[0.186s] Level 1:colcon.colcon_core.package_identification:_identify(install) by extensions ['ignore', 'ignore_ament_install']
[0.186s] Level 1:colcon.colcon_core.package_identification:_identify(install) by extension 'ignore'
[0.186s] Level 1:colcon.colcon_core.package_identification:_identify(install) ignored
[0.186s] Level 1:colcon.colcon_core.package_identification:_identify(log) by extensions ['ignore', 'ignore_ament_install']
[0.186s] Level 1:colcon.colcon_core.package_identification:_identify(log) by extension 'ignore'
[0.186s] Level 1:colcon.colcon_core.package_identification:_identify(log) ignored
[0.186s] Level 1:colcon.colcon_core.package_identification:_identify(src) by extensions ['ignore', 'ignore_ament_install']
[0.186s] Level 1:colcon.colcon_core.package_identification:_identify(src) by extension 'ignore'
[0.186s] Level 1:colcon.colcon_core.package_identification:_identify(src) by extension 'ignore_ament_install'
[0.187s] Level 1:colcon.colcon_core.package_identification:_identify(src) by extensions ['colcon_pkg']
[0.187s] Level 1:colcon.colcon_core.package_identification:_identify(src) by extension 'colcon_pkg'
[0.187s] Level 1:colcon.colcon_core.package_identification:_identify(src) by extensions ['colcon_meta']
[0.187s] Level 1:colcon.colcon_core.package_identification:_identify(src) by extension 'colcon_meta'
[0.187s] Level 1:colcon.colcon_core.package_identification:_identify(src) by extensions ['ros']
[0.187s] Level 1:colcon.colcon_core.package_identification:_identify(src) by extension 'ros'
[0.187s] Level 1:colcon.colcon_core.package_identification:_identify(src) by extensions ['cmake', 'python']
[0.187s] Level 1:colcon.colcon_core.package_identification:_identify(src) by extension 'cmake'
[0.187s] Level 1:colcon.colcon_core.package_identification:_identify(src) by extension 'python'
[0.187s] Level 1:colcon.colcon_core.package_identification:_identify(src) by extensions ['python_setup_py']
[0.187s] Level 1:colcon.colcon_core.package_identification:_identify(src) by extension 'python_setup_py'
[0.187s] Level 1:colcon.colcon_core.package_identification:_identify(src/open_manipulator) by extensions ['ignore', 'ignore_ament_install']
[0.187s] Level 1:colcon.colcon_core.package_identification:_identify(src/open_manipulator) by extension 'ignore'
[0.187s] Level 1:colcon.colcon_core.package_identification:_identify(src/open_manipulator) by extension 'ignore_ament_install'
[0.187s] Level 1:colcon.colcon_core.package_identification:_identify(src/open_manipulator) by extensions ['colcon_pkg']
[0.187s] Level 1:colcon.colcon_core.package_identification:_identify(src/open_manipulator) by extension 'colcon_pkg'
[0.187s] Level 1:colcon.colcon_core.package_identification:_identify(src/open_manipulator) by extensions ['colcon_meta']
[0.187s] Level 1:colcon.colcon_core.package_identification:_identify(src/open_manipulator) by extension 'colcon_meta'
[0.187s] Level 1:colcon.colcon_core.package_identification:_identify(src/open_manipulator) by extensions ['ros']
[0.187s] Level 1:colcon.colcon_core.package_identification:_identify(src/open_manipulator) by extension 'ros'
[0.187s] Level 1:colcon.colcon_core.package_identification:_identify(src/open_manipulator) by extensions ['cmake', 'python']
[0.187s] Level 1:colcon.colcon_core.package_identification:_identify(src/open_manipulator) by extension 'cmake'
[0.187s] Level 1:colcon.colcon_core.package_identification:_identify(src/open_manipulator) by extension 'python'
[0.187s] Level 1:colcon.colcon_core.package_identification:_identify(src/open_manipulator) by extensions ['python_setup_py']
[0.187s] Level 1:colcon.colcon_core.package_identification:_identify(src/open_manipulator) by extension 'python_setup_py'
[0.187s] Level 1:colcon.colcon_core.package_identification:_identify(src/open_manipulator/build) by extensions ['ignore', 'ignore_ament_install']
[0.187s] Level 1:colcon.colcon_core.package_identification:_identify(src/open_manipulator/build) by extension 'ignore'
[0.187s] Level 1:colcon.colcon_core.package_identification:_identify(src/open_manipulator/build) ignored
[0.187s] Level 1:colcon.colcon_core.package_identification:_identify(src/open_manipulator/install) by extensions ['ignore', 'ignore_ament_install']
[0.187s] Level 1:colcon.colcon_core.package_identification:_identify(src/open_manipulator/install) by extension 'ignore'
[0.187s] Level 1:colcon.colcon_core.package_identification:_identify(src/open_manipulator/install) ignored
[0.187s] Level 1:colcon.colcon_core.package_identification:_identify(src/open_manipulator/log) by extensions ['ignore', 'ignore_ament_install']
[0.187s] Level 1:colcon.colcon_core.package_identification:_identify(src/open_manipulator/log) by extension 'ignore'
[0.188s] Level 1:colcon.colcon_core.package_identification:_identify(src/open_manipulator/log) ignored
[0.188s] Level 1:colcon.colcon_core.package_identification:_identify(src/open_manipulator/open_manipulator) by extensions ['ignore', 'ignore_ament_install']
[0.188s] Level 1:colcon.colcon_core.package_identification:_identify(src/open_manipulator/open_manipulator) by extension 'ignore'
[0.188s] Level 1:colcon.colcon_core.package_identification:_identify(src/open_manipulator/open_manipulator) by extension 'ignore_ament_install'
[0.188s] Level 1:colcon.colcon_core.package_identification:_identify(src/open_manipulator/open_manipulator) by extensions ['colcon_pkg']
[0.188s] Level 1:colcon.colcon_core.package_identification:_identify(src/open_manipulator/open_manipulator) by extension 'colcon_pkg'
[0.188s] Level 1:colcon.colcon_core.package_identification:_identify(src/open_manipulator/open_manipulator) by extensions ['colcon_meta']
[0.188s] Level 1:colcon.colcon_core.package_identification:_identify(src/open_manipulator/open_manipulator) by extension 'colcon_meta'
[0.188s] Level 1:colcon.colcon_core.package_identification:_identify(src/open_manipulator/open_manipulator) by extensions ['ros']
[0.188s] Level 1:colcon.colcon_core.package_identification:_identify(src/open_manipulator/open_manipulator) by extension 'ros'
[0.190s] DEBUG:colcon.colcon_core.package_identification:Package 'src/open_manipulator/open_manipulator' with type 'ros.ament_cmake' and name 'open_manipulator'
[0.190s] Level 1:colcon.colcon_core.package_identification:_identify(src/open_manipulator/open_manipulator_x_controller) by extensions ['ignore', 'ignore_ament_install']
[0.190s] Level 1:colcon.colcon_core.package_identification:_identify(src/open_manipulator/open_manipulator_x_controller) by extension 'ignore'
[0.190s] Level 1:colcon.colcon_core.package_identification:_identify(src/open_manipulator/open_manipulator_x_controller) by extension 'ignore_ament_install'
[0.190s] Level 1:colcon.colcon_core.package_identification:_identify(src/open_manipulator/open_manipulator_x_controller) by extensions ['colcon_pkg']
[0.190s] Level 1:colcon.colcon_core.package_identification:_identify(src/open_manipulator/open_manipulator_x_controller) by extension 'colcon_pkg'
[0.190s] Level 1:colcon.colcon_core.package_identification:_identify(src/open_manipulator/open_manipulator_x_controller) by extensions ['colcon_meta']
[0.190s] Level 1:colcon.colcon_core.package_identification:_identify(src/open_manipulator/open_manipulator_x_controller) by extension 'colcon_meta'
[0.190s] Level 1:colcon.colcon_core.package_identification:_identify(src/open_manipulator/open_manipulator_x_controller) by extensions ['ros']
[0.190s] Level 1:colcon.colcon_core.package_identification:_identify(src/open_manipulator/open_manipulator_x_controller) by extension 'ros'
[0.191s] DEBUG:colcon.colcon_core.package_identification:Package 'src/open_manipulator/open_manipulator_x_controller' with type 'ros.ament_cmake' and name 'open_manipulator_x_controller'
[0.191s] Level 1:colcon.colcon_core.package_identification:_identify(src/open_manipulator/open_manipulator_x_description) by extensions ['ignore', 'ignore_ament_install']
[0.191s] Level 1:colcon.colcon_core.package_identification:_identify(src/open_manipulator/open_manipulator_x_description) by extension 'ignore'
[0.191s] Level 1:colcon.colcon_core.package_identification:_identify(src/open_manipulator/open_manipulator_x_description) by extension 'ignore_ament_install'
[0.191s] Level 1:colcon.colcon_core.package_identification:_identify(src/open_manipulator/open_manipulator_x_description) by extensions ['colcon_pkg']
[0.191s] Level 1:colcon.colcon_core.package_identification:_identify(src/open_manipulator/open_manipulator_x_description) by extension 'colcon_pkg'
[0.191s] Level 1:colcon.colcon_core.package_identification:_identify(src/open_manipulator/open_manipulator_x_description) by extensions ['colcon_meta']
[0.191s] Level 1:colcon.colcon_core.package_identification:_identify(src/open_manipulator/open_manipulator_x_description) by extension 'colcon_meta'
[0.191s] Level 1:colcon.colcon_core.package_identification:_identify(src/open_manipulator/open_manipulator_x_description) by extensions ['ros']
[0.191s] Level 1:colcon.colcon_core.package_identification:_identify(src/open_manipulator/open_manipulator_x_description) by extension 'ros'
[0.192s] DEBUG:colcon.colcon_core.package_identification:Package 'src/open_manipulator/open_manipulator_x_description' with type 'ros.ament_cmake' and name 'open_manipulator_x_description'
[0.192s] Level 1:colcon.colcon_core.package_identification:_identify(src/open_manipulator/open_manipulator_x_libs) by extensions ['ignore', 'ignore_ament_install']
[0.192s] Level 1:colcon.colcon_core.package_identification:_identify(src/open_manipulator/open_manipulator_x_libs) by extension 'ignore'
[0.192s] Level 1:colcon.colcon_core.package_identification:_identify(src/open_manipulator/open_manipulator_x_libs) by extension 'ignore_ament_install'
[0.192s] Level 1:colcon.colcon_core.package_identification:_identify(src/open_manipulator/open_manipulator_x_libs) by extensions ['colcon_pkg']
[0.192s] Level 1:colcon.colcon_core.package_identification:_identify(src/open_manipulator/open_manipulator_x_libs) by extension 'colcon_pkg'
[0.192s] Level 1:colcon.colcon_core.package_identification:_identify(src/open_manipulator/open_manipulator_x_libs) by extensions ['colcon_meta']
[0.192s] Level 1:colcon.colcon_core.package_identification:_identify(src/open_manipulator/open_manipulator_x_libs) by extension 'colcon_meta'
[0.192s] Level 1:colcon.colcon_core.package_identification:_identify(src/open_manipulator/open_manipulator_x_libs) by extensions ['ros']
[0.192s] Level 1:colcon.colcon_core.package_identification:_identify(src/open_manipulator/open_manipulator_x_libs) by extension 'ros'
[0.193s] DEBUG:colcon.colcon_core.package_identification:Package 'src/open_manipulator/open_manipulator_x_libs' with type 'ros.ament_cmake' and name 'open_manipulator_x_libs'
[0.193s] Level 1:colcon.colcon_core.package_identification:_identify(src/open_manipulator/open_manipulator_x_teleop) by extensions ['ignore', 'ignore_ament_install']
[0.193s] Level 1:colcon.colcon_core.package_identification:_identify(src/open_manipulator/open_manipulator_x_teleop) by extension 'ignore'
[0.193s] Level 1:colcon.colcon_core.package_identification:_identify(src/open_manipulator/open_manipulator_x_teleop) by extension 'ignore_ament_install'
[0.193s] Level 1:colcon.colcon_core.package_identification:_identify(src/open_manipulator/open_manipulator_x_teleop) by extensions ['colcon_pkg']
[0.193s] Level 1:colcon.colcon_core.package_identification:_identify(src/open_manipulator/open_manipulator_x_teleop) by extension 'colcon_pkg'
[0.193s] Level 1:colcon.colcon_core.package_identification:_identify(src/open_manipulator/open_manipulator_x_teleop) by extensions ['colcon_meta']
[0.193s] Level 1:colcon.colcon_core.package_identification:_identify(src/open_manipulator/open_manipulator_x_teleop) by extension 'colcon_meta'
[0.193s] Level 1:colcon.colcon_core.package_identification:_identify(src/open_manipulator/open_manipulator_x_teleop) by extensions ['ros']
[0.193s] Level 1:colcon.colcon_core.package_identification:_identify(src/open_manipulator/open_manipulator_x_teleop) by extension 'ros'
[0.193s] DEBUG:colcon.colcon_core.package_identification:Package 'src/open_manipulator/open_manipulator_x_teleop' with type 'ros.ament_python' and name 'open_manipulator_x_teleop'
[0.194s] Level 1:colcon.colcon_core.package_identification:_identify(src/open_manipulator_msgs) by extensions ['ignore', 'ignore_ament_install']
[0.194s] Level 1:colcon.colcon_core.package_identification:_identify(src/open_manipulator_msgs) by extension 'ignore'
[0.194s] Level 1:colcon.colcon_core.package_identification:_identify(src/open_manipulator_msgs) by extension 'ignore_ament_install'
[0.194s] Level 1:colcon.colcon_core.package_identification:_identify(src/open_manipulator_msgs) by extensions ['colcon_pkg']
[0.194s] Level 1:colcon.colcon_core.package_identification:_identify(src/open_manipulator_msgs) by extension 'colcon_pkg'
[0.194s] Level 1:colcon.colcon_core.package_identification:_identify(src/open_manipulator_msgs) by extensions ['colcon_meta']
[0.194s] Level 1:colcon.colcon_core.package_identification:_identify(src/open_manipulator_msgs) by extension 'colcon_meta'
[0.194s] Level 1:colcon.colcon_core.package_identification:_identify(src/open_manipulator_msgs) by extensions ['ros']
[0.194s] Level 1:colcon.colcon_core.package_identification:_identify(src/open_manipulator_msgs) by extension 'ros'
[0.194s] DEBUG:colcon.colcon_core.package_identification:Package 'src/open_manipulator_msgs' with type 'ros.ament_cmake' and name 'open_manipulator_msgs'
[0.194s] Level 1:colcon.colcon_core.package_identification:_identify(src/robotis_manipulator) by extensions ['ignore', 'ignore_ament_install']
[0.194s] Level 1:colcon.colcon_core.package_identification:_identify(src/robotis_manipulator) by extension 'ignore'
[0.194s] Level 1:colcon.colcon_core.package_identification:_identify(src/robotis_manipulator) by extension 'ignore_ament_install'
[0.194s] Level 1:colcon.colcon_core.package_identification:_identify(src/robotis_manipulator) by extensions ['colcon_pkg']
[0.194s] Level 1:colcon.colcon_core.package_identification:_identify(src/robotis_manipulator) by extension 'colcon_pkg'
[0.195s] Level 1:colcon.colcon_core.package_identification:_identify(src/robotis_manipulator) by extensions ['colcon_meta']
[0.195s] Level 1:colcon.colcon_core.package_identification:_identify(src/robotis_manipulator) by extension 'colcon_meta'
[0.195s] Level 1:colcon.colcon_core.package_identification:_identify(src/robotis_manipulator) by extensions ['ros']
[0.195s] Level 1:colcon.colcon_core.package_identification:_identify(src/robotis_manipulator) by extension 'ros'
[0.195s] DEBUG:colcon.colcon_core.package_identification:Package 'src/robotis_manipulator' with type 'ros.ament_cmake' and name 'robotis_manipulator'
[0.195s] Level 1:colcon.colcon_core.package_discovery:discover_packages(recursive) using defaults
[0.195s] Level 1:colcon.colcon_core.package_discovery:discover_packages(ignore) discover
[0.195s] Level 1:colcon.colcon_core.package_discovery:discover_packages(ignore) using defaults
[0.195s] Level 1:colcon.colcon_core.package_discovery:discover_packages(path) discover
[0.195s] Level 1:colcon.colcon_core.package_discovery:discover_packages(path) using defaults
[0.216s] Level 1:colcon.colcon_core.package_discovery:discover_packages(prefix_path) check parameters
[0.216s] Level 1:colcon.colcon_core.package_discovery:discover_packages(prefix_path) discover
[0.218s] DEBUG:colcon.colcon_installed_package_information.package_discovery:Found 7 installed packages in /home/yuzhe/omx_ws/install
[0.219s] DEBUG:colcon.colcon_installed_package_information.package_discovery:Found 334 installed packages in /opt/ros/humble
[0.220s] Level 1:colcon.colcon_core.package_discovery:discover_packages(prefix_path) using defaults
[0.246s] Level 5:colcon.colcon_core.verb:set package 'open_manipulator_msgs' build argument 'cmake_args' from command line to 'None'
[0.246s] Level 5:colcon.colcon_core.verb:set package 'open_manipulator_msgs' build argument 'cmake_target' from command line to 'None'
[0.246s] Level 5:colcon.colcon_core.verb:set package 'open_manipulator_msgs' build argument 'cmake_target_skip_unavailable' from command line to 'False'
[0.246s] Level 5:colcon.colcon_core.verb:set package 'open_manipulator_msgs' build argument 'cmake_clean_cache' from command line to 'False'
[0.246s] Level 5:colcon.colcon_core.verb:set package 'open_manipulator_msgs' build argument 'cmake_clean_first' from command line to 'False'
[0.246s] Level 5:colcon.colcon_core.verb:set package 'open_manipulator_msgs' build argument 'cmake_force_configure' from command line to 'False'
[0.246s] Level 5:colcon.colcon_core.verb:set package 'open_manipulator_msgs' build argument 'ament_cmake_args' from command line to 'None'
[0.246s] Level 5:colcon.colcon_core.verb:set package 'open_manipulator_msgs' build argument 'catkin_cmake_args' from command line to 'None'
[0.246s] Level 5:colcon.colcon_core.verb:set package 'open_manipulator_msgs' build argument 'catkin_skip_building_tests' from command line to 'False'
[0.246s] DEBUG:colcon.colcon_core.verb:Building package 'open_manipulator_msgs' with the following arguments: {'ament_cmake_args': None, 'build_base': '/home/yuzhe/omx_ws/build/open_manipulator_msgs', 'catkin_cmake_args': None, 'catkin_skip_building_tests': False, 'cmake_args': None, 'cmake_clean_cache': False, 'cmake_clean_first': False, 'cmake_force_configure': False, 'cmake_target': None, 'cmake_target_skip_unavailable': False, 'install_base': '/home/yuzhe/omx_ws/install/open_manipulator_msgs', 'merge_install': False, 'path': '/home/yuzhe/omx_ws/src/open_manipulator_msgs', 'symlink_install': False, 'test_result_base': None}
[0.246s] Level 5:colcon.colcon_core.verb:set package 'open_manipulator_x_description' build argument 'cmake_args' from command line to 'None'
[0.246s] Level 5:colcon.colcon_core.verb:set package 'open_manipulator_x_description' build argument 'cmake_target' from command line to 'None'
[0.246s] Level 5:colcon.colcon_core.verb:set package 'open_manipulator_x_description' build argument 'cmake_target_skip_unavailable' from command line to 'False'
[0.246s] Level 5:colcon.colcon_core.verb:set package 'open_manipulator_x_description' build argument 'cmake_clean_cache' from command line to 'False'
[0.246s] Level 5:colcon.colcon_core.verb:set package 'open_manipulator_x_description' build argument 'cmake_clean_first' from command line to 'False'
[0.246s] Level 5:colcon.colcon_core.verb:set package 'open_manipulator_x_description' build argument 'cmake_force_configure' from command line to 'False'
[0.246s] Level 5:colcon.colcon_core.verb:set package 'open_manipulator_x_description' build argument 'ament_cmake_args' from command line to 'None'
[0.246s] Level 5:colcon.colcon_core.verb:set package 'open_manipulator_x_description' build argument 'catkin_cmake_args' from command line to 'None'
[0.246s] Level 5:colcon.colcon_core.verb:set package 'open_manipulator_x_description' build argument 'catkin_skip_building_tests' from command line to 'False'
[0.246s] DEBUG:colcon.colcon_core.verb:Building package 'open_manipulator_x_description' with the following arguments: {'ament_cmake_args': None, 'build_base': '/home/yuzhe/omx_ws/build/open_manipulator_x_description', 'catkin_cmake_args': None, 'catkin_skip_building_tests': False, 'cmake_args': None, 'cmake_clean_cache': False, 'cmake_clean_first': False, 'cmake_force_configure': False, 'cmake_target': None, 'cmake_target_skip_unavailable': False, 'install_base': '/home/yuzhe/omx_ws/install/open_manipulator_x_description', 'merge_install': False, 'path': '/home/yuzhe/omx_ws/src/open_manipulator/open_manipulator_x_description', 'symlink_install': False, 'test_result_base': None}
[0.247s] Level 5:colcon.colcon_core.verb:set package 'robotis_manipulator' build argument 'cmake_args' from command line to 'None'
[0.247s] Level 5:colcon.colcon_core.verb:set package 'robotis_manipulator' build argument 'cmake_target' from command line to 'None'
[0.247s] Level 5:colcon.colcon_core.verb:set package 'robotis_manipulator' build argument 'cmake_target_skip_unavailable' from command line to 'False'
[0.247s] Level 5:colcon.colcon_core.verb:set package 'robotis_manipulator' build argument 'cmake_clean_cache' from command line to 'False'
[0.247s] Level 5:colcon.colcon_core.verb:set package 'robotis_manipulator' build argument 'cmake_clean_first' from command line to 'False'
[0.247s] Level 5:colcon.colcon_core.verb:set package 'robotis_manipulator' build argument 'cmake_force_configure' from command line to 'False'
[0.247s] Level 5:colcon.colcon_core.verb:set package 'robotis_manipulator' build argument 'ament_cmake_args' from command line to 'None'
[0.247s] Level 5:colcon.colcon_core.verb:set package 'robotis_manipulator' build argument 'catkin_cmake_args' from command line to 'None'
[0.247s] Level 5:colcon.colcon_core.verb:set package 'robotis_manipulator' build argument 'catkin_skip_building_tests' from command line to 'False'
[0.247s] DEBUG:colcon.colcon_core.verb:Building package 'robotis_manipulator' with the following arguments: {'ament_cmake_args': None, 'build_base': '/home/yuzhe/omx_ws/build/robotis_manipulator', 'catkin_cmake_args': None, 'catkin_skip_building_tests': False, 'cmake_args': None, 'cmake_clean_cache': False, 'cmake_clean_first': False, 'cmake_force_configure': False, 'cmake_target': None, 'cmake_target_skip_unavailable': False, 'install_base': '/home/yuzhe/omx_ws/install/robotis_manipulator', 'merge_install': False, 'path': '/home/yuzhe/omx_ws/src/robotis_manipulator', 'symlink_install': False, 'test_result_base': None}
[0.247s] Level 5:colcon.colcon_core.verb:set package 'open_manipulator_x_libs' build argument 'cmake_args' from command line to 'None'
[0.247s] Level 5:colcon.colcon_core.verb:set package 'open_manipulator_x_libs' build argument 'cmake_target' from command line to 'None'
[0.247s] Level 5:colcon.colcon_core.verb:set package 'open_manipulator_x_libs' build argument 'cmake_target_skip_unavailable' from command line to 'False'
[0.247s] Level 5:colcon.colcon_core.verb:set package 'open_manipulator_x_libs' build argument 'cmake_clean_cache' from command line to 'False'
[0.247s] Level 5:colcon.colcon_core.verb:set package 'open_manipulator_x_libs' build argument 'cmake_clean_first' from command line to 'False'
[0.247s] Level 5:colcon.colcon_core.verb:set package 'open_manipulator_x_libs' build argument 'cmake_force_configure' from command line to 'False'
[0.247s] Level 5:colcon.colcon_core.verb:set package 'open_manipulator_x_libs' build argument 'ament_cmake_args' from command line to 'None'
[0.247s] Level 5:colcon.colcon_core.verb:set package 'open_manipulator_x_libs' build argument 'catkin_cmake_args' from command line to 'None'
[0.247s] Level 5:colcon.colcon_core.verb:set package 'open_manipulator_x_libs' build argument 'catkin_skip_building_tests' from command line to 'False'
[0.247s] DEBUG:colcon.colcon_core.verb:Building package 'open_manipulator_x_libs' with the following arguments: {'ament_cmake_args': None, 'build_base': '/home/yuzhe/omx_ws/build/open_manipulator_x_libs', 'catkin_cmake_args': None, 'catkin_skip_building_tests': False, 'cmake_args': None, 'cmake_clean_cache': False, 'cmake_clean_first': False, 'cmake_force_configure': False, 'cmake_target': None, 'cmake_target_skip_unavailable': False, 'install_base': '/home/yuzhe/omx_ws/install/open_manipulator_x_libs', 'merge_install': False, 'path': '/home/yuzhe/omx_ws/src/open_manipulator/open_manipulator_x_libs', 'symlink_install': False, 'test_result_base': None}
[0.247s] Level 5:colcon.colcon_core.verb:set package 'open_manipulator_x_teleop' build argument 'cmake_args' from command line to 'None'
[0.247s] Level 5:colcon.colcon_core.verb:set package 'open_manipulator_x_teleop' build argument 'cmake_target' from command line to 'None'
[0.247s] Level 5:colcon.colcon_core.verb:set package 'open_manipulator_x_teleop' build argument 'cmake_target_skip_unavailable' from command line to 'False'
[0.247s] Level 5:colcon.colcon_core.verb:set package 'open_manipulator_x_teleop' build argument 'cmake_clean_cache' from command line to 'False'
[0.247s] Level 5:colcon.colcon_core.verb:set package 'open_manipulator_x_teleop' build argument 'cmake_clean_first' from command line to 'False'
[0.247s] Level 5:colcon.colcon_core.verb:set package 'open_manipulator_x_teleop' build argument 'cmake_force_configure' from command line to 'False'
[0.247s] Level 5:colcon.colcon_core.verb:set package 'open_manipulator_x_teleop' build argument 'ament_cmake_args' from command line to 'None'
[0.247s] Level 5:colcon.colcon_core.verb:set package 'open_manipulator_x_teleop' build argument 'catkin_cmake_args' from command line to 'None'
[0.247s] Level 5:colcon.colcon_core.verb:set package 'open_manipulator_x_teleop' build argument 'catkin_skip_building_tests' from command line to 'False'
[0.247s] DEBUG:colcon.colcon_core.verb:Building package 'open_manipulator_x_teleop' with the following arguments: {'ament_cmake_args': None, 'build_base': '/home/yuzhe/omx_ws/build/open_manipulator_x_teleop', 'catkin_cmake_args': None, 'catkin_skip_building_tests': False, 'cmake_args': None, 'cmake_clean_cache': False, 'cmake_clean_first': False, 'cmake_force_configure': False, 'cmake_target': None, 'cmake_target_skip_unavailable': False, 'install_base': '/home/yuzhe/omx_ws/install/open_manipulator_x_teleop', 'merge_install': False, 'path': '/home/yuzhe/omx_ws/src/open_manipulator/open_manipulator_x_teleop', 'symlink_install': False, 'test_result_base': None}
[0.248s] Level 5:colcon.colcon_core.verb:set package 'open_manipulator_x_controller' build argument 'cmake_args' from command line to 'None'
[0.248s] Level 5:colcon.colcon_core.verb:set package 'open_manipulator_x_controller' build argument 'cmake_target' from command line to 'None'
[0.248s] Level 5:colcon.colcon_core.verb:set package 'open_manipulator_x_controller' build argument 'cmake_target_skip_unavailable' from command line to 'False'
[0.248s] Level 5:colcon.colcon_core.verb:set package 'open_manipulator_x_controller' build argument 'cmake_clean_cache' from command line to 'False'
[0.248s] Level 5:colcon.colcon_core.verb:set package 'open_manipulator_x_controller' build argument 'cmake_clean_first' from command line to 'False'
[0.248s] Level 5:colcon.colcon_core.verb:set package 'open_manipulator_x_controller' build argument 'cmake_force_configure' from command line to 'False'
[0.248s] Level 5:colcon.colcon_core.verb:set package 'open_manipulator_x_controller' build argument 'ament_cmake_args' from command line to 'None'
[0.248s] Level 5:colcon.colcon_core.verb:set package 'open_manipulator_x_controller' build argument 'catkin_cmake_args' from command line to 'None'
[0.248s] Level 5:colcon.colcon_core.verb:set package 'open_manipulator_x_controller' build argument 'catkin_skip_building_tests' from command line to 'False'
[0.248s] DEBUG:colcon.colcon_core.verb:Building package 'open_manipulator_x_controller' with the following arguments: {'ament_cmake_args': None, 'build_base': '/home/yuzhe/omx_ws/build/open_manipulator_x_controller', 'catkin_cmake_args': None, 'catkin_skip_building_tests': False, 'cmake_args': None, 'cmake_clean_cache': False, 'cmake_clean_first': False, 'cmake_force_configure': False, 'cmake_target': None, 'cmake_target_skip_unavailable': False, 'install_base': '/home/yuzhe/omx_ws/install/open_manipulator_x_controller', 'merge_install': False, 'path': '/home/yuzhe/omx_ws/src/open_manipulator/open_manipulator_x_controller', 'symlink_install': False, 'test_result_base': None}
[0.248s] Level 5:colcon.colcon_core.verb:set package 'open_manipulator' build argument 'cmake_args' from command line to 'None'
[0.248s] Level 5:colcon.colcon_core.verb:set package 'open_manipulator' build argument 'cmake_target' from command line to 'None'
[0.248s] Level 5:colcon.colcon_core.verb:set package 'open_manipulator' build argument 'cmake_target_skip_unavailable' from command line to 'False'
[0.248s] Level 5:colcon.colcon_core.verb:set package 'open_manipulator' build argument 'cmake_clean_cache' from command line to 'False'
[0.248s] Level 5:colcon.colcon_core.verb:set package 'open_manipulator' build argument 'cmake_clean_first' from command line to 'False'
[0.248s] Level 5:colcon.colcon_core.verb:set package 'open_manipulator' build argument 'cmake_force_configure' from command line to 'False'
[0.248s] Level 5:colcon.colcon_core.verb:set package 'open_manipulator' build argument 'ament_cmake_args' from command line to 'None'
[0.248s] Level 5:colcon.colcon_core.verb:set package 'open_manipulator' build argument 'catkin_cmake_args' from command line to 'None'
[0.248s] Level 5:colcon.colcon_core.verb:set package 'open_manipulator' build argument 'catkin_skip_building_tests' from command line to 'False'
[0.248s] DEBUG:colcon.colcon_core.verb:Building package 'open_manipulator' with the following arguments: {'ament_cmake_args': None, 'build_base': '/home/yuzhe/omx_ws/build/open_manipulator', 'catkin_cmake_args': None, 'catkin_skip_building_tests': False, 'cmake_args': None, 'cmake_clean_cache': False, 'cmake_clean_first': False, 'cmake_force_configure': False, 'cmake_target': None, 'cmake_target_skip_unavailable': False, 'install_base': '/home/yuzhe/omx_ws/install/open_manipulator', 'merge_install': False, 'path': '/home/yuzhe/omx_ws/src/open_manipulator/open_manipulator', 'symlink_install': False, 'test_result_base': None}
[0.248s] INFO:colcon.colcon_core.executor:Executing jobs using 'parallel' executor
[0.249s] DEBUG:colcon.colcon_parallel_executor.executor.parallel:run_until_complete
[0.249s] INFO:colcon.colcon_ros.task.ament_cmake.build:Building ROS package in '/home/yuzhe/omx_ws/src/open_manipulator_msgs' with build type 'ament_cmake'
[0.249s] INFO:colcon.colcon_cmake.task.cmake.build:Building CMake package in '/home/yuzhe/omx_ws/src/open_manipulator_msgs'
[0.251s] INFO:colcon.colcon_core.plugin_system:Skipping extension 'colcon_core.shell.bat': Not used on non-Windows systems
[0.251s] INFO:colcon.colcon_core.shell:Skip shell extension 'powershell' for command environment: Not usable outside of PowerShell
[0.251s] DEBUG:colcon.colcon_core.shell:Skip shell extension 'dsv' for command environment
[0.262s] INFO:colcon.colcon_ros.task.ament_cmake.build:Building ROS package in '/home/yuzhe/omx_ws/src/robotis_manipulator' with build type 'ament_cmake'
[0.263s] INFO:colcon.colcon_cmake.task.cmake.build:Building CMake package in '/home/yuzhe/omx_ws/src/robotis_manipulator'
[0.263s] INFO:colcon.colcon_core.shell:Skip shell extension 'powershell' for command environment: Not usable outside of PowerShell
[0.263s] DEBUG:colcon.colcon_core.shell:Skip shell extension 'dsv' for command environment
[0.265s] INFO:colcon.colcon_ros.task.ament_cmake.build:Building ROS package in '/home/yuzhe/omx_ws/src/open_manipulator/open_manipulator_x_description' with build type 'ament_cmake'
[0.265s] INFO:colcon.colcon_cmake.task.cmake.build:Building CMake package in '/home/yuzhe/omx_ws/src/open_manipulator/open_manipulator_x_description'
[0.265s] INFO:colcon.colcon_core.shell:Skip shell extension 'powershell' for command environment: Not usable outside of PowerShell
[0.265s] DEBUG:colcon.colcon_core.shell:Skip shell extension 'dsv' for command environment
[0.271s] DEBUG:colcon.colcon_core.event_handler.log_command:Invoking command in '/home/yuzhe/omx_ws/build/open_manipulator_msgs': CMAKE_PREFIX_PATH=${CMAKE_PREFIX_PATH}:/home/yuzhe/omx_ws/install/open_manipulator_x_teleop:/opt/ros/humble /usr/bin/cmake /home/yuzhe/omx_ws/src/open_manipulator_msgs -DCMAKE_INSTALL_PREFIX=/home/yuzhe/omx_ws/install/open_manipulator_msgs
[0.274s] DEBUG:colcon.colcon_core.event_handler.log_command:Invoking command in '/home/yuzhe/omx_ws/build/robotis_manipulator': CMAKE_PREFIX_PATH=${CMAKE_PREFIX_PATH}:/home/yuzhe/omx_ws/install/open_manipulator_x_teleop:/opt/ros/humble /usr/bin/cmake /home/yuzhe/omx_ws/src/robotis_manipulator -DCMAKE_INSTALL_PREFIX=/home/yuzhe/omx_ws/install/robotis_manipulator
[0.277s] DEBUG:colcon.colcon_core.event_handler.log_command:Invoking command in '/home/yuzhe/omx_ws/build/open_manipulator_x_description': CMAKE_PREFIX_PATH=${CMAKE_PREFIX_PATH}:/home/yuzhe/omx_ws/install/open_manipulator_x_teleop:/opt/ros/humble /usr/bin/cmake /home/yuzhe/omx_ws/src/open_manipulator/open_manipulator_x_description -DCMAKE_INSTALL_PREFIX=/home/yuzhe/omx_ws/install/open_manipulator_x_description
[0.456s] DEBUG:colcon.colcon_core.event_handler.log_command:Invoked command in '/home/yuzhe/omx_ws/build/open_manipulator_x_description' returned '0': CMAKE_PREFIX_PATH=${CMAKE_PREFIX_PATH}:/home/yuzhe/omx_ws/install/open_manipulator_x_teleop:/opt/ros/humble /usr/bin/cmake /home/yuzhe/omx_ws/src/open_manipulator/open_manipulator_x_description -DCMAKE_INSTALL_PREFIX=/home/yuzhe/omx_ws/install/open_manipulator_x_description
[0.458s] DEBUG:colcon.colcon_core.event_handler.log_command:Invoking command in '/home/yuzhe/omx_ws/build/open_manipulator_x_description': CMAKE_PREFIX_PATH=${CMAKE_PREFIX_PATH}:/home/yuzhe/omx_ws/install/open_manipulator_x_teleop:/opt/ros/humble /usr/bin/cmake --build /home/yuzhe/omx_ws/build/open_manipulator_x_description -- -j20 -l20
[0.485s] DEBUG:colcon.colcon_core.event_handler.log_command:Invoked command in '/home/yuzhe/omx_ws/build/open_manipulator_x_description' returned '0': CMAKE_PREFIX_PATH=${CMAKE_PREFIX_PATH}:/home/yuzhe/omx_ws/install/open_manipulator_x_teleop:/opt/ros/humble /usr/bin/cmake --build /home/yuzhe/omx_ws/build/open_manipulator_x_description -- -j20 -l20
[0.493s] DEBUG:colcon.colcon_core.event_handler.log_command:Invoking command in '/home/yuzhe/omx_ws/build/open_manipulator_x_description': CMAKE_PREFIX_PATH=${CMAKE_PREFIX_PATH}:/home/yuzhe/omx_ws/install/open_manipulator_x_teleop:/opt/ros/humble /usr/bin/cmake --install /home/yuzhe/omx_ws/build/open_manipulator_x_description
[0.513s] Level 1:colcon.colcon_core.environment:create_environment_scripts_only(open_manipulator_x_description)
[0.514s] DEBUG:colcon.colcon_core.event_handler.log_command:Invoked command in '/home/yuzhe/omx_ws/build/open_manipulator_x_description' returned '0': CMAKE_PREFIX_PATH=${CMAKE_PREFIX_PATH}:/home/yuzhe/omx_ws/install/open_manipulator_x_teleop:/opt/ros/humble /usr/bin/cmake --install /home/yuzhe/omx_ws/build/open_manipulator_x_description
[0.516s] Level 1:colcon.colcon_core.environment:checking '/home/yuzhe/omx_ws/install/open_manipulator_x_description' for CMake module files
[0.516s] Level 1:colcon.colcon_core.environment:checking '/home/yuzhe/omx_ws/install/open_manipulator_x_description' for CMake config files
[0.517s] Level 1:colcon.colcon_core.shell:create_environment_hook('open_manipulator_x_description', 'cmake_prefix_path')
[0.517s] INFO:colcon.colcon_core.shell:Creating environment hook '/home/yuzhe/omx_ws/install/open_manipulator_x_description/share/open_manipulator_x_description/hook/cmake_prefix_path.ps1'
[0.517s] INFO:colcon.colcon_core.shell:Creating environment descriptor '/home/yuzhe/omx_ws/install/open_manipulator_x_description/share/open_manipulator_x_description/hook/cmake_prefix_path.dsv'
[0.518s] INFO:colcon.colcon_core.shell:Creating environment hook '/home/yuzhe/omx_ws/install/open_manipulator_x_description/share/open_manipulator_x_description/hook/cmake_prefix_path.sh'
[0.519s] Level 1:colcon.colcon_core.environment:checking '/home/yuzhe/omx_ws/install/open_manipulator_x_description/bin'
[0.519s] Level 1:colcon.colcon_core.environment:checking '/home/yuzhe/omx_ws/install/open_manipulator_x_description/lib/pkgconfig/open_manipulator_x_description.pc'
[0.519s] Level 1:colcon.colcon_core.environment:checking '/home/yuzhe/omx_ws/install/open_manipulator_x_description/lib/python3.10/site-packages'
[0.519s] Level 1:colcon.colcon_core.environment:checking '/home/yuzhe/omx_ws/install/open_manipulator_x_description/bin'
[0.520s] INFO:colcon.colcon_core.shell:Creating package script '/home/yuzhe/omx_ws/install/open_manipulator_x_description/share/open_manipulator_x_description/package.ps1'
[0.520s] INFO:colcon.colcon_core.shell:Creating package descriptor '/home/yuzhe/omx_ws/install/open_manipulator_x_description/share/open_manipulator_x_description/package.dsv'
[0.521s] INFO:colcon.colcon_core.shell:Creating package script '/home/yuzhe/omx_ws/install/open_manipulator_x_description/share/open_manipulator_x_description/package.sh'
[0.522s] INFO:colcon.colcon_core.shell:Creating package script '/home/yuzhe/omx_ws/install/open_manipulator_x_description/share/open_manipulator_x_description/package.bash'
[0.522s] INFO:colcon.colcon_core.shell:Creating package script '/home/yuzhe/omx_ws/install/open_manipulator_x_description/share/open_manipulator_x_description/package.zsh'
[0.523s] Level 1:colcon.colcon_core.environment:create_file_with_runtime_dependencies(/home/yuzhe/omx_ws/install/open_manipulator_x_description/share/colcon-core/packages/open_manipulator_x_description)
[0.523s] Level 1:colcon.colcon_core.environment:create_environment_scripts_only(open_manipulator_x_description)
[0.523s] Level 1:colcon.colcon_core.environment:checking '/home/yuzhe/omx_ws/install/open_manipulator_x_description' for CMake module files
[0.524s] Level 1:colcon.colcon_core.environment:checking '/home/yuzhe/omx_ws/install/open_manipulator_x_description' for CMake config files
[0.524s] Level 1:colcon.colcon_core.shell:create_environment_hook('open_manipulator_x_description', 'cmake_prefix_path')
[0.524s] INFO:colcon.colcon_core.shell:Creating environment hook '/home/yuzhe/omx_ws/install/open_manipulator_x_description/share/open_manipulator_x_description/hook/cmake_prefix_path.ps1'
[0.524s] INFO:colcon.colcon_core.shell:Creating environment descriptor '/home/yuzhe/omx_ws/install/open_manipulator_x_description/share/open_manipulator_x_description/hook/cmake_prefix_path.dsv'
[0.524s] INFO:colcon.colcon_core.shell:Creating environment hook '/home/yuzhe/omx_ws/install/open_manipulator_x_description/share/open_manipulator_x_description/hook/cmake_prefix_path.sh'
[0.525s] Level 1:colcon.colcon_core.environment:checking '/home/yuzhe/omx_ws/install/open_manipulator_x_description/bin'
[0.525s] Level 1:colcon.colcon_core.environment:checking '/home/yuzhe/omx_ws/install/open_manipulator_x_description/lib/pkgconfig/open_manipulator_x_description.pc'
[0.525s] Level 1:colcon.colcon_core.environment:checking '/home/yuzhe/omx_ws/install/open_manipulator_x_description/lib/python3.10/site-packages'
[0.525s] Level 1:colcon.colcon_core.environment:checking '/home/yuzhe/omx_ws/install/open_manipulator_x_description/bin'
[0.525s] INFO:colcon.colcon_core.shell:Creating package script '/home/yuzhe/omx_ws/install/open_manipulator_x_description/share/open_manipulator_x_description/package.ps1'
[0.526s] INFO:colcon.colcon_core.shell:Creating package descriptor '/home/yuzhe/omx_ws/install/open_manipulator_x_description/share/open_manipulator_x_description/package.dsv'
[0.526s] INFO:colcon.colcon_core.shell:Creating package script '/home/yuzhe/omx_ws/install/open_manipulator_x_description/share/open_manipulator_x_description/package.sh'
[0.526s] INFO:colcon.colcon_core.shell:Creating package script '/home/yuzhe/omx_ws/install/open_manipulator_x_description/share/open_manipulator_x_description/package.bash'
[0.526s] INFO:colcon.colcon_core.shell:Creating package script '/home/yuzhe/omx_ws/install/open_manipulator_x_description/share/open_manipulator_x_description/package.zsh'
[0.526s] Level 1:colcon.colcon_core.environment:create_file_with_runtime_dependencies(/home/yuzhe/omx_ws/install/open_manipulator_x_description/share/colcon-core/packages/open_manipulator_x_description)
[0.702s] DEBUG:colcon.colcon_core.event_handler.log_command:Invoked command in '/home/yuzhe/omx_ws/build/robotis_manipulator' returned '0': CMAKE_PREFIX_PATH=${CMAKE_PREFIX_PATH}:/home/yuzhe/omx_ws/install/open_manipulator_x_teleop:/opt/ros/humble /usr/bin/cmake /home/yuzhe/omx_ws/src/robotis_manipulator -DCMAKE_INSTALL_PREFIX=/home/yuzhe/omx_ws/install/robotis_manipulator
[0.702s] DEBUG:colcon.colcon_core.event_handler.log_command:Invoking command in '/home/yuzhe/omx_ws/build/robotis_manipulator': CMAKE_PREFIX_PATH=${CMAKE_PREFIX_PATH}:/home/yuzhe/omx_ws/install/open_manipulator_x_teleop:/opt/ros/humble /usr/bin/cmake --build /home/yuzhe/omx_ws/build/robotis_manipulator -- -j20 -l20
[0.763s] DEBUG:colcon.colcon_core.event_handler.log_command:Invoked command in '/home/yuzhe/omx_ws/build/robotis_manipulator' returned '0': CMAKE_PREFIX_PATH=${CMAKE_PREFIX_PATH}:/home/yuzhe/omx_ws/install/open_manipulator_x_teleop:/opt/ros/humble /usr/bin/cmake --build /home/yuzhe/omx_ws/build/robotis_manipulator -- -j20 -l20
[0.765s] DEBUG:colcon.colcon_core.event_handler.log_command:Invoking command in '/home/yuzhe/omx_ws/build/robotis_manipulator': CMAKE_PREFIX_PATH=${CMAKE_PREFIX_PATH}:/home/yuzhe/omx_ws/install/open_manipulator_x_teleop:/opt/ros/humble /usr/bin/cmake --install /home/yuzhe/omx_ws/build/robotis_manipulator
[0.784s] Level 1:colcon.colcon_core.environment:create_environment_scripts_only(robotis_manipulator)
[0.784s] DEBUG:colcon.colcon_core.event_handler.log_command:Invoked command in '/home/yuzhe/omx_ws/build/robotis_manipulator' returned '0': CMAKE_PREFIX_PATH=${CMAKE_PREFIX_PATH}:/home/yuzhe/omx_ws/install/open_manipulator_x_teleop:/opt/ros/humble /usr/bin/cmake --install /home/yuzhe/omx_ws/build/robotis_manipulator
[0.785s] Level 1:colcon.colcon_core.environment:checking '/home/yuzhe/omx_ws/install/robotis_manipulator' for CMake module files
[0.785s] Level 1:colcon.colcon_core.environment:checking '/home/yuzhe/omx_ws/install/robotis_manipulator' for CMake config files
[0.786s] Level 1:colcon.colcon_core.shell:create_environment_hook('robotis_manipulator', 'cmake_prefix_path')
[0.786s] INFO:colcon.colcon_core.shell:Creating environment hook '/home/yuzhe/omx_ws/install/robotis_manipulator/share/robotis_manipulator/hook/cmake_prefix_path.ps1'
[0.786s] INFO:colcon.colcon_core.shell:Creating environment descriptor '/home/yuzhe/omx_ws/install/robotis_manipulator/share/robotis_manipulator/hook/cmake_prefix_path.dsv'
[0.787s] INFO:colcon.colcon_core.shell:Creating environment hook '/home/yuzhe/omx_ws/install/robotis_manipulator/share/robotis_manipulator/hook/cmake_prefix_path.sh'
[0.787s] Level 1:colcon.colcon_core.environment:checking '/home/yuzhe/omx_ws/install/robotis_manipulator/lib'
[0.788s] Level 1:colcon.colcon_core.shell:create_environment_hook('robotis_manipulator', 'ld_library_path_lib')
[0.788s] INFO:colcon.colcon_core.shell:Creating environment hook '/home/yuzhe/omx_ws/install/robotis_manipulator/share/robotis_manipulator/hook/ld_library_path_lib.ps1'
[0.788s] INFO:colcon.colcon_core.shell:Creating environment descriptor '/home/yuzhe/omx_ws/install/robotis_manipulator/share/robotis_manipulator/hook/ld_library_path_lib.dsv'
[0.788s] INFO:colcon.colcon_core.shell:Creating environment hook '/home/yuzhe/omx_ws/install/robotis_manipulator/share/robotis_manipulator/hook/ld_library_path_lib.sh'
[0.789s] Level 1:colcon.colcon_core.environment:checking '/home/yuzhe/omx_ws/install/robotis_manipulator/bin'
[0.789s] Level 1:colcon.colcon_core.environment:checking '/home/yuzhe/omx_ws/install/robotis_manipulator/lib/pkgconfig/robotis_manipulator.pc'
[0.789s] Level 1:colcon.colcon_core.environment:checking '/home/yuzhe/omx_ws/install/robotis_manipulator/lib/python3.10/site-packages'
[0.789s] Level 1:colcon.colcon_core.environment:checking '/home/yuzhe/omx_ws/install/robotis_manipulator/bin'
[0.789s] INFO:colcon.colcon_core.shell:Creating package script '/home/yuzhe/omx_ws/install/robotis_manipulator/share/robotis_manipulator/package.ps1'
[0.790s] INFO:colcon.colcon_core.shell:Creating package descriptor '/home/yuzhe/omx_ws/install/robotis_manipulator/share/robotis_manipulator/package.dsv'
[0.790s] INFO:colcon.colcon_core.shell:Creating package script '/home/yuzhe/omx_ws/install/robotis_manipulator/share/robotis_manipulator/package.sh'
[0.790s] INFO:colcon.colcon_core.shell:Creating package script '/home/yuzhe/omx_ws/install/robotis_manipulator/share/robotis_manipulator/package.bash'
[0.790s] INFO:colcon.colcon_core.shell:Creating package script '/home/yuzhe/omx_ws/install/robotis_manipulator/share/robotis_manipulator/package.zsh'
[0.791s] Level 1:colcon.colcon_core.environment:create_file_with_runtime_dependencies(/home/yuzhe/omx_ws/install/robotis_manipulator/share/colcon-core/packages/robotis_manipulator)
[0.791s] Level 1:colcon.colcon_core.environment:create_environment_scripts_only(robotis_manipulator)
[0.791s] Level 1:colcon.colcon_core.environment:checking '/home/yuzhe/omx_ws/install/robotis_manipulator' for CMake module files
[0.791s] Level 1:colcon.colcon_core.environment:checking '/home/yuzhe/omx_ws/install/robotis_manipulator' for CMake config files
[0.791s] Level 1:colcon.colcon_core.shell:create_environment_hook('robotis_manipulator', 'cmake_prefix_path')
[0.792s] INFO:colcon.colcon_core.shell:Creating environment hook '/home/yuzhe/omx_ws/install/robotis_manipulator/share/robotis_manipulator/hook/cmake_prefix_path.ps1'
[0.792s] INFO:colcon.colcon_core.shell:Creating environment descriptor '/home/yuzhe/omx_ws/install/robotis_manipulator/share/robotis_manipulator/hook/cmake_prefix_path.dsv'
[0.792s] INFO:colcon.colcon_core.shell:Creating environment hook '/home/yuzhe/omx_ws/install/robotis_manipulator/share/robotis_manipulator/hook/cmake_prefix_path.sh'
[0.793s] Level 1:colcon.colcon_core.environment:checking '/home/yuzhe/omx_ws/install/robotis_manipulator/lib'
[0.793s] Level 1:colcon.colcon_core.shell:create_environment_hook('robotis_manipulator', 'ld_library_path_lib')
[0.794s] INFO:colcon.colcon_core.shell:Creating environment hook '/home/yuzhe/omx_ws/install/robotis_manipulator/share/robotis_manipulator/hook/ld_library_path_lib.ps1'
[0.794s] INFO:colcon.colcon_core.shell:Creating environment descriptor '/home/yuzhe/omx_ws/install/robotis_manipulator/share/robotis_manipulator/hook/ld_library_path_lib.dsv'
[0.794s] INFO:colcon.colcon_core.shell:Creating environment hook '/home/yuzhe/omx_ws/install/robotis_manipulator/share/robotis_manipulator/hook/ld_library_path_lib.sh'
[0.794s] Level 1:colcon.colcon_core.environment:checking '/home/yuzhe/omx_ws/install/robotis_manipulator/bin'
[0.794s] Level 1:colcon.colcon_core.environment:checking '/home/yuzhe/omx_ws/install/robotis_manipulator/lib/pkgconfig/robotis_manipulator.pc'
[0.795s] Level 1:colcon.colcon_core.environment:checking '/home/yuzhe/omx_ws/install/robotis_manipulator/lib/python3.10/site-packages'
[0.795s] Level 1:colcon.colcon_core.environment:checking '/home/yuzhe/omx_ws/install/robotis_manipulator/bin'
[0.795s] INFO:colcon.colcon_core.shell:Creating package script '/home/yuzhe/omx_ws/install/robotis_manipulator/share/robotis_manipulator/package.ps1'
[0.796s] INFO:colcon.colcon_core.shell:Creating package descriptor '/home/yuzhe/omx_ws/install/robotis_manipulator/share/robotis_manipulator/package.dsv'
[0.796s] INFO:colcon.colcon_core.shell:Creating package script '/home/yuzhe/omx_ws/install/robotis_manipulator/share/robotis_manipulator/package.sh'
[0.797s] INFO:colcon.colcon_core.shell:Creating package script '/home/yuzhe/omx_ws/install/robotis_manipulator/share/robotis_manipulator/package.bash'
[0.797s] INFO:colcon.colcon_core.shell:Creating package script '/home/yuzhe/omx_ws/install/robotis_manipulator/share/robotis_manipulator/package.zsh'
[0.797s] Level 1:colcon.colcon_core.environment:create_file_with_runtime_dependencies(/home/yuzhe/omx_ws/install/robotis_manipulator/share/colcon-core/packages/robotis_manipulator)
[0.797s] INFO:colcon.colcon_ros.task.ament_cmake.build:Building ROS package in '/home/yuzhe/omx_ws/src/open_manipulator/open_manipulator_x_libs' with build type 'ament_cmake'
[0.797s] INFO:colcon.colcon_cmake.task.cmake.build:Building CMake package in '/home/yuzhe/omx_ws/src/open_manipulator/open_manipulator_x_libs'
[0.798s] INFO:colcon.colcon_core.shell:Skip shell extension 'powershell' for command environment: Not usable outside of PowerShell
[0.798s] DEBUG:colcon.colcon_core.shell:Skip shell extension 'dsv' for command environment
[0.807s] DEBUG:colcon.colcon_core.event_handler.log_command:Invoking command in '/home/yuzhe/omx_ws/build/open_manipulator_x_libs': CMAKE_PREFIX_PATH=/home/yuzhe/omx_ws/install/robotis_manipulator:/home/yuzhe/omx_ws/install/open_manipulator:/home/yuzhe/omx_ws/install/open_manipulator_x_controller:/home/yuzhe/omx_ws/install/open_manipulator_x_libs:/home/yuzhe/omx_ws/install/open_manipulator_x_description:/home/yuzhe/omx_ws/install/open_manipulator_msgs:/home/yuzhe/omx_ws/install/open_manipulator_x_teleop:/opt/ros/humble LD_LIBRARY_PATH=/home/yuzhe/omx_ws/install/robotis_manipulator/lib:/home/yuzhe/omx_ws/install/open_manipulator_x_libs/lib:/home/yuzhe/omx_ws/install/open_manipulator_msgs/lib:/opt/ros/humble/opt/rviz_ogre_vendor/lib:/opt/ros/humble/lib/x86_64-linux-gnu:/opt/ros/humble/lib /usr/bin/cmake /home/yuzhe/omx_ws/src/open_manipulator/open_manipulator_x_libs -DCMAKE_INSTALL_PREFIX=/home/yuzhe/omx_ws/install/open_manipulator_x_libs
[1.164s] DEBUG:colcon.colcon_core.event_handler.log_command:Invoked command in '/home/yuzhe/omx_ws/build/open_manipulator_x_libs' returned '0': CMAKE_PREFIX_PATH=/home/yuzhe/omx_ws/install/robotis_manipulator:/home/yuzhe/omx_ws/install/open_manipulator:/home/yuzhe/omx_ws/install/open_manipulator_x_controller:/home/yuzhe/omx_ws/install/open_manipulator_x_libs:/home/yuzhe/omx_ws/install/open_manipulator_x_description:/home/yuzhe/omx_ws/install/open_manipulator_msgs:/home/yuzhe/omx_ws/install/open_manipulator_x_teleop:/opt/ros/humble LD_LIBRARY_PATH=/home/yuzhe/omx_ws/install/robotis_manipulator/lib:/home/yuzhe/omx_ws/install/open_manipulator_x_libs/lib:/home/yuzhe/omx_ws/install/open_manipulator_msgs/lib:/opt/ros/humble/opt/rviz_ogre_vendor/lib:/opt/ros/humble/lib/x86_64-linux-gnu:/opt/ros/humble/lib /usr/bin/cmake /home/yuzhe/omx_ws/src/open_manipulator/open_manipulator_x_libs -DCMAKE_INSTALL_PREFIX=/home/yuzhe/omx_ws/install/open_manipulator_x_libs
[1.164s] DEBUG:colcon.colcon_core.event_handler.log_command:Invoking command in '/home/yuzhe/omx_ws/build/open_manipulator_x_libs': CMAKE_PREFIX_PATH=/home/yuzhe/omx_ws/install/robotis_manipulator:/home/yuzhe/omx_ws/install/open_manipulator:/home/yuzhe/omx_ws/install/open_manipulator_x_controller:/home/yuzhe/omx_ws/install/open_manipulator_x_libs:/home/yuzhe/omx_ws/install/open_manipulator_x_description:/home/yuzhe/omx_ws/install/open_manipulator_msgs:/home/yuzhe/omx_ws/install/open_manipulator_x_teleop:/opt/ros/humble LD_LIBRARY_PATH=/home/yuzhe/omx_ws/install/robotis_manipulator/lib:/home/yuzhe/omx_ws/install/open_manipulator_x_libs/lib:/home/yuzhe/omx_ws/install/open_manipulator_msgs/lib:/opt/ros/humble/opt/rviz_ogre_vendor/lib:/opt/ros/humble/lib/x86_64-linux-gnu:/opt/ros/humble/lib /usr/bin/cmake --build /home/yuzhe/omx_ws/build/open_manipulator_x_libs -- -j20 -l20
[1.216s] DEBUG:colcon.colcon_core.event_handler.log_command:Invoked command in '/home/yuzhe/omx_ws/build/open_manipulator_x_libs' returned '0': CMAKE_PREFIX_PATH=/home/yuzhe/omx_ws/install/robotis_manipulator:/home/yuzhe/omx_ws/install/open_manipulator:/home/yuzhe/omx_ws/install/open_manipulator_x_controller:/home/yuzhe/omx_ws/install/open_manipulator_x_libs:/home/yuzhe/omx_ws/install/open_manipulator_x_description:/home/yuzhe/omx_ws/install/open_manipulator_msgs:/home/yuzhe/omx_ws/install/open_manipulator_x_teleop:/opt/ros/humble LD_LIBRARY_PATH=/home/yuzhe/omx_ws/install/robotis_manipulator/lib:/home/yuzhe/omx_ws/install/open_manipulator_x_libs/lib:/home/yuzhe/omx_ws/install/open_manipulator_msgs/lib:/opt/ros/humble/opt/rviz_ogre_vendor/lib:/opt/ros/humble/lib/x86_64-linux-gnu:/opt/ros/humble/lib /usr/bin/cmake --build /home/yuzhe/omx_ws/build/open_manipulator_x_libs -- -j20 -l20
[1.217s] DEBUG:colcon.colcon_core.event_handler.log_command:Invoking command in '/home/yuzhe/omx_ws/build/open_manipulator_x_libs': CMAKE_PREFIX_PATH=/home/yuzhe/omx_ws/install/robotis_manipulator:/home/yuzhe/omx_ws/install/open_manipulator:/home/yuzhe/omx_ws/install/open_manipulator_x_controller:/home/yuzhe/omx_ws/install/open_manipulator_x_libs:/home/yuzhe/omx_ws/install/open_manipulator_x_description:/home/yuzhe/omx_ws/install/open_manipulator_msgs:/home/yuzhe/omx_ws/install/open_manipulator_x_teleop:/opt/ros/humble LD_LIBRARY_PATH=/home/yuzhe/omx_ws/install/robotis_manipulator/lib:/home/yuzhe/omx_ws/install/open_manipulator_x_libs/lib:/home/yuzhe/omx_ws/install/open_manipulator_msgs/lib:/opt/ros/humble/opt/rviz_ogre_vendor/lib:/opt/ros/humble/lib/x86_64-linux-gnu:/opt/ros/humble/lib /usr/bin/cmake --install /home/yuzhe/omx_ws/build/open_manipulator_x_libs
[1.235s] Level 1:colcon.colcon_core.environment:create_environment_scripts_only(open_manipulator_x_libs)
[1.235s] DEBUG:colcon.colcon_core.event_handler.log_command:Invoked command in '/home/yuzhe/omx_ws/build/open_manipulator_x_libs' returned '0': CMAKE_PREFIX_PATH=/home/yuzhe/omx_ws/install/robotis_manipulator:/home/yuzhe/omx_ws/install/open_manipulator:/home/yuzhe/omx_ws/install/open_manipulator_x_controller:/home/yuzhe/omx_ws/install/open_manipulator_x_libs:/home/yuzhe/omx_ws/install/open_manipulator_x_description:/home/yuzhe/omx_ws/install/open_manipulator_msgs:/home/yuzhe/omx_ws/install/open_manipulator_x_teleop:/opt/ros/humble LD_LIBRARY_PATH=/home/yuzhe/omx_ws/install/robotis_manipulator/lib:/home/yuzhe/omx_ws/install/open_manipulator_x_libs/lib:/home/yuzhe/omx_ws/install/open_manipulator_msgs/lib:/opt/ros/humble/opt/rviz_ogre_vendor/lib:/opt/ros/humble/lib/x86_64-linux-gnu:/opt/ros/humble/lib /usr/bin/cmake --install /home/yuzhe/omx_ws/build/open_manipulator_x_libs
[1.236s] Level 1:colcon.colcon_core.environment:checking '/home/yuzhe/omx_ws/install/open_manipulator_x_libs' for CMake module files
[1.236s] Level 1:colcon.colcon_core.environment:checking '/home/yuzhe/omx_ws/install/open_manipulator_x_libs' for CMake config files
[1.237s] Level 1:colcon.colcon_core.shell:create_environment_hook('open_manipulator_x_libs', 'cmake_prefix_path')
[1.237s] INFO:colcon.colcon_core.shell:Creating environment hook '/home/yuzhe/omx_ws/install/open_manipulator_x_libs/share/open_manipulator_x_libs/hook/cmake_prefix_path.ps1'
[1.237s] INFO:colcon.colcon_core.shell:Creating environment descriptor '/home/yuzhe/omx_ws/install/open_manipulator_x_libs/share/open_manipulator_x_libs/hook/cmake_prefix_path.dsv'
[1.238s] INFO:colcon.colcon_core.shell:Creating environment hook '/home/yuzhe/omx_ws/install/open_manipulator_x_libs/share/open_manipulator_x_libs/hook/cmake_prefix_path.sh'
[1.238s] Level 1:colcon.colcon_core.environment:checking '/home/yuzhe/omx_ws/install/open_manipulator_x_libs/lib'
[1.238s] Level 1:colcon.colcon_core.shell:create_environment_hook('open_manipulator_x_libs', 'ld_library_path_lib')
[1.238s] INFO:colcon.colcon_core.shell:Creating environment hook '/home/yuzhe/omx_ws/install/open_manipulator_x_libs/share/open_manipulator_x_libs/hook/ld_library_path_lib.ps1'
[1.239s] INFO:colcon.colcon_core.shell:Creating environment descriptor '/home/yuzhe/omx_ws/install/open_manipulator_x_libs/share/open_manipulator_x_libs/hook/ld_library_path_lib.dsv'
[1.239s] INFO:colcon.colcon_core.shell:Creating environment hook '/home/yuzhe/omx_ws/install/open_manipulator_x_libs/share/open_manipulator_x_libs/hook/ld_library_path_lib.sh'
[1.239s] Level 1:colcon.colcon_core.environment:checking '/home/yuzhe/omx_ws/install/open_manipulator_x_libs/bin'
[1.239s] Level 1:colcon.colcon_core.environment:checking '/home/yuzhe/omx_ws/install/open_manipulator_x_libs/lib/pkgconfig/open_manipulator_x_libs.pc'
[1.239s] Level 1:colcon.colcon_core.environment:checking '/home/yuzhe/omx_ws/install/open_manipulator_x_libs/lib/python3.10/site-packages'
[1.239s] Level 1:colcon.colcon_core.environment:checking '/home/yuzhe/omx_ws/install/open_manipulator_x_libs/bin'
[1.240s] INFO:colcon.colcon_core.shell:Creating package script '/home/yuzhe/omx_ws/install/open_manipulator_x_libs/share/open_manipulator_x_libs/package.ps1'
[1.240s] INFO:colcon.colcon_core.shell:Creating package descriptor '/home/yuzhe/omx_ws/install/open_manipulator_x_libs/share/open_manipulator_x_libs/package.dsv'
[1.240s] INFO:colcon.colcon_core.shell:Creating package script '/home/yuzhe/omx_ws/install/open_manipulator_x_libs/share/open_manipulator_x_libs/package.sh'
[1.240s] INFO:colcon.colcon_core.shell:Creating package script '/home/yuzhe/omx_ws/install/open_manipulator_x_libs/share/open_manipulator_x_libs/package.bash'
[1.241s] INFO:colcon.colcon_core.shell:Creating package script '/home/yuzhe/omx_ws/install/open_manipulator_x_libs/share/open_manipulator_x_libs/package.zsh'
[1.241s] Level 1:colcon.colcon_core.environment:create_file_with_runtime_dependencies(/home/yuzhe/omx_ws/install/open_manipulator_x_libs/share/colcon-core/packages/open_manipulator_x_libs)
[1.241s] Level 1:colcon.colcon_core.environment:create_environment_scripts_only(open_manipulator_x_libs)
[1.241s] Level 1:colcon.colcon_core.environment:checking '/home/yuzhe/omx_ws/install/open_manipulator_x_libs' for CMake module files
[1.241s] Level 1:colcon.colcon_core.environment:checking '/home/yuzhe/omx_ws/install/open_manipulator_x_libs' for CMake config files
[1.242s] Level 1:colcon.colcon_core.shell:create_environment_hook('open_manipulator_x_libs', 'cmake_prefix_path')
[1.242s] INFO:colcon.colcon_core.shell:Creating environment hook '/home/yuzhe/omx_ws/install/open_manipulator_x_libs/share/open_manipulator_x_libs/hook/cmake_prefix_path.ps1'
[1.242s] INFO:colcon.colcon_core.shell:Creating environment descriptor '/home/yuzhe/omx_ws/install/open_manipulator_x_libs/share/open_manipulator_x_libs/hook/cmake_prefix_path.dsv'
[1.243s] INFO:colcon.colcon_core.shell:Creating environment hook '/home/yuzhe/omx_ws/install/open_manipulator_x_libs/share/open_manipulator_x_libs/hook/cmake_prefix_path.sh'
[1.243s] Level 1:colcon.colcon_core.environment:checking '/home/yuzhe/omx_ws/install/open_manipulator_x_libs/lib'
[1.243s] Level 1:colcon.colcon_core.shell:create_environment_hook('open_manipulator_x_libs', 'ld_library_path_lib')
[1.243s] INFO:colcon.colcon_core.shell:Creating environment hook '/home/yuzhe/omx_ws/install/open_manipulator_x_libs/share/open_manipulator_x_libs/hook/ld_library_path_lib.ps1'
[1.243s] INFO:colcon.colcon_core.shell:Creating environment descriptor '/home/yuzhe/omx_ws/install/open_manipulator_x_libs/share/open_manipulator_x_libs/hook/ld_library_path_lib.dsv'
[1.244s] INFO:colcon.colcon_core.shell:Creating environment hook '/home/yuzhe/omx_ws/install/open_manipulator_x_libs/share/open_manipulator_x_libs/hook/ld_library_path_lib.sh'
[1.244s] Level 1:colcon.colcon_core.environment:checking '/home/yuzhe/omx_ws/install/open_manipulator_x_libs/bin'
[1.244s] Level 1:colcon.colcon_core.environment:checking '/home/yuzhe/omx_ws/install/open_manipulator_x_libs/lib/pkgconfig/open_manipulator_x_libs.pc'
[1.244s] Level 1:colcon.colcon_core.environment:checking '/home/yuzhe/omx_ws/install/open_manipulator_x_libs/lib/python3.10/site-packages'
[1.244s] Level 1:colcon.colcon_core.environment:checking '/home/yuzhe/omx_ws/install/open_manipulator_x_libs/bin'
[1.244s] INFO:colcon.colcon_core.shell:Creating package script '/home/yuzhe/omx_ws/install/open_manipulator_x_libs/share/open_manipulator_x_libs/package.ps1'
[1.245s] INFO:colcon.colcon_core.shell:Creating package descriptor '/home/yuzhe/omx_ws/install/open_manipulator_x_libs/share/open_manipulator_x_libs/package.dsv'
[1.245s] INFO:colcon.colcon_core.shell:Creating package script '/home/yuzhe/omx_ws/install/open_manipulator_x_libs/share/open_manipulator_x_libs/package.sh'
[1.245s] INFO:colcon.colcon_core.shell:Creating package script '/home/yuzhe/omx_ws/install/open_manipulator_x_libs/share/open_manipulator_x_libs/package.bash'
[1.246s] INFO:colcon.colcon_core.shell:Creating package script '/home/yuzhe/omx_ws/install/open_manipulator_x_libs/share/open_manipulator_x_libs/package.zsh'
[1.246s] Level 1:colcon.colcon_core.environment:create_file_with_runtime_dependencies(/home/yuzhe/omx_ws/install/open_manipulator_x_libs/share/colcon-core/packages/open_manipulator_x_libs)
[1.362s] DEBUG:colcon.colcon_core.event_handler.log_command:Invoked command in '/home/yuzhe/omx_ws/build/open_manipulator_msgs' returned '0': CMAKE_PREFIX_PATH=${CMAKE_PREFIX_PATH}:/home/yuzhe/omx_ws/install/open_manipulator_x_teleop:/opt/ros/humble /usr/bin/cmake /home/yuzhe/omx_ws/src/open_manipulator_msgs -DCMAKE_INSTALL_PREFIX=/home/yuzhe/omx_ws/install/open_manipulator_msgs
[1.362s] DEBUG:colcon.colcon_core.event_handler.log_command:Invoking command in '/home/yuzhe/omx_ws/build/open_manipulator_msgs': CMAKE_PREFIX_PATH=${CMAKE_PREFIX_PATH}:/home/yuzhe/omx_ws/install/open_manipulator_x_teleop:/opt/ros/humble /usr/bin/cmake --build /home/yuzhe/omx_ws/build/open_manipulator_msgs -- -j20 -l20
[1.414s] DEBUG:colcon.colcon_core.event_handler.log_command:Invoked command in '/home/yuzhe/omx_ws/build/open_manipulator_msgs' returned '2': CMAKE_PREFIX_PATH=${CMAKE_PREFIX_PATH}:/home/yuzhe/omx_ws/install/open_manipulator_x_teleop:/opt/ros/humble /usr/bin/cmake --build /home/yuzhe/omx_ws/build/open_manipulator_msgs -- -j20 -l20
[1.415s] Level 1:colcon.colcon_core.environment:create_environment_scripts_only(open_manipulator_msgs)
[1.415s] Level 1:colcon.colcon_core.environment:checking '/home/yuzhe/omx_ws/install/open_manipulator_msgs' for CMake module files
[1.416s] Level 1:colcon.colcon_core.environment:checking '/home/yuzhe/omx_ws/install/open_manipulator_msgs' for CMake config files
[1.417s] Level 1:colcon.colcon_core.shell:create_environment_hook('open_manipulator_msgs', 'cmake_prefix_path')
[1.417s] INFO:colcon.colcon_core.shell:Creating environment hook '/home/yuzhe/omx_ws/install/open_manipulator_msgs/share/open_manipulator_msgs/hook/cmake_prefix_path.ps1'
[1.418s] INFO:colcon.colcon_core.shell:Creating environment descriptor '/home/yuzhe/omx_ws/install/open_manipulator_msgs/share/open_manipulator_msgs/hook/cmake_prefix_path.dsv'
[1.418s] INFO:colcon.colcon_core.shell:Creating environment hook '/home/yuzhe/omx_ws/install/open_manipulator_msgs/share/open_manipulator_msgs/hook/cmake_prefix_path.sh'
[1.418s] Level 1:colcon.colcon_core.environment:checking '/home/yuzhe/omx_ws/install/open_manipulator_msgs/lib'
[1.418s] Level 1:colcon.colcon_core.shell:create_environment_hook('open_manipulator_msgs', 'ld_library_path_lib')
[1.418s] INFO:colcon.colcon_core.shell:Creating environment hook '/home/yuzhe/omx_ws/install/open_manipulator_msgs/share/open_manipulator_msgs/hook/ld_library_path_lib.ps1'
[1.419s] INFO:colcon.colcon_core.shell:Creating environment descriptor '/home/yuzhe/omx_ws/install/open_manipulator_msgs/share/open_manipulator_msgs/hook/ld_library_path_lib.dsv'
[1.419s] INFO:colcon.colcon_core.shell:Creating environment hook '/home/yuzhe/omx_ws/install/open_manipulator_msgs/share/open_manipulator_msgs/hook/ld_library_path_lib.sh'
[1.419s] Level 1:colcon.colcon_core.environment:checking '/home/yuzhe/omx_ws/install/open_manipulator_msgs/bin'
[1.419s] Level 1:colcon.colcon_core.environment:checking '/home/yuzhe/omx_ws/install/open_manipulator_msgs/lib/pkgconfig/open_manipulator_msgs.pc'
[1.419s] Level 1:colcon.colcon_core.environment:checking '/home/yuzhe/omx_ws/install/open_manipulator_msgs/lib/python3.10/site-packages'
[1.419s] Level 1:colcon.colcon_core.environment:checking '/home/yuzhe/omx_ws/install/open_manipulator_msgs/bin'
[1.420s] INFO:colcon.colcon_core.shell:Creating package script '/home/yuzhe/omx_ws/install/open_manipulator_msgs/share/open_manipulator_msgs/package.ps1'
[1.420s] INFO:colcon.colcon_core.shell:Creating package descriptor '/home/yuzhe/omx_ws/install/open_manipulator_msgs/share/open_manipulator_msgs/package.dsv'
[1.420s] INFO:colcon.colcon_core.shell:Creating package script '/home/yuzhe/omx_ws/install/open_manipulator_msgs/share/open_manipulator_msgs/package.sh'
[1.421s] INFO:colcon.colcon_core.shell:Creating package script '/home/yuzhe/omx_ws/install/open_manipulator_msgs/share/open_manipulator_msgs/package.bash'
[1.421s] INFO:colcon.colcon_core.shell:Creating package script '/home/yuzhe/omx_ws/install/open_manipulator_msgs/share/open_manipulator_msgs/package.zsh'
[1.421s] Level 1:colcon.colcon_core.environment:create_file_with_runtime_dependencies(/home/yuzhe/omx_ws/install/open_manipulator_msgs/share/colcon-core/packages/open_manipulator_msgs)
[1.431s] DEBUG:colcon.colcon_parallel_executor.executor.parallel:closing loop
[1.432s] DEBUG:colcon.colcon_parallel_executor.executor.parallel:loop closed
[1.432s] DEBUG:colcon.colcon_parallel_executor.executor.parallel:run_until_complete finished with '2'
[1.432s] DEBUG:colcon.colcon_core.event_reactor:joining thread
[1.437s] INFO:colcon.colcon_core.plugin_system:Skipping extension 'colcon_notification.desktop_notification.terminal_notifier': Not used on non-Darwin systems
[1.437s] INFO:colcon.colcon_core.plugin_system:Skipping extension 'colcon_notification.desktop_notification.win32': Not used on non-Windows systems
[1.437s] INFO:colcon.colcon_notification.desktop_notification:Sending desktop notification using 'notify2'
[1.447s] DEBUG:colcon.colcon_core.event_reactor:joined thread
[1.448s] INFO:colcon.colcon_core.shell:Creating prefix script '/home/yuzhe/omx_ws/install/local_setup.ps1'
[1.448s] INFO:colcon.colcon_core.shell:Creating prefix util module '/home/yuzhe/omx_ws/install/_local_setup_util_ps1.py'
[1.449s] INFO:colcon.colcon_core.shell:Creating prefix chain script '/home/yuzhe/omx_ws/install/setup.ps1'
[1.450s] INFO:colcon.colcon_core.shell:Creating prefix script '/home/yuzhe/omx_ws/install/local_setup.sh'
[1.450s] INFO:colcon.colcon_core.shell:Creating prefix util module '/home/yuzhe/omx_ws/install/_local_setup_util_sh.py'
[1.451s] INFO:colcon.colcon_core.shell:Creating prefix chain script '/home/yuzhe/omx_ws/install/setup.sh'
[1.451s] INFO:colcon.colcon_core.shell:Creating prefix script '/home/yuzhe/omx_ws/install/local_setup.bash'
[1.452s] INFO:colcon.colcon_core.shell:Creating prefix chain script '/home/yuzhe/omx_ws/install/setup.bash'
[1.452s] INFO:colcon.colcon_core.shell:Creating prefix script '/home/yuzhe/omx_ws/install/local_setup.zsh'
[1.453s] INFO:colcon.colcon_core.shell:Creating prefix chain script '/home/yuzhe/omx_ws/install/setup.zsh'
