[0.357s] Invoking command in '/home/yuzhe/omx_ws/src/open_manipulator/open_manipulator_x_teleop': AMENT_PREFIX_PATH=/home/yuzhe/omx_ws/install/open_manipulator_msgs:${AMENT_PREFIX_PATH} CMAKE_PREFIX_PATH=/home/yuzhe/omx_ws/install/open_manipulator_msgs:${CMAKE_PREFIX_PATH} LD_LIBRARY_PATH=/home/yuzhe/omx_ws/install/open_manipulator_msgs/lib:${LD_LIBRARY_PATH} PYTHONPATH=/home/yuzhe/omx_ws/build/open_manipulator_x_teleop/prefix_override:/usr/lib/python3/dist-packages/colcon_core/task/python/colcon_distutils_commands:/home/yuzhe/omx_ws/install/open_manipulator_x_teleop/lib/python3.10/site-packages:/home/yuzhe/omx_ws/install/open_manipulator_msgs/local/lib/python3.10/dist-packages:${PYTHONPATH} /usr/bin/python3 -W ignore:setup.py install is deprecated -W ignore:easy_install command is deprecated setup.py egg_info --egg-base ../../../build/open_manipulator_x_teleop build --build-base /home/yuzhe/omx_ws/build/open_manipulator_x_teleop/build install --record /home/yuzhe/omx_ws/build/open_manipulator_x_teleop/install.log --single-version-externally-managed install_data
[0.486s] running egg_info
[0.487s] creating ../../../build/open_manipulator_x_teleop/open_manipulator_x_teleop.egg-info
[0.487s] writing ../../../build/open_manipulator_x_teleop/open_manipulator_x_teleop.egg-info/PKG-INFO
[0.487s] writing dependency_links to ../../../build/open_manipulator_x_teleop/open_manipulator_x_teleop.egg-info/dependency_links.txt
[0.487s] writing entry points to ../../../build/open_manipulator_x_teleop/open_manipulator_x_teleop.egg-info/entry_points.txt
[0.487s] writing requirements to ../../../build/open_manipulator_x_teleop/open_manipulator_x_teleop.egg-info/requires.txt
[0.487s] writing top-level names to ../../../build/open_manipulator_x_teleop/open_manipulator_x_teleop.egg-info/top_level.txt
[0.487s] writing manifest file '../../../build/open_manipulator_x_teleop/open_manipulator_x_teleop.egg-info/SOURCES.txt'
[0.488s] reading manifest file '../../../build/open_manipulator_x_teleop/open_manipulator_x_teleop.egg-info/SOURCES.txt'
[0.488s] writing manifest file '../../../build/open_manipulator_x_teleop/open_manipulator_x_teleop.egg-info/SOURCES.txt'
[0.489s] running build
[0.489s] running build_py
[0.489s] creating /home/yuzhe/omx_ws/build/open_manipulator_x_teleop/build
[0.489s] creating /home/yuzhe/omx_ws/build/open_manipulator_x_teleop/build/lib
[0.489s] creating /home/yuzhe/omx_ws/build/open_manipulator_x_teleop/build/lib/open_manipulator_x_teleop
[0.489s] copying open_manipulator_x_teleop/__init__.py -> /home/yuzhe/omx_ws/build/open_manipulator_x_teleop/build/lib/open_manipulator_x_teleop
[0.489s] creating /home/yuzhe/omx_ws/build/open_manipulator_x_teleop/build/lib/open_manipulator_x_teleop/script
[0.489s] copying open_manipulator_x_teleop/script/__init__.py -> /home/yuzhe/omx_ws/build/open_manipulator_x_teleop/build/lib/open_manipulator_x_teleop/script
[0.489s] copying open_manipulator_x_teleop/script/gripper_teleop.py -> /home/yuzhe/omx_ws/build/open_manipulator_x_teleop/build/lib/open_manipulator_x_teleop/script
[0.489s] copying open_manipulator_x_teleop/script/armm.py -> /home/yuzhe/omx_ws/build/open_manipulator_x_teleop/build/lib/open_manipulator_x_teleop/script
[0.489s] copying open_manipulator_x_teleop/script/voice_control.py -> /home/yuzhe/omx_ws/build/open_manipulator_x_teleop/build/lib/open_manipulator_x_teleop/script
[0.489s] copying open_manipulator_x_teleop/script/teleop_keyboard.py -> /home/yuzhe/omx_ws/build/open_manipulator_x_teleop/build/lib/open_manipulator_x_teleop/script
[0.489s] running install
[0.489s] running install_lib
[0.490s] creating /home/yuzhe/omx_ws/install/open_manipulator_x_teleop/lib/python3.10/site-packages/open_manipulator_x_teleop
[0.490s] copying /home/yuzhe/omx_ws/build/open_manipulator_x_teleop/build/lib/open_manipulator_x_teleop/__init__.py -> /home/yuzhe/omx_ws/install/open_manipulator_x_teleop/lib/python3.10/site-packages/open_manipulator_x_teleop
[0.490s] creating /home/yuzhe/omx_ws/install/open_manipulator_x_teleop/lib/python3.10/site-packages/open_manipulator_x_teleop/script
[0.490s] copying /home/yuzhe/omx_ws/build/open_manipulator_x_teleop/build/lib/open_manipulator_x_teleop/script/__init__.py -> /home/yuzhe/omx_ws/install/open_manipulator_x_teleop/lib/python3.10/site-packages/open_manipulator_x_teleop/script
[0.490s] copying /home/yuzhe/omx_ws/build/open_manipulator_x_teleop/build/lib/open_manipulator_x_teleop/script/gripper_teleop.py -> /home/yuzhe/omx_ws/install/open_manipulator_x_teleop/lib/python3.10/site-packages/open_manipulator_x_teleop/script
[0.490s] copying /home/yuzhe/omx_ws/build/open_manipulator_x_teleop/build/lib/open_manipulator_x_teleop/script/armm.py -> /home/yuzhe/omx_ws/install/open_manipulator_x_teleop/lib/python3.10/site-packages/open_manipulator_x_teleop/script
[0.490s] copying /home/yuzhe/omx_ws/build/open_manipulator_x_teleop/build/lib/open_manipulator_x_teleop/script/voice_control.py -> /home/yuzhe/omx_ws/install/open_manipulator_x_teleop/lib/python3.10/site-packages/open_manipulator_x_teleop/script
[0.490s] copying /home/yuzhe/omx_ws/build/open_manipulator_x_teleop/build/lib/open_manipulator_x_teleop/script/teleop_keyboard.py -> /home/yuzhe/omx_ws/install/open_manipulator_x_teleop/lib/python3.10/site-packages/open_manipulator_x_teleop/script
[0.491s] byte-compiling /home/yuzhe/omx_ws/install/open_manipulator_x_teleop/lib/python3.10/site-packages/open_manipulator_x_teleop/__init__.py to __init__.cpython-310.pyc
[0.491s] byte-compiling /home/yuzhe/omx_ws/install/open_manipulator_x_teleop/lib/python3.10/site-packages/open_manipulator_x_teleop/script/__init__.py to __init__.cpython-310.pyc
[0.491s] byte-compiling /home/yuzhe/omx_ws/install/open_manipulator_x_teleop/lib/python3.10/site-packages/open_manipulator_x_teleop/script/gripper_teleop.py to gripper_teleop.cpython-310.pyc
[0.491s] byte-compiling /home/yuzhe/omx_ws/install/open_manipulator_x_teleop/lib/python3.10/site-packages/open_manipulator_x_teleop/script/armm.py to armm.cpython-310.pyc
[0.493s] byte-compiling /home/yuzhe/omx_ws/install/open_manipulator_x_teleop/lib/python3.10/site-packages/open_manipulator_x_teleop/script/voice_control.py to voice_control.cpython-310.pyc
[0.494s] byte-compiling /home/yuzhe/omx_ws/install/open_manipulator_x_teleop/lib/python3.10/site-packages/open_manipulator_x_teleop/script/teleop_keyboard.py to teleop_keyboard.cpython-310.pyc
[0.495s] running install_data
[0.495s] creating /home/yuzhe/omx_ws/install/open_manipulator_x_teleop/share/ament_index
[0.495s] creating /home/yuzhe/omx_ws/install/open_manipulator_x_teleop/share/ament_index/resource_index
[0.495s] creating /home/yuzhe/omx_ws/install/open_manipulator_x_teleop/share/ament_index/resource_index/packages
[0.495s] copying resource/open_manipulator_x_teleop -> /home/yuzhe/omx_ws/install/open_manipulator_x_teleop/share/ament_index/resource_index/packages
[0.495s] copying package.xml -> /home/yuzhe/omx_ws/install/open_manipulator_x_teleop/share/open_manipulator_x_teleop
[0.495s] running install_egg_info
[0.497s] Copying ../../../build/open_manipulator_x_teleop/open_manipulator_x_teleop.egg-info to /home/yuzhe/omx_ws/install/open_manipulator_x_teleop/lib/python3.10/site-packages/open_manipulator_x_teleop-2.3.0-py3.10.egg-info
[0.498s] running install_scripts
[0.511s] Installing armm script to /home/yuzhe/omx_ws/install/open_manipulator_x_teleop/lib/open_manipulator_x_teleop
[0.511s] Installing gripper_teleop script to /home/yuzhe/omx_ws/install/open_manipulator_x_teleop/lib/open_manipulator_x_teleop
[0.511s] Installing teleop_keyboard script to /home/yuzhe/omx_ws/install/open_manipulator_x_teleop/lib/open_manipulator_x_teleop
[0.511s] Installing voice_control script to /home/yuzhe/omx_ws/install/open_manipulator_x_teleop/lib/open_manipulator_x_teleop
[0.511s] writing list of installed files to '/home/yuzhe/omx_ws/build/open_manipulator_x_teleop/install.log'
[0.525s] Invoked command in '/home/yuzhe/omx_ws/src/open_manipulator/open_manipulator_x_teleop' returned '0': AMENT_PREFIX_PATH=/home/yuzhe/omx_ws/install/open_manipulator_msgs:${AMENT_PREFIX_PATH} CMAKE_PREFIX_PATH=/home/yuzhe/omx_ws/install/open_manipulator_msgs:${CMAKE_PREFIX_PATH} LD_LIBRARY_PATH=/home/yuzhe/omx_ws/install/open_manipulator_msgs/lib:${LD_LIBRARY_PATH} PYTHONPATH=/home/yuzhe/omx_ws/build/open_manipulator_x_teleop/prefix_override:/usr/lib/python3/dist-packages/colcon_core/task/python/colcon_distutils_commands:/home/yuzhe/omx_ws/install/open_manipulator_x_teleop/lib/python3.10/site-packages:/home/yuzhe/omx_ws/install/open_manipulator_msgs/local/lib/python3.10/dist-packages:${PYTHONPATH} /usr/bin/python3 -W ignore:setup.py install is deprecated -W ignore:easy_install command is deprecated setup.py egg_info --egg-base ../../../build/open_manipulator_x_teleop build --build-base /home/yuzhe/omx_ws/build/open_manipulator_x_teleop/build install --record /home/yuzhe/omx_ws/build/open_manipulator_x_teleop/install.log --single-version-externally-managed install_data
