running egg_info
writing build/open_manipulator_x_teleop/open_manipulator_x_teleop.egg-info/PKG-INFO
writing dependency_links to build/open_manipulator_x_teleop/open_manipulator_x_teleop.egg-info/dependency_links.txt
writing entry points to build/open_manipulator_x_teleop/open_manipulator_x_teleop.egg-info/entry_points.txt
writing requirements to build/open_manipulator_x_teleop/open_manipulator_x_teleop.egg-info/requires.txt
writing top-level names to build/open_manipulator_x_teleop/open_manipulator_x_teleop.egg-info/top_level.txt
reading manifest file 'build/open_manipulator_x_teleop/open_manipulator_x_teleop.egg-info/SOURCES.txt'
writing manifest file 'build/open_manipulator_x_teleop/open_manipulator_x_teleop.egg-info/SOURCES.txt'
running build
running build_py
copying open_manipulator_x_teleop/script/teleop_keyboard.py -> /home/jun/omx_ws/src/open_manipulator/open_manipulator_x_teleop/build/open_manipulator_x_teleop/build/lib/open_manipulator_x_teleop/script
running install
running install_lib
copying /home/jun/omx_ws/src/open_manipulator/open_manipulator_x_teleop/build/open_manipulator_x_teleop/build/lib/open_manipulator_x_teleop/script/teleop_keyboard.py -> /home/jun/omx_ws/src/open_manipulator/open_manipulator_x_teleop/install/open_manipulator_x_teleop/lib/python3.10/site-packages/open_manipulator_x_teleop/script
byte-compiling /home/jun/omx_ws/src/open_manipulator/open_manipulator_x_teleop/install/open_manipulator_x_teleop/lib/python3.10/site-packages/open_manipulator_x_teleop/script/teleop_keyboard.py to teleop_keyboard.cpython-310.pyc
running install_data
running install_egg_info
removing '/home/jun/omx_ws/src/open_manipulator/open_manipulator_x_teleop/install/open_manipulator_x_teleop/lib/python3.10/site-packages/open_manipulator_x_teleop-2.3.0-py3.10.egg-info' (and everything under it)
Copying build/open_manipulator_x_teleop/open_manipulator_x_teleop.egg-info to /home/jun/omx_ws/src/open_manipulator/open_manipulator_x_teleop/install/open_manipulator_x_teleop/lib/python3.10/site-packages/open_manipulator_x_teleop-2.3.0-py3.10.egg-info
running install_scripts
Installing gripper_teleop script to /home/jun/omx_ws/src/open_manipulator/open_manipulator_x_teleop/install/open_manipulator_x_teleop/lib/open_manipulator_x_teleop
Installing teleop_keyboard script to /home/jun/omx_ws/src/open_manipulator/open_manipulator_x_teleop/install/open_manipulator_x_teleop/lib/open_manipulator_x_teleop
writing list of installed files to '/home/jun/omx_ws/src/open_manipulator/open_manipulator_x_teleop/build/open_manipulator_x_teleop/install.log'
