[0.079s] DEBUG:colcon:Command line arguments: ['/usr/bin/colcon', 'build', '--packages-select', 'open_manipulator_x_teleop']
[0.079s] DEBUG:colcon:Parsed command line arguments: Namespace(log_base=None, log_level=None, verb_name='build', build_base='build', install_base='install', merge_install=False, symlink_install=False, test_result_base=None, continue_on_error=False, executor='parallel', parallel_workers=16, event_handlers=None, ignore_user_meta=False, metas=['./colcon.meta'], base_paths=['.'], packages_ignore=None, packages_ignore_regex=None, paths=None, packages_up_to=None, packages_up_to_regex=None, packages_above=None, packages_above_and_dependencies=None, packages_above_depth=None, packages_select_by_dep=None, packages_skip_by_dep=None, packages_skip_up_to=None, packages_select_build_failed=False, packages_skip_build_finished=False, packages_select_test_failures=False, packages_skip_test_passed=False, packages_select=['open_manipulator_x_teleop'], packages_skip=None, packages_select_regex=None, packages_skip_regex=None, packages_start=None, packages_end=None, allow_overriding=[], cmake_args=None, cmake_target=None, cmake_target_skip_unavailable=False, cmake_clean_cache=False, cmake_clean_first=False, cmake_force_configure=False, ament_cmake_args=None, catkin_cmake_args=None, catkin_skip_building_tests=False, mixin_files=None, mixin=None, verb_parser=<colcon_mixin.mixin.mixin_argument.MixinArgumentDecorator object at 0x7232ffc4ead0>, verb_extension=<colcon_core.verb.build.BuildVerb object at 0x7232ffc4e560>, main=<bound method BuildVerb.main of <colcon_core.verb.build.BuildVerb object at 0x7232ffc4e560>>, mixin_verb=('build',))
[0.208s] Level 1:colcon.colcon_core.package_discovery:discover_packages(colcon_meta) check parameters
[0.208s] Level 1:colcon.colcon_core.package_discovery:discover_packages(recursive) check parameters
[0.208s] Level 1:colcon.colcon_core.package_discovery:discover_packages(ignore) check parameters
[0.208s] Level 1:colcon.colcon_core.package_discovery:discover_packages(path) check parameters
[0.208s] Level 1:colcon.colcon_core.package_discovery:discover_packages(colcon_meta) discover
[0.208s] Level 1:colcon.colcon_core.package_discovery:discover_packages(recursive) discover
[0.208s] INFO:colcon.colcon_core.package_discovery:Crawling recursively for packages in '/home/jun/omx_ws/src/open_manipulator/open_manipulator_x_teleop'
[0.208s] Level 1:colcon.colcon_core.package_identification:_identify(.) by extensions ['ignore', 'ignore_ament_install']
[0.208s] Level 1:colcon.colcon_core.package_identification:_identify(.) by extension 'ignore'
[0.209s] Level 1:colcon.colcon_core.package_identification:_identify(.) by extension 'ignore_ament_install'
[0.209s] Level 1:colcon.colcon_core.package_identification:_identify(.) by extensions ['colcon_pkg']
[0.209s] Level 1:colcon.colcon_core.package_identification:_identify(.) by extension 'colcon_pkg'
[0.209s] Level 1:colcon.colcon_core.package_identification:_identify(.) by extensions ['colcon_meta']
[0.209s] Level 1:colcon.colcon_core.package_identification:_identify(.) by extension 'colcon_meta'
[0.209s] Level 1:colcon.colcon_core.package_identification:_identify(.) by extensions ['ros']
[0.209s] Level 1:colcon.colcon_core.package_identification:_identify(.) by extension 'ros'
[0.218s] DEBUG:colcon.colcon_core.package_identification:Package '.' with type 'ros.ament_python' and name 'open_manipulator_x_teleop'
[0.218s] Level 1:colcon.colcon_core.package_discovery:discover_packages(recursive) using defaults
[0.218s] Level 1:colcon.colcon_core.package_discovery:discover_packages(ignore) discover
[0.218s] Level 1:colcon.colcon_core.package_discovery:discover_packages(ignore) using defaults
[0.218s] Level 1:colcon.colcon_core.package_discovery:discover_packages(path) discover
[0.218s] Level 1:colcon.colcon_core.package_discovery:discover_packages(path) using defaults
[0.242s] Level 1:colcon.colcon_core.package_discovery:discover_packages(prefix_path) check parameters
[0.242s] Level 1:colcon.colcon_core.package_discovery:discover_packages(prefix_path) discover
[0.243s] DEBUG:colcon.colcon_installed_package_information.package_discovery:Found 7 installed packages in /home/jun/omx_ws/install
[0.245s] DEBUG:colcon.colcon_installed_package_information.package_discovery:Found 431 installed packages in /opt/ros/humble
[0.246s] Level 1:colcon.colcon_core.package_discovery:discover_packages(prefix_path) using defaults
[0.283s] WARNING:colcon.colcon_core.package_selection:Some selected packages are already built in one or more underlay workspaces:
	'open_manipulator_x_teleop' is in: /home/jun/omx_ws/install/open_manipulator_x_teleop
If a package in a merged underlay workspace is overridden and it installs headers, then all packages in the overlay must sort their include directories by workspace order. Failure to do so may result in build failures or undefined behavior at run time.
If the overridden package is used by another package in any underlay, then the overriding package in the overlay must be API and ABI compatible or undefined behavior at run time may occur.

If you understand the risks and want to override a package anyways, add the following to the command line:
	--allow-overriding open_manipulator_x_teleop

This may be promoted to an error in a future release of colcon-override-check.
[0.283s] Level 5:colcon.colcon_core.verb:set package 'open_manipulator_x_teleop' build argument 'cmake_args' from command line to 'None'
[0.283s] Level 5:colcon.colcon_core.verb:set package 'open_manipulator_x_teleop' build argument 'cmake_target' from command line to 'None'
[0.283s] Level 5:colcon.colcon_core.verb:set package 'open_manipulator_x_teleop' build argument 'cmake_target_skip_unavailable' from command line to 'False'
[0.283s] Level 5:colcon.colcon_core.verb:set package 'open_manipulator_x_teleop' build argument 'cmake_clean_cache' from command line to 'False'
[0.283s] Level 5:colcon.colcon_core.verb:set package 'open_manipulator_x_teleop' build argument 'cmake_clean_first' from command line to 'False'
[0.284s] Level 5:colcon.colcon_core.verb:set package 'open_manipulator_x_teleop' build argument 'cmake_force_configure' from command line to 'False'
[0.284s] Level 5:colcon.colcon_core.verb:set package 'open_manipulator_x_teleop' build argument 'ament_cmake_args' from command line to 'None'
[0.284s] Level 5:colcon.colcon_core.verb:set package 'open_manipulator_x_teleop' build argument 'catkin_cmake_args' from command line to 'None'
[0.284s] Level 5:colcon.colcon_core.verb:set package 'open_manipulator_x_teleop' build argument 'catkin_skip_building_tests' from command line to 'False'
[0.284s] DEBUG:colcon.colcon_core.verb:Building package 'open_manipulator_x_teleop' with the following arguments: {'ament_cmake_args': None, 'build_base': '/home/jun/omx_ws/src/open_manipulator/open_manipulator_x_teleop/build/open_manipulator_x_teleop', 'catkin_cmake_args': None, 'catkin_skip_building_tests': False, 'cmake_args': None, 'cmake_clean_cache': False, 'cmake_clean_first': False, 'cmake_force_configure': False, 'cmake_target': None, 'cmake_target_skip_unavailable': False, 'install_base': '/home/jun/omx_ws/src/open_manipulator/open_manipulator_x_teleop/install/open_manipulator_x_teleop', 'merge_install': False, 'path': '/home/jun/omx_ws/src/open_manipulator/open_manipulator_x_teleop', 'symlink_install': False, 'test_result_base': None}
[0.284s] INFO:colcon.colcon_core.executor:Executing jobs using 'parallel' executor
[0.284s] DEBUG:colcon.colcon_parallel_executor.executor.parallel:run_until_complete
[0.285s] INFO:colcon.colcon_ros.task.ament_python.build:Building ROS package in '/home/jun/omx_ws/src/open_manipulator/open_manipulator_x_teleop' with build type 'ament_python'
[0.285s] Level 1:colcon.colcon_core.shell:create_environment_hook('open_manipulator_x_teleop', 'ament_prefix_path')
[0.286s] INFO:colcon.colcon_core.plugin_system:Skipping extension 'colcon_core.shell.bat': Not used on non-Windows systems
[0.286s] INFO:colcon.colcon_core.shell:Creating environment hook '/home/jun/omx_ws/src/open_manipulator/open_manipulator_x_teleop/install/open_manipulator_x_teleop/share/open_manipulator_x_teleop/hook/ament_prefix_path.ps1'
[0.287s] INFO:colcon.colcon_core.shell:Creating environment descriptor '/home/jun/omx_ws/src/open_manipulator/open_manipulator_x_teleop/install/open_manipulator_x_teleop/share/open_manipulator_x_teleop/hook/ament_prefix_path.dsv'
[0.287s] INFO:colcon.colcon_core.shell:Creating environment hook '/home/jun/omx_ws/src/open_manipulator/open_manipulator_x_teleop/install/open_manipulator_x_teleop/share/open_manipulator_x_teleop/hook/ament_prefix_path.sh'
[0.288s] INFO:colcon.colcon_core.shell:Skip shell extension 'powershell' for command environment: Not usable outside of PowerShell
[0.288s] DEBUG:colcon.colcon_core.shell:Skip shell extension 'dsv' for command environment
[0.485s] INFO:colcon.colcon_core.task.python.build:Building Python package in '/home/jun/omx_ws/src/open_manipulator/open_manipulator_x_teleop'
[0.485s] INFO:colcon.colcon_core.shell:Skip shell extension 'powershell' for command environment: Not usable outside of PowerShell
[0.485s] DEBUG:colcon.colcon_core.shell:Skip shell extension 'dsv' for command environment
[0.764s] DEBUG:colcon.colcon_core.event_handler.log_command:Invoking command in '/home/jun/omx_ws/src/open_manipulator/open_manipulator_x_teleop': PYTHONPATH=/home/jun/omx_ws/src/open_manipulator/open_manipulator_x_teleop/build/open_manipulator_x_teleop/prefix_override:/usr/lib/python3/dist-packages/colcon_core/task/python/colcon_distutils_commands:/home/jun/omx_ws/src/open_manipulator/open_manipulator_x_teleop/install/open_manipulator_x_teleop/lib/python3.10/site-packages:${PYTHONPATH} /usr/bin/python3 -W ignore:setup.py install is deprecated -W ignore:easy_install command is deprecated setup.py egg_info --egg-base build/open_manipulator_x_teleop build --build-base /home/jun/omx_ws/src/open_manipulator/open_manipulator_x_teleop/build/open_manipulator_x_teleop/build install --record /home/jun/omx_ws/src/open_manipulator/open_manipulator_x_teleop/build/open_manipulator_x_teleop/install.log --single-version-externally-managed install_data
[0.984s] DEBUG:colcon.colcon_core.event_handler.log_command:Invoked command in '/home/jun/omx_ws/src/open_manipulator/open_manipulator_x_teleop' returned '0': PYTHONPATH=/home/jun/omx_ws/src/open_manipulator/open_manipulator_x_teleop/build/open_manipulator_x_teleop/prefix_override:/usr/lib/python3/dist-packages/colcon_core/task/python/colcon_distutils_commands:/home/jun/omx_ws/src/open_manipulator/open_manipulator_x_teleop/install/open_manipulator_x_teleop/lib/python3.10/site-packages:${PYTHONPATH} /usr/bin/python3 -W ignore:setup.py install is deprecated -W ignore:easy_install command is deprecated setup.py egg_info --egg-base build/open_manipulator_x_teleop build --build-base /home/jun/omx_ws/src/open_manipulator/open_manipulator_x_teleop/build/open_manipulator_x_teleop/build install --record /home/jun/omx_ws/src/open_manipulator/open_manipulator_x_teleop/build/open_manipulator_x_teleop/install.log --single-version-externally-managed install_data
[0.985s] Level 1:colcon.colcon_core.environment:checking '/home/jun/omx_ws/src/open_manipulator/open_manipulator_x_teleop/install/open_manipulator_x_teleop' for CMake module files
[0.986s] Level 1:colcon.colcon_core.environment:checking '/home/jun/omx_ws/src/open_manipulator/open_manipulator_x_teleop/install/open_manipulator_x_teleop' for CMake config files
[0.986s] Level 1:colcon.colcon_core.environment:checking '/home/jun/omx_ws/src/open_manipulator/open_manipulator_x_teleop/install/open_manipulator_x_teleop/lib'
[0.986s] Level 1:colcon.colcon_core.environment:checking '/home/jun/omx_ws/src/open_manipulator/open_manipulator_x_teleop/install/open_manipulator_x_teleop/bin'
[0.986s] Level 1:colcon.colcon_core.environment:checking '/home/jun/omx_ws/src/open_manipulator/open_manipulator_x_teleop/install/open_manipulator_x_teleop/lib/pkgconfig/open_manipulator_x_teleop.pc'
[0.987s] Level 1:colcon.colcon_core.environment:checking '/home/jun/omx_ws/src/open_manipulator/open_manipulator_x_teleop/install/open_manipulator_x_teleop/lib/python3.10/site-packages'
[0.987s] Level 1:colcon.colcon_core.shell:create_environment_hook('open_manipulator_x_teleop', 'pythonpath')
[0.987s] INFO:colcon.colcon_core.shell:Creating environment hook '/home/jun/omx_ws/src/open_manipulator/open_manipulator_x_teleop/install/open_manipulator_x_teleop/share/open_manipulator_x_teleop/hook/pythonpath.ps1'
[0.987s] INFO:colcon.colcon_core.shell:Creating environment descriptor '/home/jun/omx_ws/src/open_manipulator/open_manipulator_x_teleop/install/open_manipulator_x_teleop/share/open_manipulator_x_teleop/hook/pythonpath.dsv'
[0.987s] INFO:colcon.colcon_core.shell:Creating environment hook '/home/jun/omx_ws/src/open_manipulator/open_manipulator_x_teleop/install/open_manipulator_x_teleop/share/open_manipulator_x_teleop/hook/pythonpath.sh'
[0.988s] Level 1:colcon.colcon_core.environment:checking '/home/jun/omx_ws/src/open_manipulator/open_manipulator_x_teleop/install/open_manipulator_x_teleop/bin'
[0.988s] Level 1:colcon.colcon_core.environment:create_environment_scripts_only(open_manipulator_x_teleop)
[0.988s] INFO:colcon.colcon_core.shell:Creating package script '/home/jun/omx_ws/src/open_manipulator/open_manipulator_x_teleop/install/open_manipulator_x_teleop/share/open_manipulator_x_teleop/package.ps1'
[0.989s] INFO:colcon.colcon_core.shell:Creating package descriptor '/home/jun/omx_ws/src/open_manipulator/open_manipulator_x_teleop/install/open_manipulator_x_teleop/share/open_manipulator_x_teleop/package.dsv'
[0.989s] INFO:colcon.colcon_core.shell:Creating package script '/home/jun/omx_ws/src/open_manipulator/open_manipulator_x_teleop/install/open_manipulator_x_teleop/share/open_manipulator_x_teleop/package.sh'
[0.989s] INFO:colcon.colcon_core.shell:Creating package script '/home/jun/omx_ws/src/open_manipulator/open_manipulator_x_teleop/install/open_manipulator_x_teleop/share/open_manipulator_x_teleop/package.bash'
[0.990s] INFO:colcon.colcon_core.shell:Creating package script '/home/jun/omx_ws/src/open_manipulator/open_manipulator_x_teleop/install/open_manipulator_x_teleop/share/open_manipulator_x_teleop/package.zsh'
[0.990s] Level 1:colcon.colcon_core.environment:create_file_with_runtime_dependencies(/home/jun/omx_ws/src/open_manipulator/open_manipulator_x_teleop/install/open_manipulator_x_teleop/share/colcon-core/packages/open_manipulator_x_teleop)
[0.991s] DEBUG:colcon.colcon_parallel_executor.executor.parallel:closing loop
[0.991s] DEBUG:colcon.colcon_parallel_executor.executor.parallel:loop closed
[0.991s] DEBUG:colcon.colcon_parallel_executor.executor.parallel:run_until_complete finished with '0'
[0.991s] DEBUG:colcon.colcon_core.event_reactor:joining thread
[0.995s] INFO:colcon.colcon_core.plugin_system:Skipping extension 'colcon_notification.desktop_notification.terminal_notifier': Not used on non-Darwin systems
[0.995s] INFO:colcon.colcon_core.plugin_system:Skipping extension 'colcon_notification.desktop_notification.win32': Not used on non-Windows systems
[0.995s] INFO:colcon.colcon_notification.desktop_notification:Sending desktop notification using 'notify2'
[1.004s] DEBUG:colcon.colcon_core.event_reactor:joined thread
[1.005s] INFO:colcon.colcon_core.shell:Creating prefix script '/home/jun/omx_ws/src/open_manipulator/open_manipulator_x_teleop/install/local_setup.ps1'
[1.005s] INFO:colcon.colcon_core.shell:Creating prefix util module '/home/jun/omx_ws/src/open_manipulator/open_manipulator_x_teleop/install/_local_setup_util_ps1.py'
[1.006s] INFO:colcon.colcon_core.shell:Creating prefix chain script '/home/jun/omx_ws/src/open_manipulator/open_manipulator_x_teleop/install/setup.ps1'
[1.007s] INFO:colcon.colcon_core.shell:Creating prefix script '/home/jun/omx_ws/src/open_manipulator/open_manipulator_x_teleop/install/local_setup.sh'
[1.008s] INFO:colcon.colcon_core.shell:Creating prefix util module '/home/jun/omx_ws/src/open_manipulator/open_manipulator_x_teleop/install/_local_setup_util_sh.py'
[1.008s] INFO:colcon.colcon_core.shell:Creating prefix chain script '/home/jun/omx_ws/src/open_manipulator/open_manipulator_x_teleop/install/setup.sh'
[1.009s] INFO:colcon.colcon_core.shell:Creating prefix script '/home/jun/omx_ws/src/open_manipulator/open_manipulator_x_teleop/install/local_setup.bash'
[1.009s] INFO:colcon.colcon_core.shell:Creating prefix chain script '/home/jun/omx_ws/src/open_manipulator/open_manipulator_x_teleop/install/setup.bash'
[1.010s] INFO:colcon.colcon_core.shell:Creating prefix script '/home/jun/omx_ws/src/open_manipulator/open_manipulator_x_teleop/install/local_setup.zsh'
[1.010s] INFO:colcon.colcon_core.shell:Creating prefix chain script '/home/jun/omx_ws/src/open_manipulator/open_manipulator_x_teleop/install/setup.zsh'
