[0.061s] DEBUG:colcon:Command line arguments: ['/usr/bin/colcon', 'build']
[0.061s] DEBUG:colcon:Parsed command line arguments: Namespace(log_base=None, log_level=None, verb_name='build', build_base='build', install_base='install', merge_install=False, symlink_install=False, test_result_base=None, continue_on_error=False, executor='parallel', parallel_workers=20, event_handlers=None, ignore_user_meta=False, metas=['./colcon.meta'], base_paths=['.'], packages_ignore=None, packages_ignore_regex=None, paths=None, packages_up_to=None, packages_up_to_regex=None, packages_above=None, packages_above_and_dependencies=None, packages_above_depth=None, packages_select_by_dep=None, packages_skip_by_dep=None, packages_skip_up_to=None, packages_select_build_failed=False, packages_skip_build_finished=False, packages_select_test_failures=False, packages_skip_test_passed=False, packages_select=None, packages_skip=None, packages_select_regex=None, packages_skip_regex=None, packages_start=None, packages_end=None, allow_overriding=[], cmake_args=None, cmake_target=None, cmake_target_skip_unavailable=False, cmake_clean_cache=False, cmake_clean_first=False, cmake_force_configure=False, ament_cmake_args=None, catkin_cmake_args=None, catkin_skip_building_tests=False, mixin_files=None, mixin=None, verb_parser=<colcon_mixin.mixin.mixin_argument.MixinArgumentDecorator object at 0x747e5c3fe0e0>, verb_extension=<colcon_core.verb.build.BuildVerb object at 0x747e5c3fdb70>, main=<bound method BuildVerb.main of <colcon_core.verb.build.BuildVerb object at 0x747e5c3fdb70>>, mixin_verb=('build',))
[0.149s] Level 1:colcon.colcon_core.package_discovery:discover_packages(colcon_meta) check parameters
[0.149s] Level 1:colcon.colcon_core.package_discovery:discover_packages(recursive) check parameters
[0.149s] Level 1:colcon.colcon_core.package_discovery:discover_packages(ignore) check parameters
[0.149s] Level 1:colcon.colcon_core.package_discovery:discover_packages(path) check parameters
[0.149s] Level 1:colcon.colcon_core.package_discovery:discover_packages(colcon_meta) discover
[0.149s] Level 1:colcon.colcon_core.package_discovery:discover_packages(recursive) discover
[0.149s] INFO:colcon.colcon_core.package_discovery:Crawling recursively for packages in '/home/yuzhe/omx_ws'
[0.149s] Level 1:colcon.colcon_core.package_identification:_identify(.) by extensions ['ignore', 'ignore_ament_install']
[0.149s] Level 1:colcon.colcon_core.package_identification:_identify(.) by extension 'ignore'
[0.149s] Level 1:colcon.colcon_core.package_identification:_identify(.) by extension 'ignore_ament_install'
[0.149s] Level 1:colcon.colcon_core.package_identification:_identify(.) by extensions ['colcon_pkg']
[0.149s] Level 1:colcon.colcon_core.package_identification:_identify(.) by extension 'colcon_pkg'
[0.149s] Level 1:colcon.colcon_core.package_identification:_identify(.) by extensions ['colcon_meta']
[0.149s] Level 1:colcon.colcon_core.package_identification:_identify(.) by extension 'colcon_meta'
[0.150s] Level 1:colcon.colcon_core.package_identification:_identify(.) by extensions ['ros']
[0.150s] Level 1:colcon.colcon_core.package_identification:_identify(.) by extension 'ros'
[0.158s] Level 1:colcon.colcon_core.package_identification:_identify(.) by extensions ['cmake', 'python']
[0.158s] Level 1:colcon.colcon_core.package_identification:_identify(.) by extension 'cmake'
[0.158s] Level 1:colcon.colcon_core.package_identification:_identify(.) by extension 'python'
[0.158s] Level 1:colcon.colcon_core.package_identification:_identify(.) by extensions ['python_setup_py']
[0.158s] Level 1:colcon.colcon_core.package_identification:_identify(.) by extension 'python_setup_py'
[0.158s] Level 1:colcon.colcon_core.package_identification:_identify(build) by extensions ['ignore', 'ignore_ament_install']
[0.158s] Level 1:colcon.colcon_core.package_identification:_identify(build) by extension 'ignore'
[0.158s] Level 1:colcon.colcon_core.package_identification:_identify(build) ignored
[0.158s] Level 1:colcon.colcon_core.package_identification:_identify(install) by extensions ['ignore', 'ignore_ament_install']
[0.158s] Level 1:colcon.colcon_core.package_identification:_identify(install) by extension 'ignore'
[0.158s] Level 1:colcon.colcon_core.package_identification:_identify(install) ignored
[0.158s] Level 1:colcon.colcon_core.package_identification:_identify(log) by extensions ['ignore', 'ignore_ament_install']
[0.158s] Level 1:colcon.colcon_core.package_identification:_identify(log) by extension 'ignore'
[0.158s] Level 1:colcon.colcon_core.package_identification:_identify(log) ignored
[0.158s] Level 1:colcon.colcon_core.package_identification:_identify(src) by extensions ['ignore', 'ignore_ament_install']
[0.158s] Level 1:colcon.colcon_core.package_identification:_identify(src) by extension 'ignore'
[0.158s] Level 1:colcon.colcon_core.package_identification:_identify(src) by extension 'ignore_ament_install'
[0.158s] Level 1:colcon.colcon_core.package_identification:_identify(src) by extensions ['colcon_pkg']
[0.158s] Level 1:colcon.colcon_core.package_identification:_identify(src) by extension 'colcon_pkg'
[0.158s] Level 1:colcon.colcon_core.package_identification:_identify(src) by extensions ['colcon_meta']
[0.158s] Level 1:colcon.colcon_core.package_identification:_identify(src) by extension 'colcon_meta'
[0.158s] Level 1:colcon.colcon_core.package_identification:_identify(src) by extensions ['ros']
[0.158s] Level 1:colcon.colcon_core.package_identification:_identify(src) by extension 'ros'
[0.159s] Level 1:colcon.colcon_core.package_identification:_identify(src) by extensions ['cmake', 'python']
[0.159s] Level 1:colcon.colcon_core.package_identification:_identify(src) by extension 'cmake'
[0.159s] Level 1:colcon.colcon_core.package_identification:_identify(src) by extension 'python'
[0.159s] Level 1:colcon.colcon_core.package_identification:_identify(src) by extensions ['python_setup_py']
[0.159s] Level 1:colcon.colcon_core.package_identification:_identify(src) by extension 'python_setup_py'
[0.159s] Level 1:colcon.colcon_core.package_identification:_identify(src/open_manipulator) by extensions ['ignore', 'ignore_ament_install']
[0.159s] Level 1:colcon.colcon_core.package_identification:_identify(src/open_manipulator) by extension 'ignore'
[0.159s] Level 1:colcon.colcon_core.package_identification:_identify(src/open_manipulator) by extension 'ignore_ament_install'
[0.159s] Level 1:colcon.colcon_core.package_identification:_identify(src/open_manipulator) by extensions ['colcon_pkg']
[0.159s] Level 1:colcon.colcon_core.package_identification:_identify(src/open_manipulator) by extension 'colcon_pkg'
[0.159s] Level 1:colcon.colcon_core.package_identification:_identify(src/open_manipulator) by extensions ['colcon_meta']
[0.159s] Level 1:colcon.colcon_core.package_identification:_identify(src/open_manipulator) by extension 'colcon_meta'
[0.159s] Level 1:colcon.colcon_core.package_identification:_identify(src/open_manipulator) by extensions ['ros']
[0.159s] Level 1:colcon.colcon_core.package_identification:_identify(src/open_manipulator) by extension 'ros'
[0.159s] Level 1:colcon.colcon_core.package_identification:_identify(src/open_manipulator) by extensions ['cmake', 'python']
[0.159s] Level 1:colcon.colcon_core.package_identification:_identify(src/open_manipulator) by extension 'cmake'
[0.159s] Level 1:colcon.colcon_core.package_identification:_identify(src/open_manipulator) by extension 'python'
[0.159s] Level 1:colcon.colcon_core.package_identification:_identify(src/open_manipulator) by extensions ['python_setup_py']
[0.159s] Level 1:colcon.colcon_core.package_identification:_identify(src/open_manipulator) by extension 'python_setup_py'
[0.159s] Level 1:colcon.colcon_core.package_identification:_identify(src/open_manipulator/build) by extensions ['ignore', 'ignore_ament_install']
[0.159s] Level 1:colcon.colcon_core.package_identification:_identify(src/open_manipulator/build) by extension 'ignore'
[0.159s] Level 1:colcon.colcon_core.package_identification:_identify(src/open_manipulator/build) ignored
[0.159s] Level 1:colcon.colcon_core.package_identification:_identify(src/open_manipulator/install) by extensions ['ignore', 'ignore_ament_install']
[0.159s] Level 1:colcon.colcon_core.package_identification:_identify(src/open_manipulator/install) by extension 'ignore'
[0.159s] Level 1:colcon.colcon_core.package_identification:_identify(src/open_manipulator/install) ignored
[0.159s] Level 1:colcon.colcon_core.package_identification:_identify(src/open_manipulator/log) by extensions ['ignore', 'ignore_ament_install']
[0.159s] Level 1:colcon.colcon_core.package_identification:_identify(src/open_manipulator/log) by extension 'ignore'
[0.159s] Level 1:colcon.colcon_core.package_identification:_identify(src/open_manipulator/log) ignored
[0.159s] Level 1:colcon.colcon_core.package_identification:_identify(src/open_manipulator/open_manipulator) by extensions ['ignore', 'ignore_ament_install']
[0.159s] Level 1:colcon.colcon_core.package_identification:_identify(src/open_manipulator/open_manipulator) by extension 'ignore'
[0.159s] Level 1:colcon.colcon_core.package_identification:_identify(src/open_manipulator/open_manipulator) by extension 'ignore_ament_install'
[0.159s] Level 1:colcon.colcon_core.package_identification:_identify(src/open_manipulator/open_manipulator) by extensions ['colcon_pkg']
[0.159s] Level 1:colcon.colcon_core.package_identification:_identify(src/open_manipulator/open_manipulator) by extension 'colcon_pkg'
[0.159s] Level 1:colcon.colcon_core.package_identification:_identify(src/open_manipulator/open_manipulator) by extensions ['colcon_meta']
[0.159s] Level 1:colcon.colcon_core.package_identification:_identify(src/open_manipulator/open_manipulator) by extension 'colcon_meta'
[0.160s] Level 1:colcon.colcon_core.package_identification:_identify(src/open_manipulator/open_manipulator) by extensions ['ros']
[0.160s] Level 1:colcon.colcon_core.package_identification:_identify(src/open_manipulator/open_manipulator) by extension 'ros'
[0.161s] DEBUG:colcon.colcon_core.package_identification:Package 'src/open_manipulator/open_manipulator' with type 'ros.ament_cmake' and name 'open_manipulator'
[0.161s] Level 1:colcon.colcon_core.package_identification:_identify(src/open_manipulator/open_manipulator_x_controller) by extensions ['ignore', 'ignore_ament_install']
[0.161s] Level 1:colcon.colcon_core.package_identification:_identify(src/open_manipulator/open_manipulator_x_controller) by extension 'ignore'
[0.161s] Level 1:colcon.colcon_core.package_identification:_identify(src/open_manipulator/open_manipulator_x_controller) by extension 'ignore_ament_install'
[0.161s] Level 1:colcon.colcon_core.package_identification:_identify(src/open_manipulator/open_manipulator_x_controller) by extensions ['colcon_pkg']
[0.161s] Level 1:colcon.colcon_core.package_identification:_identify(src/open_manipulator/open_manipulator_x_controller) by extension 'colcon_pkg'
[0.161s] Level 1:colcon.colcon_core.package_identification:_identify(src/open_manipulator/open_manipulator_x_controller) by extensions ['colcon_meta']
[0.161s] Level 1:colcon.colcon_core.package_identification:_identify(src/open_manipulator/open_manipulator_x_controller) by extension 'colcon_meta'
[0.161s] Level 1:colcon.colcon_core.package_identification:_identify(src/open_manipulator/open_manipulator_x_controller) by extensions ['ros']
[0.161s] Level 1:colcon.colcon_core.package_identification:_identify(src/open_manipulator/open_manipulator_x_controller) by extension 'ros'
[0.162s] DEBUG:colcon.colcon_core.package_identification:Package 'src/open_manipulator/open_manipulator_x_controller' with type 'ros.ament_cmake' and name 'open_manipulator_x_controller'
[0.162s] Level 1:colcon.colcon_core.package_identification:_identify(src/open_manipulator/open_manipulator_x_description) by extensions ['ignore', 'ignore_ament_install']
[0.162s] Level 1:colcon.colcon_core.package_identification:_identify(src/open_manipulator/open_manipulator_x_description) by extension 'ignore'
[0.162s] Level 1:colcon.colcon_core.package_identification:_identify(src/open_manipulator/open_manipulator_x_description) by extension 'ignore_ament_install'
[0.162s] Level 1:colcon.colcon_core.package_identification:_identify(src/open_manipulator/open_manipulator_x_description) by extensions ['colcon_pkg']
[0.162s] Level 1:colcon.colcon_core.package_identification:_identify(src/open_manipulator/open_manipulator_x_description) by extension 'colcon_pkg'
[0.162s] Level 1:colcon.colcon_core.package_identification:_identify(src/open_manipulator/open_manipulator_x_description) by extensions ['colcon_meta']
[0.162s] Level 1:colcon.colcon_core.package_identification:_identify(src/open_manipulator/open_manipulator_x_description) by extension 'colcon_meta'
[0.162s] Level 1:colcon.colcon_core.package_identification:_identify(src/open_manipulator/open_manipulator_x_description) by extensions ['ros']
[0.162s] Level 1:colcon.colcon_core.package_identification:_identify(src/open_manipulator/open_manipulator_x_description) by extension 'ros'
[0.163s] DEBUG:colcon.colcon_core.package_identification:Package 'src/open_manipulator/open_manipulator_x_description' with type 'ros.ament_cmake' and name 'open_manipulator_x_description'
[0.163s] Level 1:colcon.colcon_core.package_identification:_identify(src/open_manipulator/open_manipulator_x_libs) by extensions ['ignore', 'ignore_ament_install']
[0.163s] Level 1:colcon.colcon_core.package_identification:_identify(src/open_manipulator/open_manipulator_x_libs) by extension 'ignore'
[0.163s] Level 1:colcon.colcon_core.package_identification:_identify(src/open_manipulator/open_manipulator_x_libs) by extension 'ignore_ament_install'
[0.163s] Level 1:colcon.colcon_core.package_identification:_identify(src/open_manipulator/open_manipulator_x_libs) by extensions ['colcon_pkg']
[0.163s] Level 1:colcon.colcon_core.package_identification:_identify(src/open_manipulator/open_manipulator_x_libs) by extension 'colcon_pkg'
[0.163s] Level 1:colcon.colcon_core.package_identification:_identify(src/open_manipulator/open_manipulator_x_libs) by extensions ['colcon_meta']
[0.163s] Level 1:colcon.colcon_core.package_identification:_identify(src/open_manipulator/open_manipulator_x_libs) by extension 'colcon_meta'
[0.163s] Level 1:colcon.colcon_core.package_identification:_identify(src/open_manipulator/open_manipulator_x_libs) by extensions ['ros']
[0.163s] Level 1:colcon.colcon_core.package_identification:_identify(src/open_manipulator/open_manipulator_x_libs) by extension 'ros'
[0.163s] DEBUG:colcon.colcon_core.package_identification:Package 'src/open_manipulator/open_manipulator_x_libs' with type 'ros.ament_cmake' and name 'open_manipulator_x_libs'
[0.163s] Level 1:colcon.colcon_core.package_identification:_identify(src/open_manipulator/open_manipulator_x_teleop) by extensions ['ignore', 'ignore_ament_install']
[0.163s] Level 1:colcon.colcon_core.package_identification:_identify(src/open_manipulator/open_manipulator_x_teleop) by extension 'ignore'
[0.163s] Level 1:colcon.colcon_core.package_identification:_identify(src/open_manipulator/open_manipulator_x_teleop) by extension 'ignore_ament_install'
[0.163s] Level 1:colcon.colcon_core.package_identification:_identify(src/open_manipulator/open_manipulator_x_teleop) by extensions ['colcon_pkg']
[0.163s] Level 1:colcon.colcon_core.package_identification:_identify(src/open_manipulator/open_manipulator_x_teleop) by extension 'colcon_pkg'
[0.163s] Level 1:colcon.colcon_core.package_identification:_identify(src/open_manipulator/open_manipulator_x_teleop) by extensions ['colcon_meta']
[0.163s] Level 1:colcon.colcon_core.package_identification:_identify(src/open_manipulator/open_manipulator_x_teleop) by extension 'colcon_meta'
[0.163s] Level 1:colcon.colcon_core.package_identification:_identify(src/open_manipulator/open_manipulator_x_teleop) by extensions ['ros']
[0.164s] Level 1:colcon.colcon_core.package_identification:_identify(src/open_manipulator/open_manipulator_x_teleop) by extension 'ros'
[0.164s] DEBUG:colcon.colcon_core.package_identification:Package 'src/open_manipulator/open_manipulator_x_teleop' with type 'ros.ament_python' and name 'open_manipulator_x_teleop'
[0.164s] Level 1:colcon.colcon_core.package_identification:_identify(src/open_manipulator_msgs) by extensions ['ignore', 'ignore_ament_install']
[0.164s] Level 1:colcon.colcon_core.package_identification:_identify(src/open_manipulator_msgs) by extension 'ignore'
[0.164s] Level 1:colcon.colcon_core.package_identification:_identify(src/open_manipulator_msgs) by extension 'ignore_ament_install'
[0.164s] Level 1:colcon.colcon_core.package_identification:_identify(src/open_manipulator_msgs) by extensions ['colcon_pkg']
[0.164s] Level 1:colcon.colcon_core.package_identification:_identify(src/open_manipulator_msgs) by extension 'colcon_pkg'
[0.164s] Level 1:colcon.colcon_core.package_identification:_identify(src/open_manipulator_msgs) by extensions ['colcon_meta']
[0.164s] Level 1:colcon.colcon_core.package_identification:_identify(src/open_manipulator_msgs) by extension 'colcon_meta'
[0.164s] Level 1:colcon.colcon_core.package_identification:_identify(src/open_manipulator_msgs) by extensions ['ros']
[0.164s] Level 1:colcon.colcon_core.package_identification:_identify(src/open_manipulator_msgs) by extension 'ros'
[0.165s] DEBUG:colcon.colcon_core.package_identification:Package 'src/open_manipulator_msgs' with type 'ros.ament_cmake' and name 'open_manipulator_msgs'
[0.165s] Level 1:colcon.colcon_core.package_identification:_identify(src/robotis_manipulator) by extensions ['ignore', 'ignore_ament_install']
[0.165s] Level 1:colcon.colcon_core.package_identification:_identify(src/robotis_manipulator) by extension 'ignore'
[0.165s] Level 1:colcon.colcon_core.package_identification:_identify(src/robotis_manipulator) by extension 'ignore_ament_install'
[0.165s] Level 1:colcon.colcon_core.package_identification:_identify(src/robotis_manipulator) by extensions ['colcon_pkg']
[0.165s] Level 1:colcon.colcon_core.package_identification:_identify(src/robotis_manipulator) by extension 'colcon_pkg'
[0.165s] Level 1:colcon.colcon_core.package_identification:_identify(src/robotis_manipulator) by extensions ['colcon_meta']
[0.165s] Level 1:colcon.colcon_core.package_identification:_identify(src/robotis_manipulator) by extension 'colcon_meta'
[0.165s] Level 1:colcon.colcon_core.package_identification:_identify(src/robotis_manipulator) by extensions ['ros']
[0.165s] Level 1:colcon.colcon_core.package_identification:_identify(src/robotis_manipulator) by extension 'ros'
[0.165s] DEBUG:colcon.colcon_core.package_identification:Package 'src/robotis_manipulator' with type 'ros.ament_cmake' and name 'robotis_manipulator'
[0.165s] Level 1:colcon.colcon_core.package_discovery:discover_packages(recursive) using defaults
[0.165s] Level 1:colcon.colcon_core.package_discovery:discover_packages(ignore) discover
[0.165s] Level 1:colcon.colcon_core.package_discovery:discover_packages(ignore) using defaults
[0.165s] Level 1:colcon.colcon_core.package_discovery:discover_packages(path) discover
[0.165s] Level 1:colcon.colcon_core.package_discovery:discover_packages(path) using defaults
[0.183s] Level 1:colcon.colcon_core.package_discovery:discover_packages(prefix_path) check parameters
[0.183s] Level 1:colcon.colcon_core.package_discovery:discover_packages(prefix_path) discover
[0.185s] DEBUG:colcon.colcon_installed_package_information.package_discovery:Found 334 installed packages in /opt/ros/humble
[0.185s] Level 1:colcon.colcon_core.package_discovery:discover_packages(prefix_path) using defaults
[0.208s] Level 5:colcon.colcon_core.verb:set package 'open_manipulator_msgs' build argument 'cmake_args' from command line to 'None'
[0.208s] Level 5:colcon.colcon_core.verb:set package 'open_manipulator_msgs' build argument 'cmake_target' from command line to 'None'
[0.208s] Level 5:colcon.colcon_core.verb:set package 'open_manipulator_msgs' build argument 'cmake_target_skip_unavailable' from command line to 'False'
[0.208s] Level 5:colcon.colcon_core.verb:set package 'open_manipulator_msgs' build argument 'cmake_clean_cache' from command line to 'False'
[0.208s] Level 5:colcon.colcon_core.verb:set package 'open_manipulator_msgs' build argument 'cmake_clean_first' from command line to 'False'
[0.208s] Level 5:colcon.colcon_core.verb:set package 'open_manipulator_msgs' build argument 'cmake_force_configure' from command line to 'False'
[0.208s] Level 5:colcon.colcon_core.verb:set package 'open_manipulator_msgs' build argument 'ament_cmake_args' from command line to 'None'
[0.208s] Level 5:colcon.colcon_core.verb:set package 'open_manipulator_msgs' build argument 'catkin_cmake_args' from command line to 'None'
[0.208s] Level 5:colcon.colcon_core.verb:set package 'open_manipulator_msgs' build argument 'catkin_skip_building_tests' from command line to 'False'
[0.208s] DEBUG:colcon.colcon_core.verb:Building package 'open_manipulator_msgs' with the following arguments: {'ament_cmake_args': None, 'build_base': '/home/yuzhe/omx_ws/build/open_manipulator_msgs', 'catkin_cmake_args': None, 'catkin_skip_building_tests': False, 'cmake_args': None, 'cmake_clean_cache': False, 'cmake_clean_first': False, 'cmake_force_configure': False, 'cmake_target': None, 'cmake_target_skip_unavailable': False, 'install_base': '/home/yuzhe/omx_ws/install/open_manipulator_msgs', 'merge_install': False, 'path': '/home/yuzhe/omx_ws/src/open_manipulator_msgs', 'symlink_install': False, 'test_result_base': None}
[0.208s] Level 5:colcon.colcon_core.verb:set package 'open_manipulator_x_description' build argument 'cmake_args' from command line to 'None'
[0.208s] Level 5:colcon.colcon_core.verb:set package 'open_manipulator_x_description' build argument 'cmake_target' from command line to 'None'
[0.208s] Level 5:colcon.colcon_core.verb:set package 'open_manipulator_x_description' build argument 'cmake_target_skip_unavailable' from command line to 'False'
[0.208s] Level 5:colcon.colcon_core.verb:set package 'open_manipulator_x_description' build argument 'cmake_clean_cache' from command line to 'False'
[0.208s] Level 5:colcon.colcon_core.verb:set package 'open_manipulator_x_description' build argument 'cmake_clean_first' from command line to 'False'
[0.208s] Level 5:colcon.colcon_core.verb:set package 'open_manipulator_x_description' build argument 'cmake_force_configure' from command line to 'False'
[0.208s] Level 5:colcon.colcon_core.verb:set package 'open_manipulator_x_description' build argument 'ament_cmake_args' from command line to 'None'
[0.208s] Level 5:colcon.colcon_core.verb:set package 'open_manipulator_x_description' build argument 'catkin_cmake_args' from command line to 'None'
[0.208s] Level 5:colcon.colcon_core.verb:set package 'open_manipulator_x_description' build argument 'catkin_skip_building_tests' from command line to 'False'
[0.208s] DEBUG:colcon.colcon_core.verb:Building package 'open_manipulator_x_description' with the following arguments: {'ament_cmake_args': None, 'build_base': '/home/yuzhe/omx_ws/build/open_manipulator_x_description', 'catkin_cmake_args': None, 'catkin_skip_building_tests': False, 'cmake_args': None, 'cmake_clean_cache': False, 'cmake_clean_first': False, 'cmake_force_configure': False, 'cmake_target': None, 'cmake_target_skip_unavailable': False, 'install_base': '/home/yuzhe/omx_ws/install/open_manipulator_x_description', 'merge_install': False, 'path': '/home/yuzhe/omx_ws/src/open_manipulator/open_manipulator_x_description', 'symlink_install': False, 'test_result_base': None}
[0.208s] Level 5:colcon.colcon_core.verb:set package 'robotis_manipulator' build argument 'cmake_args' from command line to 'None'
[0.208s] Level 5:colcon.colcon_core.verb:set package 'robotis_manipulator' build argument 'cmake_target' from command line to 'None'
[0.208s] Level 5:colcon.colcon_core.verb:set package 'robotis_manipulator' build argument 'cmake_target_skip_unavailable' from command line to 'False'
[0.208s] Level 5:colcon.colcon_core.verb:set package 'robotis_manipulator' build argument 'cmake_clean_cache' from command line to 'False'
[0.208s] Level 5:colcon.colcon_core.verb:set package 'robotis_manipulator' build argument 'cmake_clean_first' from command line to 'False'
[0.209s] Level 5:colcon.colcon_core.verb:set package 'robotis_manipulator' build argument 'cmake_force_configure' from command line to 'False'
[0.209s] Level 5:colcon.colcon_core.verb:set package 'robotis_manipulator' build argument 'ament_cmake_args' from command line to 'None'
[0.209s] Level 5:colcon.colcon_core.verb:set package 'robotis_manipulator' build argument 'catkin_cmake_args' from command line to 'None'
[0.209s] Level 5:colcon.colcon_core.verb:set package 'robotis_manipulator' build argument 'catkin_skip_building_tests' from command line to 'False'
[0.209s] DEBUG:colcon.colcon_core.verb:Building package 'robotis_manipulator' with the following arguments: {'ament_cmake_args': None, 'build_base': '/home/yuzhe/omx_ws/build/robotis_manipulator', 'catkin_cmake_args': None, 'catkin_skip_building_tests': False, 'cmake_args': None, 'cmake_clean_cache': False, 'cmake_clean_first': False, 'cmake_force_configure': False, 'cmake_target': None, 'cmake_target_skip_unavailable': False, 'install_base': '/home/yuzhe/omx_ws/install/robotis_manipulator', 'merge_install': False, 'path': '/home/yuzhe/omx_ws/src/robotis_manipulator', 'symlink_install': False, 'test_result_base': None}
[0.209s] Level 5:colcon.colcon_core.verb:set package 'open_manipulator_x_libs' build argument 'cmake_args' from command line to 'None'
[0.209s] Level 5:colcon.colcon_core.verb:set package 'open_manipulator_x_libs' build argument 'cmake_target' from command line to 'None'
[0.209s] Level 5:colcon.colcon_core.verb:set package 'open_manipulator_x_libs' build argument 'cmake_target_skip_unavailable' from command line to 'False'
[0.209s] Level 5:colcon.colcon_core.verb:set package 'open_manipulator_x_libs' build argument 'cmake_clean_cache' from command line to 'False'
[0.209s] Level 5:colcon.colcon_core.verb:set package 'open_manipulator_x_libs' build argument 'cmake_clean_first' from command line to 'False'
[0.209s] Level 5:colcon.colcon_core.verb:set package 'open_manipulator_x_libs' build argument 'cmake_force_configure' from command line to 'False'
[0.209s] Level 5:colcon.colcon_core.verb:set package 'open_manipulator_x_libs' build argument 'ament_cmake_args' from command line to 'None'
[0.209s] Level 5:colcon.colcon_core.verb:set package 'open_manipulator_x_libs' build argument 'catkin_cmake_args' from command line to 'None'
[0.209s] Level 5:colcon.colcon_core.verb:set package 'open_manipulator_x_libs' build argument 'catkin_skip_building_tests' from command line to 'False'
[0.209s] DEBUG:colcon.colcon_core.verb:Building package 'open_manipulator_x_libs' with the following arguments: {'ament_cmake_args': None, 'build_base': '/home/yuzhe/omx_ws/build/open_manipulator_x_libs', 'catkin_cmake_args': None, 'catkin_skip_building_tests': False, 'cmake_args': None, 'cmake_clean_cache': False, 'cmake_clean_first': False, 'cmake_force_configure': False, 'cmake_target': None, 'cmake_target_skip_unavailable': False, 'install_base': '/home/yuzhe/omx_ws/install/open_manipulator_x_libs', 'merge_install': False, 'path': '/home/yuzhe/omx_ws/src/open_manipulator/open_manipulator_x_libs', 'symlink_install': False, 'test_result_base': None}
[0.209s] Level 5:colcon.colcon_core.verb:set package 'open_manipulator_x_teleop' build argument 'cmake_args' from command line to 'None'
[0.209s] Level 5:colcon.colcon_core.verb:set package 'open_manipulator_x_teleop' build argument 'cmake_target' from command line to 'None'
[0.209s] Level 5:colcon.colcon_core.verb:set package 'open_manipulator_x_teleop' build argument 'cmake_target_skip_unavailable' from command line to 'False'
[0.209s] Level 5:colcon.colcon_core.verb:set package 'open_manipulator_x_teleop' build argument 'cmake_clean_cache' from command line to 'False'
[0.209s] Level 5:colcon.colcon_core.verb:set package 'open_manipulator_x_teleop' build argument 'cmake_clean_first' from command line to 'False'
[0.209s] Level 5:colcon.colcon_core.verb:set package 'open_manipulator_x_teleop' build argument 'cmake_force_configure' from command line to 'False'
[0.209s] Level 5:colcon.colcon_core.verb:set package 'open_manipulator_x_teleop' build argument 'ament_cmake_args' from command line to 'None'
[0.209s] Level 5:colcon.colcon_core.verb:set package 'open_manipulator_x_teleop' build argument 'catkin_cmake_args' from command line to 'None'
[0.209s] Level 5:colcon.colcon_core.verb:set package 'open_manipulator_x_teleop' build argument 'catkin_skip_building_tests' from command line to 'False'
[0.209s] DEBUG:colcon.colcon_core.verb:Building package 'open_manipulator_x_teleop' with the following arguments: {'ament_cmake_args': None, 'build_base': '/home/yuzhe/omx_ws/build/open_manipulator_x_teleop', 'catkin_cmake_args': None, 'catkin_skip_building_tests': False, 'cmake_args': None, 'cmake_clean_cache': False, 'cmake_clean_first': False, 'cmake_force_configure': False, 'cmake_target': None, 'cmake_target_skip_unavailable': False, 'install_base': '/home/yuzhe/omx_ws/install/open_manipulator_x_teleop', 'merge_install': False, 'path': '/home/yuzhe/omx_ws/src/open_manipulator/open_manipulator_x_teleop', 'symlink_install': False, 'test_result_base': None}
[0.209s] Level 5:colcon.colcon_core.verb:set package 'open_manipulator_x_controller' build argument 'cmake_args' from command line to 'None'
[0.209s] Level 5:colcon.colcon_core.verb:set package 'open_manipulator_x_controller' build argument 'cmake_target' from command line to 'None'
[0.209s] Level 5:colcon.colcon_core.verb:set package 'open_manipulator_x_controller' build argument 'cmake_target_skip_unavailable' from command line to 'False'
[0.209s] Level 5:colcon.colcon_core.verb:set package 'open_manipulator_x_controller' build argument 'cmake_clean_cache' from command line to 'False'
[0.209s] Level 5:colcon.colcon_core.verb:set package 'open_manipulator_x_controller' build argument 'cmake_clean_first' from command line to 'False'
[0.209s] Level 5:colcon.colcon_core.verb:set package 'open_manipulator_x_controller' build argument 'cmake_force_configure' from command line to 'False'
[0.209s] Level 5:colcon.colcon_core.verb:set package 'open_manipulator_x_controller' build argument 'ament_cmake_args' from command line to 'None'
[0.209s] Level 5:colcon.colcon_core.verb:set package 'open_manipulator_x_controller' build argument 'catkin_cmake_args' from command line to 'None'
[0.209s] Level 5:colcon.colcon_core.verb:set package 'open_manipulator_x_controller' build argument 'catkin_skip_building_tests' from command line to 'False'
[0.209s] DEBUG:colcon.colcon_core.verb:Building package 'open_manipulator_x_controller' with the following arguments: {'ament_cmake_args': None, 'build_base': '/home/yuzhe/omx_ws/build/open_manipulator_x_controller', 'catkin_cmake_args': None, 'catkin_skip_building_tests': False, 'cmake_args': None, 'cmake_clean_cache': False, 'cmake_clean_first': False, 'cmake_force_configure': False, 'cmake_target': None, 'cmake_target_skip_unavailable': False, 'install_base': '/home/yuzhe/omx_ws/install/open_manipulator_x_controller', 'merge_install': False, 'path': '/home/yuzhe/omx_ws/src/open_manipulator/open_manipulator_x_controller', 'symlink_install': False, 'test_result_base': None}
[0.209s] Level 5:colcon.colcon_core.verb:set package 'open_manipulator' build argument 'cmake_args' from command line to 'None'
[0.210s] Level 5:colcon.colcon_core.verb:set package 'open_manipulator' build argument 'cmake_target' from command line to 'None'
[0.210s] Level 5:colcon.colcon_core.verb:set package 'open_manipulator' build argument 'cmake_target_skip_unavailable' from command line to 'False'
[0.210s] Level 5:colcon.colcon_core.verb:set package 'open_manipulator' build argument 'cmake_clean_cache' from command line to 'False'
[0.210s] Level 5:colcon.colcon_core.verb:set package 'open_manipulator' build argument 'cmake_clean_first' from command line to 'False'
[0.210s] Level 5:colcon.colcon_core.verb:set package 'open_manipulator' build argument 'cmake_force_configure' from command line to 'False'
[0.210s] Level 5:colcon.colcon_core.verb:set package 'open_manipulator' build argument 'ament_cmake_args' from command line to 'None'
[0.210s] Level 5:colcon.colcon_core.verb:set package 'open_manipulator' build argument 'catkin_cmake_args' from command line to 'None'
[0.210s] Level 5:colcon.colcon_core.verb:set package 'open_manipulator' build argument 'catkin_skip_building_tests' from command line to 'False'
[0.210s] DEBUG:colcon.colcon_core.verb:Building package 'open_manipulator' with the following arguments: {'ament_cmake_args': None, 'build_base': '/home/yuzhe/omx_ws/build/open_manipulator', 'catkin_cmake_args': None, 'catkin_skip_building_tests': False, 'cmake_args': None, 'cmake_clean_cache': False, 'cmake_clean_first': False, 'cmake_force_configure': False, 'cmake_target': None, 'cmake_target_skip_unavailable': False, 'install_base': '/home/yuzhe/omx_ws/install/open_manipulator', 'merge_install': False, 'path': '/home/yuzhe/omx_ws/src/open_manipulator/open_manipulator', 'symlink_install': False, 'test_result_base': None}
[0.210s] INFO:colcon.colcon_core.executor:Executing jobs using 'parallel' executor
[0.211s] DEBUG:colcon.colcon_parallel_executor.executor.parallel:run_until_complete
[0.211s] INFO:colcon.colcon_ros.task.ament_cmake.build:Building ROS package in '/home/yuzhe/omx_ws/src/open_manipulator_msgs' with build type 'ament_cmake'
[0.211s] INFO:colcon.colcon_cmake.task.cmake.build:Building CMake package in '/home/yuzhe/omx_ws/src/open_manipulator_msgs'
[0.212s] INFO:colcon.colcon_core.plugin_system:Skipping extension 'colcon_core.shell.bat': Not used on non-Windows systems
[0.212s] INFO:colcon.colcon_core.shell:Skip shell extension 'powershell' for command environment: Not usable outside of PowerShell
[0.212s] DEBUG:colcon.colcon_core.shell:Skip shell extension 'dsv' for command environment
[0.214s] INFO:colcon.colcon_ros.task.ament_cmake.build:Building ROS package in '/home/yuzhe/omx_ws/src/robotis_manipulator' with build type 'ament_cmake'
[0.214s] INFO:colcon.colcon_cmake.task.cmake.build:Building CMake package in '/home/yuzhe/omx_ws/src/robotis_manipulator'
[0.214s] INFO:colcon.colcon_core.shell:Skip shell extension 'powershell' for command environment: Not usable outside of PowerShell
[0.214s] DEBUG:colcon.colcon_core.shell:Skip shell extension 'dsv' for command environment
[0.215s] INFO:colcon.colcon_ros.task.ament_cmake.build:Building ROS package in '/home/yuzhe/omx_ws/src/open_manipulator/open_manipulator_x_description' with build type 'ament_cmake'
[0.215s] INFO:colcon.colcon_cmake.task.cmake.build:Building CMake package in '/home/yuzhe/omx_ws/src/open_manipulator/open_manipulator_x_description'
[0.215s] INFO:colcon.colcon_core.shell:Skip shell extension 'powershell' for command environment: Not usable outside of PowerShell
[0.215s] DEBUG:colcon.colcon_core.shell:Skip shell extension 'dsv' for command environment
[0.219s] DEBUG:colcon.colcon_core.event_handler.log_command:Invoking command in '/home/yuzhe/omx_ws/build/open_manipulator_msgs': CMAKE_PREFIX_PATH=/opt/ros/humble /usr/bin/cmake /home/yuzhe/omx_ws/src/open_manipulator_msgs -DCMAKE_INSTALL_PREFIX=/home/yuzhe/omx_ws/install/open_manipulator_msgs
[0.221s] DEBUG:colcon.colcon_core.event_handler.log_command:Invoking command in '/home/yuzhe/omx_ws/build/robotis_manipulator': CMAKE_PREFIX_PATH=/opt/ros/humble /usr/bin/cmake /home/yuzhe/omx_ws/src/robotis_manipulator -DCMAKE_INSTALL_PREFIX=/home/yuzhe/omx_ws/install/robotis_manipulator
[0.223s] DEBUG:colcon.colcon_core.event_handler.log_command:Invoking command in '/home/yuzhe/omx_ws/build/open_manipulator_x_description': CMAKE_PREFIX_PATH=/opt/ros/humble /usr/bin/cmake /home/yuzhe/omx_ws/src/open_manipulator/open_manipulator_x_description -DCMAKE_INSTALL_PREFIX=/home/yuzhe/omx_ws/install/open_manipulator_x_description
[0.373s] DEBUG:colcon.colcon_core.event_handler.log_command:Invoked command in '/home/yuzhe/omx_ws/build/open_manipulator_x_description' returned '0': CMAKE_PREFIX_PATH=/opt/ros/humble /usr/bin/cmake /home/yuzhe/omx_ws/src/open_manipulator/open_manipulator_x_description -DCMAKE_INSTALL_PREFIX=/home/yuzhe/omx_ws/install/open_manipulator_x_description
[0.374s] DEBUG:colcon.colcon_core.event_handler.log_command:Invoking command in '/home/yuzhe/omx_ws/build/open_manipulator_x_description': CMAKE_PREFIX_PATH=/opt/ros/humble /usr/bin/cmake --build /home/yuzhe/omx_ws/build/open_manipulator_x_description -- -j20 -l20
[0.401s] DEBUG:colcon.colcon_core.event_handler.log_command:Invoked command in '/home/yuzhe/omx_ws/build/open_manipulator_x_description' returned '0': CMAKE_PREFIX_PATH=/opt/ros/humble /usr/bin/cmake --build /home/yuzhe/omx_ws/build/open_manipulator_x_description -- -j20 -l20
[0.410s] DEBUG:colcon.colcon_core.event_handler.log_command:Invoking command in '/home/yuzhe/omx_ws/build/open_manipulator_x_description': CMAKE_PREFIX_PATH=/opt/ros/humble /usr/bin/cmake --install /home/yuzhe/omx_ws/build/open_manipulator_x_description
[0.420s] Level 1:colcon.colcon_core.environment:create_environment_scripts_only(open_manipulator_x_description)
[0.420s] DEBUG:colcon.colcon_core.event_handler.log_command:Invoked command in '/home/yuzhe/omx_ws/build/open_manipulator_x_description' returned '0': CMAKE_PREFIX_PATH=/opt/ros/humble /usr/bin/cmake --install /home/yuzhe/omx_ws/build/open_manipulator_x_description
[0.422s] Level 1:colcon.colcon_core.environment:checking '/home/yuzhe/omx_ws/install/open_manipulator_x_description' for CMake module files
[0.422s] Level 1:colcon.colcon_core.environment:checking '/home/yuzhe/omx_ws/install/open_manipulator_x_description' for CMake config files
[0.422s] Level 1:colcon.colcon_core.shell:create_environment_hook('open_manipulator_x_description', 'cmake_prefix_path')
[0.422s] INFO:colcon.colcon_core.shell:Creating environment hook '/home/yuzhe/omx_ws/install/open_manipulator_x_description/share/open_manipulator_x_description/hook/cmake_prefix_path.ps1'
[0.423s] INFO:colcon.colcon_core.shell:Creating environment descriptor '/home/yuzhe/omx_ws/install/open_manipulator_x_description/share/open_manipulator_x_description/hook/cmake_prefix_path.dsv'
[0.423s] INFO:colcon.colcon_core.shell:Creating environment hook '/home/yuzhe/omx_ws/install/open_manipulator_x_description/share/open_manipulator_x_description/hook/cmake_prefix_path.sh'
[0.423s] Level 1:colcon.colcon_core.environment:checking '/home/yuzhe/omx_ws/install/open_manipulator_x_description/bin'
[0.423s] Level 1:colcon.colcon_core.environment:checking '/home/yuzhe/omx_ws/install/open_manipulator_x_description/lib/pkgconfig/open_manipulator_x_description.pc'
[0.424s] Level 1:colcon.colcon_core.environment:checking '/home/yuzhe/omx_ws/install/open_manipulator_x_description/lib/python3.10/site-packages'
[0.424s] Level 1:colcon.colcon_core.environment:checking '/home/yuzhe/omx_ws/install/open_manipulator_x_description/bin'
[0.424s] INFO:colcon.colcon_core.shell:Creating package script '/home/yuzhe/omx_ws/install/open_manipulator_x_description/share/open_manipulator_x_description/package.ps1'
[0.424s] INFO:colcon.colcon_core.shell:Creating package descriptor '/home/yuzhe/omx_ws/install/open_manipulator_x_description/share/open_manipulator_x_description/package.dsv'
[0.425s] INFO:colcon.colcon_core.shell:Creating package script '/home/yuzhe/omx_ws/install/open_manipulator_x_description/share/open_manipulator_x_description/package.sh'
[0.425s] INFO:colcon.colcon_core.shell:Creating package script '/home/yuzhe/omx_ws/install/open_manipulator_x_description/share/open_manipulator_x_description/package.bash'
[0.426s] INFO:colcon.colcon_core.shell:Creating package script '/home/yuzhe/omx_ws/install/open_manipulator_x_description/share/open_manipulator_x_description/package.zsh'
[0.426s] Level 1:colcon.colcon_core.environment:create_file_with_runtime_dependencies(/home/yuzhe/omx_ws/install/open_manipulator_x_description/share/colcon-core/packages/open_manipulator_x_description)
[0.426s] Level 1:colcon.colcon_core.environment:create_environment_scripts_only(open_manipulator_x_description)
[0.427s] Level 1:colcon.colcon_core.environment:checking '/home/yuzhe/omx_ws/install/open_manipulator_x_description' for CMake module files
[0.427s] Level 1:colcon.colcon_core.environment:checking '/home/yuzhe/omx_ws/install/open_manipulator_x_description' for CMake config files
[0.427s] Level 1:colcon.colcon_core.shell:create_environment_hook('open_manipulator_x_description', 'cmake_prefix_path')
[0.427s] INFO:colcon.colcon_core.shell:Creating environment hook '/home/yuzhe/omx_ws/install/open_manipulator_x_description/share/open_manipulator_x_description/hook/cmake_prefix_path.ps1'
[0.427s] INFO:colcon.colcon_core.shell:Creating environment descriptor '/home/yuzhe/omx_ws/install/open_manipulator_x_description/share/open_manipulator_x_description/hook/cmake_prefix_path.dsv'
[0.428s] INFO:colcon.colcon_core.shell:Creating environment hook '/home/yuzhe/omx_ws/install/open_manipulator_x_description/share/open_manipulator_x_description/hook/cmake_prefix_path.sh'
[0.428s] Level 1:colcon.colcon_core.environment:checking '/home/yuzhe/omx_ws/install/open_manipulator_x_description/bin'
[0.428s] Level 1:colcon.colcon_core.environment:checking '/home/yuzhe/omx_ws/install/open_manipulator_x_description/lib/pkgconfig/open_manipulator_x_description.pc'
[0.428s] Level 1:colcon.colcon_core.environment:checking '/home/yuzhe/omx_ws/install/open_manipulator_x_description/lib/python3.10/site-packages'
[0.428s] Level 1:colcon.colcon_core.environment:checking '/home/yuzhe/omx_ws/install/open_manipulator_x_description/bin'
[0.428s] INFO:colcon.colcon_core.shell:Creating package script '/home/yuzhe/omx_ws/install/open_manipulator_x_description/share/open_manipulator_x_description/package.ps1'
[0.429s] INFO:colcon.colcon_core.shell:Creating package descriptor '/home/yuzhe/omx_ws/install/open_manipulator_x_description/share/open_manipulator_x_description/package.dsv'
[0.429s] INFO:colcon.colcon_core.shell:Creating package script '/home/yuzhe/omx_ws/install/open_manipulator_x_description/share/open_manipulator_x_description/package.sh'
[0.429s] INFO:colcon.colcon_core.shell:Creating package script '/home/yuzhe/omx_ws/install/open_manipulator_x_description/share/open_manipulator_x_description/package.bash'
[0.430s] INFO:colcon.colcon_core.shell:Creating package script '/home/yuzhe/omx_ws/install/open_manipulator_x_description/share/open_manipulator_x_description/package.zsh'
[0.430s] Level 1:colcon.colcon_core.environment:create_file_with_runtime_dependencies(/home/yuzhe/omx_ws/install/open_manipulator_x_description/share/colcon-core/packages/open_manipulator_x_description)
[0.540s] DEBUG:colcon.colcon_core.event_handler.log_command:Invoked command in '/home/yuzhe/omx_ws/build/robotis_manipulator' returned '0': CMAKE_PREFIX_PATH=/opt/ros/humble /usr/bin/cmake /home/yuzhe/omx_ws/src/robotis_manipulator -DCMAKE_INSTALL_PREFIX=/home/yuzhe/omx_ws/install/robotis_manipulator
[0.541s] DEBUG:colcon.colcon_core.event_handler.log_command:Invoking command in '/home/yuzhe/omx_ws/build/robotis_manipulator': CMAKE_PREFIX_PATH=/opt/ros/humble /usr/bin/cmake --build /home/yuzhe/omx_ws/build/robotis_manipulator -- -j20 -l20
[0.592s] DEBUG:colcon.colcon_core.event_handler.log_command:Invoked command in '/home/yuzhe/omx_ws/build/robotis_manipulator' returned '0': CMAKE_PREFIX_PATH=/opt/ros/humble /usr/bin/cmake --build /home/yuzhe/omx_ws/build/robotis_manipulator -- -j20 -l20
[0.593s] DEBUG:colcon.colcon_core.event_handler.log_command:Invoking command in '/home/yuzhe/omx_ws/build/robotis_manipulator': CMAKE_PREFIX_PATH=/opt/ros/humble /usr/bin/cmake --install /home/yuzhe/omx_ws/build/robotis_manipulator
[0.607s] Level 1:colcon.colcon_core.environment:create_environment_scripts_only(robotis_manipulator)
[0.607s] DEBUG:colcon.colcon_core.event_handler.log_command:Invoked command in '/home/yuzhe/omx_ws/build/robotis_manipulator' returned '0': CMAKE_PREFIX_PATH=/opt/ros/humble /usr/bin/cmake --install /home/yuzhe/omx_ws/build/robotis_manipulator
[0.607s] Level 1:colcon.colcon_core.environment:checking '/home/yuzhe/omx_ws/install/robotis_manipulator' for CMake module files
[0.608s] Level 1:colcon.colcon_core.environment:checking '/home/yuzhe/omx_ws/install/robotis_manipulator' for CMake config files
[0.608s] Level 1:colcon.colcon_core.shell:create_environment_hook('robotis_manipulator', 'cmake_prefix_path')
[0.608s] INFO:colcon.colcon_core.shell:Creating environment hook '/home/yuzhe/omx_ws/install/robotis_manipulator/share/robotis_manipulator/hook/cmake_prefix_path.ps1'
[0.609s] INFO:colcon.colcon_core.shell:Creating environment descriptor '/home/yuzhe/omx_ws/install/robotis_manipulator/share/robotis_manipulator/hook/cmake_prefix_path.dsv'
[0.609s] INFO:colcon.colcon_core.shell:Creating environment hook '/home/yuzhe/omx_ws/install/robotis_manipulator/share/robotis_manipulator/hook/cmake_prefix_path.sh'
[0.610s] Level 1:colcon.colcon_core.environment:checking '/home/yuzhe/omx_ws/install/robotis_manipulator/lib'
[0.610s] Level 1:colcon.colcon_core.shell:create_environment_hook('robotis_manipulator', 'ld_library_path_lib')
[0.610s] INFO:colcon.colcon_core.shell:Creating environment hook '/home/yuzhe/omx_ws/install/robotis_manipulator/share/robotis_manipulator/hook/ld_library_path_lib.ps1'
[0.610s] INFO:colcon.colcon_core.shell:Creating environment descriptor '/home/yuzhe/omx_ws/install/robotis_manipulator/share/robotis_manipulator/hook/ld_library_path_lib.dsv'
[0.611s] INFO:colcon.colcon_core.shell:Creating environment hook '/home/yuzhe/omx_ws/install/robotis_manipulator/share/robotis_manipulator/hook/ld_library_path_lib.sh'
[0.611s] Level 1:colcon.colcon_core.environment:checking '/home/yuzhe/omx_ws/install/robotis_manipulator/bin'
[0.611s] Level 1:colcon.colcon_core.environment:checking '/home/yuzhe/omx_ws/install/robotis_manipulator/lib/pkgconfig/robotis_manipulator.pc'
[0.611s] Level 1:colcon.colcon_core.environment:checking '/home/yuzhe/omx_ws/install/robotis_manipulator/lib/python3.10/site-packages'
[0.611s] Level 1:colcon.colcon_core.environment:checking '/home/yuzhe/omx_ws/install/robotis_manipulator/bin'
[0.612s] INFO:colcon.colcon_core.shell:Creating package script '/home/yuzhe/omx_ws/install/robotis_manipulator/share/robotis_manipulator/package.ps1'
[0.612s] INFO:colcon.colcon_core.shell:Creating package descriptor '/home/yuzhe/omx_ws/install/robotis_manipulator/share/robotis_manipulator/package.dsv'
[0.612s] INFO:colcon.colcon_core.shell:Creating package script '/home/yuzhe/omx_ws/install/robotis_manipulator/share/robotis_manipulator/package.sh'
[0.612s] INFO:colcon.colcon_core.shell:Creating package script '/home/yuzhe/omx_ws/install/robotis_manipulator/share/robotis_manipulator/package.bash'
[0.613s] INFO:colcon.colcon_core.shell:Creating package script '/home/yuzhe/omx_ws/install/robotis_manipulator/share/robotis_manipulator/package.zsh'
[0.613s] Level 1:colcon.colcon_core.environment:create_file_with_runtime_dependencies(/home/yuzhe/omx_ws/install/robotis_manipulator/share/colcon-core/packages/robotis_manipulator)
[0.613s] Level 1:colcon.colcon_core.environment:create_environment_scripts_only(robotis_manipulator)
[0.613s] Level 1:colcon.colcon_core.environment:checking '/home/yuzhe/omx_ws/install/robotis_manipulator' for CMake module files
[0.613s] Level 1:colcon.colcon_core.environment:checking '/home/yuzhe/omx_ws/install/robotis_manipulator' for CMake config files
[0.614s] Level 1:colcon.colcon_core.shell:create_environment_hook('robotis_manipulator', 'cmake_prefix_path')
[0.614s] INFO:colcon.colcon_core.shell:Creating environment hook '/home/yuzhe/omx_ws/install/robotis_manipulator/share/robotis_manipulator/hook/cmake_prefix_path.ps1'
[0.614s] INFO:colcon.colcon_core.shell:Creating environment descriptor '/home/yuzhe/omx_ws/install/robotis_manipulator/share/robotis_manipulator/hook/cmake_prefix_path.dsv'
[0.614s] INFO:colcon.colcon_core.shell:Creating environment hook '/home/yuzhe/omx_ws/install/robotis_manipulator/share/robotis_manipulator/hook/cmake_prefix_path.sh'
[0.614s] Level 1:colcon.colcon_core.environment:checking '/home/yuzhe/omx_ws/install/robotis_manipulator/lib'
[0.614s] Level 1:colcon.colcon_core.shell:create_environment_hook('robotis_manipulator', 'ld_library_path_lib')
[0.615s] INFO:colcon.colcon_core.shell:Creating environment hook '/home/yuzhe/omx_ws/install/robotis_manipulator/share/robotis_manipulator/hook/ld_library_path_lib.ps1'
[0.615s] INFO:colcon.colcon_core.shell:Creating environment descriptor '/home/yuzhe/omx_ws/install/robotis_manipulator/share/robotis_manipulator/hook/ld_library_path_lib.dsv'
[0.615s] INFO:colcon.colcon_core.shell:Creating environment hook '/home/yuzhe/omx_ws/install/robotis_manipulator/share/robotis_manipulator/hook/ld_library_path_lib.sh'
[0.615s] Level 1:colcon.colcon_core.environment:checking '/home/yuzhe/omx_ws/install/robotis_manipulator/bin'
[0.615s] Level 1:colcon.colcon_core.environment:checking '/home/yuzhe/omx_ws/install/robotis_manipulator/lib/pkgconfig/robotis_manipulator.pc'
[0.615s] Level 1:colcon.colcon_core.environment:checking '/home/yuzhe/omx_ws/install/robotis_manipulator/lib/python3.10/site-packages'
[0.615s] Level 1:colcon.colcon_core.environment:checking '/home/yuzhe/omx_ws/install/robotis_manipulator/bin'
[0.616s] INFO:colcon.colcon_core.shell:Creating package script '/home/yuzhe/omx_ws/install/robotis_manipulator/share/robotis_manipulator/package.ps1'
[0.616s] INFO:colcon.colcon_core.shell:Creating package descriptor '/home/yuzhe/omx_ws/install/robotis_manipulator/share/robotis_manipulator/package.dsv'
[0.616s] INFO:colcon.colcon_core.shell:Creating package script '/home/yuzhe/omx_ws/install/robotis_manipulator/share/robotis_manipulator/package.sh'
[0.616s] INFO:colcon.colcon_core.shell:Creating package script '/home/yuzhe/omx_ws/install/robotis_manipulator/share/robotis_manipulator/package.bash'
[0.617s] INFO:colcon.colcon_core.shell:Creating package script '/home/yuzhe/omx_ws/install/robotis_manipulator/share/robotis_manipulator/package.zsh'
[0.617s] Level 1:colcon.colcon_core.environment:create_file_with_runtime_dependencies(/home/yuzhe/omx_ws/install/robotis_manipulator/share/colcon-core/packages/robotis_manipulator)
[0.617s] INFO:colcon.colcon_ros.task.ament_cmake.build:Building ROS package in '/home/yuzhe/omx_ws/src/open_manipulator/open_manipulator_x_libs' with build type 'ament_cmake'
[0.617s] INFO:colcon.colcon_cmake.task.cmake.build:Building CMake package in '/home/yuzhe/omx_ws/src/open_manipulator/open_manipulator_x_libs'
[0.617s] INFO:colcon.colcon_core.shell:Skip shell extension 'powershell' for command environment: Not usable outside of PowerShell
[0.618s] DEBUG:colcon.colcon_core.shell:Skip shell extension 'dsv' for command environment
[0.624s] DEBUG:colcon.colcon_core.event_handler.log_command:Invoking command in '/home/yuzhe/omx_ws/build/open_manipulator_x_libs': AMENT_PREFIX_PATH=/home/yuzhe/omx_ws/install/robotis_manipulator:${AMENT_PREFIX_PATH} CMAKE_PREFIX_PATH=/home/yuzhe/omx_ws/install/robotis_manipulator:/opt/ros/humble LD_LIBRARY_PATH=/home/yuzhe/omx_ws/install/robotis_manipulator/lib:${LD_LIBRARY_PATH} /usr/bin/cmake /home/yuzhe/omx_ws/src/open_manipulator/open_manipulator_x_libs -DCMAKE_INSTALL_PREFIX=/home/yuzhe/omx_ws/install/open_manipulator_x_libs
[0.931s] DEBUG:colcon.colcon_core.event_handler.log_command:Invoked command in '/home/yuzhe/omx_ws/build/open_manipulator_x_libs' returned '0': AMENT_PREFIX_PATH=/home/yuzhe/omx_ws/install/robotis_manipulator:${AMENT_PREFIX_PATH} CMAKE_PREFIX_PATH=/home/yuzhe/omx_ws/install/robotis_manipulator:/opt/ros/humble LD_LIBRARY_PATH=/home/yuzhe/omx_ws/install/robotis_manipulator/lib:${LD_LIBRARY_PATH} /usr/bin/cmake /home/yuzhe/omx_ws/src/open_manipulator/open_manipulator_x_libs -DCMAKE_INSTALL_PREFIX=/home/yuzhe/omx_ws/install/open_manipulator_x_libs
[0.933s] DEBUG:colcon.colcon_core.event_handler.log_command:Invoking command in '/home/yuzhe/omx_ws/build/open_manipulator_x_libs': AMENT_PREFIX_PATH=/home/yuzhe/omx_ws/install/robotis_manipulator:${AMENT_PREFIX_PATH} CMAKE_PREFIX_PATH=/home/yuzhe/omx_ws/install/robotis_manipulator:/opt/ros/humble LD_LIBRARY_PATH=/home/yuzhe/omx_ws/install/robotis_manipulator/lib:${LD_LIBRARY_PATH} /usr/bin/cmake --build /home/yuzhe/omx_ws/build/open_manipulator_x_libs -- -j20 -l20
[0.985s] DEBUG:colcon.colcon_core.event_handler.log_command:Invoked command in '/home/yuzhe/omx_ws/build/open_manipulator_x_libs' returned '0': AMENT_PREFIX_PATH=/home/yuzhe/omx_ws/install/robotis_manipulator:${AMENT_PREFIX_PATH} CMAKE_PREFIX_PATH=/home/yuzhe/omx_ws/install/robotis_manipulator:/opt/ros/humble LD_LIBRARY_PATH=/home/yuzhe/omx_ws/install/robotis_manipulator/lib:${LD_LIBRARY_PATH} /usr/bin/cmake --build /home/yuzhe/omx_ws/build/open_manipulator_x_libs -- -j20 -l20
[0.987s] DEBUG:colcon.colcon_core.event_handler.log_command:Invoking command in '/home/yuzhe/omx_ws/build/open_manipulator_x_libs': AMENT_PREFIX_PATH=/home/yuzhe/omx_ws/install/robotis_manipulator:${AMENT_PREFIX_PATH} CMAKE_PREFIX_PATH=/home/yuzhe/omx_ws/install/robotis_manipulator:/opt/ros/humble LD_LIBRARY_PATH=/home/yuzhe/omx_ws/install/robotis_manipulator/lib:${LD_LIBRARY_PATH} /usr/bin/cmake --install /home/yuzhe/omx_ws/build/open_manipulator_x_libs
[1.005s] Level 1:colcon.colcon_core.environment:create_environment_scripts_only(open_manipulator_x_libs)
[1.006s] Level 1:colcon.colcon_core.environment:checking '/home/yuzhe/omx_ws/install/open_manipulator_x_libs' for CMake module files
[1.007s] DEBUG:colcon.colcon_core.event_handler.log_command:Invoked command in '/home/yuzhe/omx_ws/build/open_manipulator_x_libs' returned '0': AMENT_PREFIX_PATH=/home/yuzhe/omx_ws/install/robotis_manipulator:${AMENT_PREFIX_PATH} CMAKE_PREFIX_PATH=/home/yuzhe/omx_ws/install/robotis_manipulator:/opt/ros/humble LD_LIBRARY_PATH=/home/yuzhe/omx_ws/install/robotis_manipulator/lib:${LD_LIBRARY_PATH} /usr/bin/cmake --install /home/yuzhe/omx_ws/build/open_manipulator_x_libs
[1.007s] Level 1:colcon.colcon_core.environment:checking '/home/yuzhe/omx_ws/install/open_manipulator_x_libs' for CMake config files
[1.008s] Level 1:colcon.colcon_core.shell:create_environment_hook('open_manipulator_x_libs', 'cmake_prefix_path')
[1.008s] INFO:colcon.colcon_core.shell:Creating environment hook '/home/yuzhe/omx_ws/install/open_manipulator_x_libs/share/open_manipulator_x_libs/hook/cmake_prefix_path.ps1'
[1.009s] INFO:colcon.colcon_core.shell:Creating environment descriptor '/home/yuzhe/omx_ws/install/open_manipulator_x_libs/share/open_manipulator_x_libs/hook/cmake_prefix_path.dsv'
[1.010s] INFO:colcon.colcon_core.shell:Creating environment hook '/home/yuzhe/omx_ws/install/open_manipulator_x_libs/share/open_manipulator_x_libs/hook/cmake_prefix_path.sh'
[1.011s] Level 1:colcon.colcon_core.environment:checking '/home/yuzhe/omx_ws/install/open_manipulator_x_libs/lib'
[1.011s] Level 1:colcon.colcon_core.shell:create_environment_hook('open_manipulator_x_libs', 'ld_library_path_lib')
[1.011s] INFO:colcon.colcon_core.shell:Creating environment hook '/home/yuzhe/omx_ws/install/open_manipulator_x_libs/share/open_manipulator_x_libs/hook/ld_library_path_lib.ps1'
[1.012s] INFO:colcon.colcon_core.shell:Creating environment descriptor '/home/yuzhe/omx_ws/install/open_manipulator_x_libs/share/open_manipulator_x_libs/hook/ld_library_path_lib.dsv'
[1.013s] INFO:colcon.colcon_core.shell:Creating environment hook '/home/yuzhe/omx_ws/install/open_manipulator_x_libs/share/open_manipulator_x_libs/hook/ld_library_path_lib.sh'
[1.014s] Level 1:colcon.colcon_core.environment:checking '/home/yuzhe/omx_ws/install/open_manipulator_x_libs/bin'
[1.014s] Level 1:colcon.colcon_core.environment:checking '/home/yuzhe/omx_ws/install/open_manipulator_x_libs/lib/pkgconfig/open_manipulator_x_libs.pc'
[1.014s] Level 1:colcon.colcon_core.environment:checking '/home/yuzhe/omx_ws/install/open_manipulator_x_libs/lib/python3.10/site-packages'
[1.014s] Level 1:colcon.colcon_core.environment:checking '/home/yuzhe/omx_ws/install/open_manipulator_x_libs/bin'
[1.014s] INFO:colcon.colcon_core.shell:Creating package script '/home/yuzhe/omx_ws/install/open_manipulator_x_libs/share/open_manipulator_x_libs/package.ps1'
[1.014s] INFO:colcon.colcon_core.shell:Creating package descriptor '/home/yuzhe/omx_ws/install/open_manipulator_x_libs/share/open_manipulator_x_libs/package.dsv'
[1.015s] INFO:colcon.colcon_core.shell:Creating package script '/home/yuzhe/omx_ws/install/open_manipulator_x_libs/share/open_manipulator_x_libs/package.sh'
[1.015s] INFO:colcon.colcon_core.shell:Creating package script '/home/yuzhe/omx_ws/install/open_manipulator_x_libs/share/open_manipulator_x_libs/package.bash'
[1.015s] INFO:colcon.colcon_core.shell:Creating package script '/home/yuzhe/omx_ws/install/open_manipulator_x_libs/share/open_manipulator_x_libs/package.zsh'
[1.015s] Level 1:colcon.colcon_core.environment:create_file_with_runtime_dependencies(/home/yuzhe/omx_ws/install/open_manipulator_x_libs/share/colcon-core/packages/open_manipulator_x_libs)
[1.015s] Level 1:colcon.colcon_core.environment:create_environment_scripts_only(open_manipulator_x_libs)
[1.016s] Level 1:colcon.colcon_core.environment:checking '/home/yuzhe/omx_ws/install/open_manipulator_x_libs' for CMake module files
[1.016s] Level 1:colcon.colcon_core.environment:checking '/home/yuzhe/omx_ws/install/open_manipulator_x_libs' for CMake config files
[1.016s] Level 1:colcon.colcon_core.shell:create_environment_hook('open_manipulator_x_libs', 'cmake_prefix_path')
[1.016s] INFO:colcon.colcon_core.shell:Creating environment hook '/home/yuzhe/omx_ws/install/open_manipulator_x_libs/share/open_manipulator_x_libs/hook/cmake_prefix_path.ps1'
[1.017s] INFO:colcon.colcon_core.shell:Creating environment descriptor '/home/yuzhe/omx_ws/install/open_manipulator_x_libs/share/open_manipulator_x_libs/hook/cmake_prefix_path.dsv'
[1.017s] INFO:colcon.colcon_core.shell:Creating environment hook '/home/yuzhe/omx_ws/install/open_manipulator_x_libs/share/open_manipulator_x_libs/hook/cmake_prefix_path.sh'
[1.018s] Level 1:colcon.colcon_core.environment:checking '/home/yuzhe/omx_ws/install/open_manipulator_x_libs/lib'
[1.018s] Level 1:colcon.colcon_core.shell:create_environment_hook('open_manipulator_x_libs', 'ld_library_path_lib')
[1.018s] INFO:colcon.colcon_core.shell:Creating environment hook '/home/yuzhe/omx_ws/install/open_manipulator_x_libs/share/open_manipulator_x_libs/hook/ld_library_path_lib.ps1'
[1.019s] INFO:colcon.colcon_core.shell:Creating environment descriptor '/home/yuzhe/omx_ws/install/open_manipulator_x_libs/share/open_manipulator_x_libs/hook/ld_library_path_lib.dsv'
[1.019s] INFO:colcon.colcon_core.shell:Creating environment hook '/home/yuzhe/omx_ws/install/open_manipulator_x_libs/share/open_manipulator_x_libs/hook/ld_library_path_lib.sh'
[1.019s] Level 1:colcon.colcon_core.environment:checking '/home/yuzhe/omx_ws/install/open_manipulator_x_libs/bin'
[1.019s] Level 1:colcon.colcon_core.environment:checking '/home/yuzhe/omx_ws/install/open_manipulator_x_libs/lib/pkgconfig/open_manipulator_x_libs.pc'
[1.019s] Level 1:colcon.colcon_core.environment:checking '/home/yuzhe/omx_ws/install/open_manipulator_x_libs/lib/python3.10/site-packages'
[1.019s] Level 1:colcon.colcon_core.environment:checking '/home/yuzhe/omx_ws/install/open_manipulator_x_libs/bin'
[1.020s] INFO:colcon.colcon_core.shell:Creating package script '/home/yuzhe/omx_ws/install/open_manipulator_x_libs/share/open_manipulator_x_libs/package.ps1'
[1.020s] INFO:colcon.colcon_core.shell:Creating package descriptor '/home/yuzhe/omx_ws/install/open_manipulator_x_libs/share/open_manipulator_x_libs/package.dsv'
[1.020s] INFO:colcon.colcon_core.shell:Creating package script '/home/yuzhe/omx_ws/install/open_manipulator_x_libs/share/open_manipulator_x_libs/package.sh'
[1.021s] INFO:colcon.colcon_core.shell:Creating package script '/home/yuzhe/omx_ws/install/open_manipulator_x_libs/share/open_manipulator_x_libs/package.bash'
[1.021s] INFO:colcon.colcon_core.shell:Creating package script '/home/yuzhe/omx_ws/install/open_manipulator_x_libs/share/open_manipulator_x_libs/package.zsh'
[1.021s] Level 1:colcon.colcon_core.environment:create_file_with_runtime_dependencies(/home/yuzhe/omx_ws/install/open_manipulator_x_libs/share/colcon-core/packages/open_manipulator_x_libs)
[1.098s] DEBUG:colcon.colcon_core.event_handler.log_command:Invoked command in '/home/yuzhe/omx_ws/build/open_manipulator_msgs' returned '0': CMAKE_PREFIX_PATH=/opt/ros/humble /usr/bin/cmake /home/yuzhe/omx_ws/src/open_manipulator_msgs -DCMAKE_INSTALL_PREFIX=/home/yuzhe/omx_ws/install/open_manipulator_msgs
[1.098s] DEBUG:colcon.colcon_core.event_handler.log_command:Invoking command in '/home/yuzhe/omx_ws/build/open_manipulator_msgs': CMAKE_PREFIX_PATH=/opt/ros/humble /usr/bin/cmake --build /home/yuzhe/omx_ws/build/open_manipulator_msgs -- -j20 -l20
[1.142s] DEBUG:colcon.colcon_core.event_handler.log_command:Invoked command in '/home/yuzhe/omx_ws/build/open_manipulator_msgs' returned '2': CMAKE_PREFIX_PATH=/opt/ros/humble /usr/bin/cmake --build /home/yuzhe/omx_ws/build/open_manipulator_msgs -- -j20 -l20
[1.143s] Level 1:colcon.colcon_core.environment:create_environment_scripts_only(open_manipulator_msgs)
[1.143s] Level 1:colcon.colcon_core.environment:checking '/home/yuzhe/omx_ws/install/open_manipulator_msgs' for CMake module files
[1.144s] Level 1:colcon.colcon_core.environment:checking '/home/yuzhe/omx_ws/install/open_manipulator_msgs' for CMake config files
[1.145s] Level 1:colcon.colcon_core.shell:create_environment_hook('open_manipulator_msgs', 'cmake_prefix_path')
[1.145s] INFO:colcon.colcon_core.shell:Creating environment hook '/home/yuzhe/omx_ws/install/open_manipulator_msgs/share/open_manipulator_msgs/hook/cmake_prefix_path.ps1'
[1.146s] INFO:colcon.colcon_core.shell:Creating environment descriptor '/home/yuzhe/omx_ws/install/open_manipulator_msgs/share/open_manipulator_msgs/hook/cmake_prefix_path.dsv'
[1.146s] INFO:colcon.colcon_core.shell:Creating environment hook '/home/yuzhe/omx_ws/install/open_manipulator_msgs/share/open_manipulator_msgs/hook/cmake_prefix_path.sh'
[1.147s] Level 1:colcon.colcon_core.environment:checking '/home/yuzhe/omx_ws/install/open_manipulator_msgs/lib'
[1.147s] Level 1:colcon.colcon_core.shell:create_environment_hook('open_manipulator_msgs', 'ld_library_path_lib')
[1.147s] INFO:colcon.colcon_core.shell:Creating environment hook '/home/yuzhe/omx_ws/install/open_manipulator_msgs/share/open_manipulator_msgs/hook/ld_library_path_lib.ps1'
[1.148s] INFO:colcon.colcon_core.shell:Creating environment descriptor '/home/yuzhe/omx_ws/install/open_manipulator_msgs/share/open_manipulator_msgs/hook/ld_library_path_lib.dsv'
[1.148s] INFO:colcon.colcon_core.shell:Creating environment hook '/home/yuzhe/omx_ws/install/open_manipulator_msgs/share/open_manipulator_msgs/hook/ld_library_path_lib.sh'
[1.148s] Level 1:colcon.colcon_core.environment:checking '/home/yuzhe/omx_ws/install/open_manipulator_msgs/bin'
[1.148s] Level 1:colcon.colcon_core.environment:checking '/home/yuzhe/omx_ws/install/open_manipulator_msgs/lib/pkgconfig/open_manipulator_msgs.pc'
[1.148s] Level 1:colcon.colcon_core.environment:checking '/home/yuzhe/omx_ws/install/open_manipulator_msgs/lib/python3.10/site-packages'
[1.149s] Level 1:colcon.colcon_core.environment:checking '/home/yuzhe/omx_ws/install/open_manipulator_msgs/bin'
[1.149s] INFO:colcon.colcon_core.shell:Creating package script '/home/yuzhe/omx_ws/install/open_manipulator_msgs/share/open_manipulator_msgs/package.ps1'
[1.150s] INFO:colcon.colcon_core.shell:Creating package descriptor '/home/yuzhe/omx_ws/install/open_manipulator_msgs/share/open_manipulator_msgs/package.dsv'
[1.151s] INFO:colcon.colcon_core.shell:Creating package script '/home/yuzhe/omx_ws/install/open_manipulator_msgs/share/open_manipulator_msgs/package.sh'
[1.151s] INFO:colcon.colcon_core.shell:Creating package script '/home/yuzhe/omx_ws/install/open_manipulator_msgs/share/open_manipulator_msgs/package.bash'
[1.152s] INFO:colcon.colcon_core.shell:Creating package script '/home/yuzhe/omx_ws/install/open_manipulator_msgs/share/open_manipulator_msgs/package.zsh'
[1.152s] Level 1:colcon.colcon_core.environment:create_file_with_runtime_dependencies(/home/yuzhe/omx_ws/install/open_manipulator_msgs/share/colcon-core/packages/open_manipulator_msgs)
[1.162s] DEBUG:colcon.colcon_parallel_executor.executor.parallel:closing loop
[1.162s] DEBUG:colcon.colcon_parallel_executor.executor.parallel:loop closed
[1.163s] DEBUG:colcon.colcon_parallel_executor.executor.parallel:run_until_complete finished with '2'
[1.163s] DEBUG:colcon.colcon_core.event_reactor:joining thread
[1.171s] INFO:colcon.colcon_core.plugin_system:Skipping extension 'colcon_notification.desktop_notification.terminal_notifier': Not used on non-Darwin systems
[1.172s] INFO:colcon.colcon_core.plugin_system:Skipping extension 'colcon_notification.desktop_notification.win32': Not used on non-Windows systems
[1.172s] INFO:colcon.colcon_notification.desktop_notification:Sending desktop notification using 'notify2'
[1.187s] DEBUG:colcon.colcon_core.event_reactor:joined thread
[1.187s] INFO:colcon.colcon_core.shell:Creating prefix script '/home/yuzhe/omx_ws/install/local_setup.ps1'
[1.188s] INFO:colcon.colcon_core.shell:Creating prefix util module '/home/yuzhe/omx_ws/install/_local_setup_util_ps1.py'
[1.189s] INFO:colcon.colcon_core.shell:Creating prefix chain script '/home/yuzhe/omx_ws/install/setup.ps1'
[1.189s] INFO:colcon.colcon_core.shell:Creating prefix script '/home/yuzhe/omx_ws/install/local_setup.sh'
[1.190s] INFO:colcon.colcon_core.shell:Creating prefix util module '/home/yuzhe/omx_ws/install/_local_setup_util_sh.py'
[1.190s] INFO:colcon.colcon_core.shell:Creating prefix chain script '/home/yuzhe/omx_ws/install/setup.sh'
[1.191s] INFO:colcon.colcon_core.shell:Creating prefix script '/home/yuzhe/omx_ws/install/local_setup.bash'
[1.191s] INFO:colcon.colcon_core.shell:Creating prefix chain script '/home/yuzhe/omx_ws/install/setup.bash'
[1.192s] INFO:colcon.colcon_core.shell:Creating prefix script '/home/yuzhe/omx_ws/install/local_setup.zsh'
[1.192s] INFO:colcon.colcon_core.shell:Creating prefix chain script '/home/yuzhe/omx_ws/install/setup.zsh'
