[0.060s] DEBUG:colcon:Command line arguments: ['/usr/bin/colcon', 'build', '--packages-select', 'tb4_nav_pkg']
[0.060s] DEBUG:colcon:Parsed command line arguments: Namespace(log_base=None, log_level=None, verb_name='build', build_base='build', install_base='install', merge_install=False, symlink_install=False, test_result_base=None, continue_on_error=False, executor='parallel', parallel_workers=20, event_handlers=None, ignore_user_meta=False, metas=['./colcon.meta'], base_paths=['.'], packages_ignore=None, packages_ignore_regex=None, paths=None, packages_up_to=None, packages_up_to_regex=None, packages_above=None, packages_above_and_dependencies=None, packages_above_depth=None, packages_select_by_dep=None, packages_skip_by_dep=None, packages_skip_up_to=None, packages_select_build_failed=False, packages_skip_build_finished=False, packages_select_test_failures=False, packages_skip_test_passed=False, packages_select=['tb4_nav_pkg'], packages_skip=None, packages_select_regex=None, packages_skip_regex=None, packages_start=None, packages_end=None, allow_overriding=[], cmake_args=None, cmake_target=None, cmake_target_skip_unavailable=False, cmake_clean_cache=False, cmake_clean_first=False, cmake_force_configure=False, ament_cmake_args=None, catkin_cmake_args=None, catkin_skip_building_tests=False, mixin_files=None, mixin=None, verb_parser=<colcon_mixin.mixin.mixin_argument.MixinArgumentDecorator object at 0x728fd024a320>, verb_extension=<colcon_core.verb.build.BuildVerb object at 0x728fd0249db0>, main=<bound method BuildVerb.main of <colcon_core.verb.build.BuildVerb object at 0x728fd0249db0>>, mixin_verb=('build',))
[0.142s] Level 1:colcon.colcon_core.package_discovery:discover_packages(colcon_meta) check parameters
[0.142s] Level 1:colcon.colcon_core.package_discovery:discover_packages(recursive) check parameters
[0.142s] Level 1:colcon.colcon_core.package_discovery:discover_packages(ignore) check parameters
[0.142s] Level 1:colcon.colcon_core.package_discovery:discover_packages(path) check parameters
[0.142s] Level 1:colcon.colcon_core.package_discovery:discover_packages(colcon_meta) discover
[0.142s] Level 1:colcon.colcon_core.package_discovery:discover_packages(recursive) discover
[0.142s] INFO:colcon.colcon_core.package_discovery:Crawling recursively for packages in '/home/yuzhe/my_ros2_ws/src/tb4_nav_pkg'
[0.142s] Level 1:colcon.colcon_core.package_identification:_identify(.) by extensions ['ignore', 'ignore_ament_install']
[0.143s] Level 1:colcon.colcon_core.package_identification:_identify(.) by extension 'ignore'
[0.143s] Level 1:colcon.colcon_core.package_identification:_identify(.) by extension 'ignore_ament_install'
[0.143s] Level 1:colcon.colcon_core.package_identification:_identify(.) by extensions ['colcon_pkg']
[0.143s] Level 1:colcon.colcon_core.package_identification:_identify(.) by extension 'colcon_pkg'
[0.143s] Level 1:colcon.colcon_core.package_identification:_identify(.) by extensions ['colcon_meta']
[0.143s] Level 1:colcon.colcon_core.package_identification:_identify(.) by extension 'colcon_meta'
[0.143s] Level 1:colcon.colcon_core.package_identification:_identify(.) by extensions ['ros']
[0.143s] Level 1:colcon.colcon_core.package_identification:_identify(.) by extension 'ros'
[0.150s] DEBUG:colcon.colcon_core.package_identification:Package '.' with type 'ros.ament_python' and name 'tb4_nav_pkg'
[0.150s] Level 1:colcon.colcon_core.package_discovery:discover_packages(recursive) using defaults
[0.150s] Level 1:colcon.colcon_core.package_discovery:discover_packages(ignore) discover
[0.150s] Level 1:colcon.colcon_core.package_discovery:discover_packages(ignore) using defaults
[0.150s] Level 1:colcon.colcon_core.package_discovery:discover_packages(path) discover
[0.150s] Level 1:colcon.colcon_core.package_discovery:discover_packages(path) using defaults
[0.166s] Level 1:colcon.colcon_core.package_discovery:discover_packages(prefix_path) check parameters
[0.167s] Level 1:colcon.colcon_core.package_discovery:discover_packages(prefix_path) discover
[0.167s] DEBUG:colcon.colcon_installed_package_information.package_discovery:Found 1 installed packages in /home/yuzhe/0725_ws/install
[0.168s] DEBUG:colcon.colcon_installed_package_information.package_discovery:Found 334 installed packages in /opt/ros/humble
[0.169s] Level 1:colcon.colcon_core.package_discovery:discover_packages(prefix_path) using defaults
[0.190s] Level 5:colcon.colcon_core.verb:set package 'tb4_nav_pkg' build argument 'cmake_args' from command line to 'None'
[0.190s] Level 5:colcon.colcon_core.verb:set package 'tb4_nav_pkg' build argument 'cmake_target' from command line to 'None'
[0.190s] Level 5:colcon.colcon_core.verb:set package 'tb4_nav_pkg' build argument 'cmake_target_skip_unavailable' from command line to 'False'
[0.190s] Level 5:colcon.colcon_core.verb:set package 'tb4_nav_pkg' build argument 'cmake_clean_cache' from command line to 'False'
[0.190s] Level 5:colcon.colcon_core.verb:set package 'tb4_nav_pkg' build argument 'cmake_clean_first' from command line to 'False'
[0.190s] Level 5:colcon.colcon_core.verb:set package 'tb4_nav_pkg' build argument 'cmake_force_configure' from command line to 'False'
[0.190s] Level 5:colcon.colcon_core.verb:set package 'tb4_nav_pkg' build argument 'ament_cmake_args' from command line to 'None'
[0.190s] Level 5:colcon.colcon_core.verb:set package 'tb4_nav_pkg' build argument 'catkin_cmake_args' from command line to 'None'
[0.190s] Level 5:colcon.colcon_core.verb:set package 'tb4_nav_pkg' build argument 'catkin_skip_building_tests' from command line to 'False'
[0.190s] DEBUG:colcon.colcon_core.verb:Building package 'tb4_nav_pkg' with the following arguments: {'ament_cmake_args': None, 'build_base': '/home/yuzhe/my_ros2_ws/src/tb4_nav_pkg/build/tb4_nav_pkg', 'catkin_cmake_args': None, 'catkin_skip_building_tests': False, 'cmake_args': None, 'cmake_clean_cache': False, 'cmake_clean_first': False, 'cmake_force_configure': False, 'cmake_target': None, 'cmake_target_skip_unavailable': False, 'install_base': '/home/yuzhe/my_ros2_ws/src/tb4_nav_pkg/install/tb4_nav_pkg', 'merge_install': False, 'path': '/home/yuzhe/my_ros2_ws/src/tb4_nav_pkg', 'symlink_install': False, 'test_result_base': None}
[0.190s] INFO:colcon.colcon_core.executor:Executing jobs using 'parallel' executor
[0.191s] DEBUG:colcon.colcon_parallel_executor.executor.parallel:run_until_complete
[0.191s] INFO:colcon.colcon_ros.task.ament_python.build:Building ROS package in '/home/yuzhe/my_ros2_ws/src/tb4_nav_pkg' with build type 'ament_python'
[0.191s] Level 1:colcon.colcon_core.shell:create_environment_hook('tb4_nav_pkg', 'ament_prefix_path')
[0.192s] INFO:colcon.colcon_core.plugin_system:Skipping extension 'colcon_core.shell.bat': Not used on non-Windows systems
[0.192s] INFO:colcon.colcon_core.shell:Creating environment hook '/home/yuzhe/my_ros2_ws/src/tb4_nav_pkg/install/tb4_nav_pkg/share/tb4_nav_pkg/hook/ament_prefix_path.ps1'
[0.192s] INFO:colcon.colcon_core.shell:Creating environment descriptor '/home/yuzhe/my_ros2_ws/src/tb4_nav_pkg/install/tb4_nav_pkg/share/tb4_nav_pkg/hook/ament_prefix_path.dsv'
[0.192s] INFO:colcon.colcon_core.shell:Creating environment hook '/home/yuzhe/my_ros2_ws/src/tb4_nav_pkg/install/tb4_nav_pkg/share/tb4_nav_pkg/hook/ament_prefix_path.sh'
[0.193s] INFO:colcon.colcon_core.shell:Skip shell extension 'powershell' for command environment: Not usable outside of PowerShell
[0.193s] DEBUG:colcon.colcon_core.shell:Skip shell extension 'dsv' for command environment
[0.327s] INFO:colcon.colcon_core.task.python.build:Building Python package in '/home/yuzhe/my_ros2_ws/src/tb4_nav_pkg'
[0.328s] INFO:colcon.colcon_core.shell:Skip shell extension 'powershell' for command environment: Not usable outside of PowerShell
[0.328s] DEBUG:colcon.colcon_core.shell:Skip shell extension 'dsv' for command environment
[0.508s] DEBUG:colcon.colcon_core.event_handler.log_command:Invoking command in '/home/yuzhe/my_ros2_ws/src/tb4_nav_pkg': PYTHONPATH=/home/yuzhe/my_ros2_ws/src/tb4_nav_pkg/build/tb4_nav_pkg/prefix_override:/usr/lib/python3/dist-packages/colcon_core/task/python/colcon_distutils_commands:/home/yuzhe/my_ros2_ws/src/tb4_nav_pkg/install/tb4_nav_pkg/lib/python3.10/site-packages:${PYTHONPATH} /usr/bin/python3 -W ignore:setup.py install is deprecated -W ignore:easy_install command is deprecated setup.py egg_info --egg-base build/tb4_nav_pkg build --build-base /home/yuzhe/my_ros2_ws/src/tb4_nav_pkg/build/tb4_nav_pkg/build install --record /home/yuzhe/my_ros2_ws/src/tb4_nav_pkg/build/tb4_nav_pkg/install.log --single-version-externally-managed install_data
[0.671s] DEBUG:colcon.colcon_core.event_handler.log_command:Invoked command in '/home/yuzhe/my_ros2_ws/src/tb4_nav_pkg' returned '0': PYTHONPATH=/home/yuzhe/my_ros2_ws/src/tb4_nav_pkg/build/tb4_nav_pkg/prefix_override:/usr/lib/python3/dist-packages/colcon_core/task/python/colcon_distutils_commands:/home/yuzhe/my_ros2_ws/src/tb4_nav_pkg/install/tb4_nav_pkg/lib/python3.10/site-packages:${PYTHONPATH} /usr/bin/python3 -W ignore:setup.py install is deprecated -W ignore:easy_install command is deprecated setup.py egg_info --egg-base build/tb4_nav_pkg build --build-base /home/yuzhe/my_ros2_ws/src/tb4_nav_pkg/build/tb4_nav_pkg/build install --record /home/yuzhe/my_ros2_ws/src/tb4_nav_pkg/build/tb4_nav_pkg/install.log --single-version-externally-managed install_data
[0.673s] Level 1:colcon.colcon_core.environment:checking '/home/yuzhe/my_ros2_ws/src/tb4_nav_pkg/install/tb4_nav_pkg' for CMake module files
[0.673s] Level 1:colcon.colcon_core.environment:checking '/home/yuzhe/my_ros2_ws/src/tb4_nav_pkg/install/tb4_nav_pkg' for CMake config files
[0.674s] Level 1:colcon.colcon_core.environment:checking '/home/yuzhe/my_ros2_ws/src/tb4_nav_pkg/install/tb4_nav_pkg/lib'
[0.674s] Level 1:colcon.colcon_core.environment:checking '/home/yuzhe/my_ros2_ws/src/tb4_nav_pkg/install/tb4_nav_pkg/bin'
[0.674s] Level 1:colcon.colcon_core.environment:checking '/home/yuzhe/my_ros2_ws/src/tb4_nav_pkg/install/tb4_nav_pkg/lib/pkgconfig/tb4_nav_pkg.pc'
[0.674s] Level 1:colcon.colcon_core.environment:checking '/home/yuzhe/my_ros2_ws/src/tb4_nav_pkg/install/tb4_nav_pkg/lib/python3.10/site-packages'
[0.674s] Level 1:colcon.colcon_core.shell:create_environment_hook('tb4_nav_pkg', 'pythonpath')
[0.675s] INFO:colcon.colcon_core.shell:Creating environment hook '/home/yuzhe/my_ros2_ws/src/tb4_nav_pkg/install/tb4_nav_pkg/share/tb4_nav_pkg/hook/pythonpath.ps1'
[0.675s] INFO:colcon.colcon_core.shell:Creating environment descriptor '/home/yuzhe/my_ros2_ws/src/tb4_nav_pkg/install/tb4_nav_pkg/share/tb4_nav_pkg/hook/pythonpath.dsv'
[0.675s] INFO:colcon.colcon_core.shell:Creating environment hook '/home/yuzhe/my_ros2_ws/src/tb4_nav_pkg/install/tb4_nav_pkg/share/tb4_nav_pkg/hook/pythonpath.sh'
[0.676s] Level 1:colcon.colcon_core.environment:checking '/home/yuzhe/my_ros2_ws/src/tb4_nav_pkg/install/tb4_nav_pkg/bin'
[0.676s] Level 1:colcon.colcon_core.environment:create_environment_scripts_only(tb4_nav_pkg)
[0.676s] INFO:colcon.colcon_core.shell:Creating package script '/home/yuzhe/my_ros2_ws/src/tb4_nav_pkg/install/tb4_nav_pkg/share/tb4_nav_pkg/package.ps1'
[0.677s] INFO:colcon.colcon_core.shell:Creating package descriptor '/home/yuzhe/my_ros2_ws/src/tb4_nav_pkg/install/tb4_nav_pkg/share/tb4_nav_pkg/package.dsv'
[0.677s] INFO:colcon.colcon_core.shell:Creating package script '/home/yuzhe/my_ros2_ws/src/tb4_nav_pkg/install/tb4_nav_pkg/share/tb4_nav_pkg/package.sh'
[0.678s] INFO:colcon.colcon_core.shell:Creating package script '/home/yuzhe/my_ros2_ws/src/tb4_nav_pkg/install/tb4_nav_pkg/share/tb4_nav_pkg/package.bash'
[0.678s] INFO:colcon.colcon_core.shell:Creating package script '/home/yuzhe/my_ros2_ws/src/tb4_nav_pkg/install/tb4_nav_pkg/share/tb4_nav_pkg/package.zsh'
[0.679s] Level 1:colcon.colcon_core.environment:create_file_with_runtime_dependencies(/home/yuzhe/my_ros2_ws/src/tb4_nav_pkg/install/tb4_nav_pkg/share/colcon-core/packages/tb4_nav_pkg)
[0.679s] DEBUG:colcon.colcon_parallel_executor.executor.parallel:closing loop
[0.679s] DEBUG:colcon.colcon_parallel_executor.executor.parallel:loop closed
[0.679s] DEBUG:colcon.colcon_parallel_executor.executor.parallel:run_until_complete finished with '0'
[0.679s] DEBUG:colcon.colcon_core.event_reactor:joining thread
[0.682s] INFO:colcon.colcon_core.plugin_system:Skipping extension 'colcon_notification.desktop_notification.terminal_notifier': Not used on non-Darwin systems
[0.682s] INFO:colcon.colcon_core.plugin_system:Skipping extension 'colcon_notification.desktop_notification.win32': Not used on non-Windows systems
[0.682s] INFO:colcon.colcon_notification.desktop_notification:Sending desktop notification using 'notify2'
[0.691s] DEBUG:colcon.colcon_core.event_reactor:joined thread
[0.691s] INFO:colcon.colcon_core.shell:Creating prefix script '/home/yuzhe/my_ros2_ws/src/tb4_nav_pkg/install/local_setup.ps1'
[0.692s] INFO:colcon.colcon_core.shell:Creating prefix util module '/home/yuzhe/my_ros2_ws/src/tb4_nav_pkg/install/_local_setup_util_ps1.py'
[0.693s] INFO:colcon.colcon_core.shell:Creating prefix chain script '/home/yuzhe/my_ros2_ws/src/tb4_nav_pkg/install/setup.ps1'
[0.694s] INFO:colcon.colcon_core.shell:Creating prefix script '/home/yuzhe/my_ros2_ws/src/tb4_nav_pkg/install/local_setup.sh'
[0.694s] INFO:colcon.colcon_core.shell:Creating prefix util module '/home/yuzhe/my_ros2_ws/src/tb4_nav_pkg/install/_local_setup_util_sh.py'
[0.694s] INFO:colcon.colcon_core.shell:Creating prefix chain script '/home/yuzhe/my_ros2_ws/src/tb4_nav_pkg/install/setup.sh'
[0.695s] INFO:colcon.colcon_core.shell:Creating prefix script '/home/yuzhe/my_ros2_ws/src/tb4_nav_pkg/install/local_setup.bash'
[0.695s] INFO:colcon.colcon_core.shell:Creating prefix chain script '/home/yuzhe/my_ros2_ws/src/tb4_nav_pkg/install/setup.bash'
[0.696s] INFO:colcon.colcon_core.shell:Creating prefix script '/home/yuzhe/my_ros2_ws/src/tb4_nav_pkg/install/local_setup.zsh'
[0.696s] INFO:colcon.colcon_core.shell:Creating prefix chain script '/home/yuzhe/my_ros2_ws/src/tb4_nav_pkg/install/setup.zsh'
