running egg_info
creating build/tb4_nav_pkg/tb4_nav_pkg.egg-info
writing build/tb4_nav_pkg/tb4_nav_pkg.egg-info/PKG-INFO
writing dependency_links to build/tb4_nav_pkg/tb4_nav_pkg.egg-info/dependency_links.txt
writing entry points to build/tb4_nav_pkg/tb4_nav_pkg.egg-info/entry_points.txt
writing requirements to build/tb4_nav_pkg/tb4_nav_pkg.egg-info/requires.txt
writing top-level names to build/tb4_nav_pkg/tb4_nav_pkg.egg-info/top_level.txt
writing manifest file 'build/tb4_nav_pkg/tb4_nav_pkg.egg-info/SOURCES.txt'
reading manifest file 'build/tb4_nav_pkg/tb4_nav_pkg.egg-info/SOURCES.txt'
writing manifest file 'build/tb4_nav_pkg/tb4_nav_pkg.egg-info/SOURCES.txt'
running build
running build_py
creating /home/yuzhe/my_ros2_ws/src/tb4_nav_pkg/build/tb4_nav_pkg/build
creating /home/yuzhe/my_ros2_ws/src/tb4_nav_pkg/build/tb4_nav_pkg/build/lib
creating /home/yuzhe/my_ros2_ws/src/tb4_nav_pkg/build/tb4_nav_pkg/build/lib/tb4_nav_pkg
copying tb4_nav_pkg/__init__.py -> /home/yuzhe/my_ros2_ws/src/tb4_nav_pkg/build/tb4_nav_pkg/build/lib/tb4_nav_pkg
copying tb4_nav_pkg/0725.py -> /home/yuzhe/my_ros2_ws/src/tb4_nav_pkg/build/tb4_nav_pkg/build/lib/tb4_nav_pkg
copying tb4_nav_pkg/navigate_and_forward.py -> /home/yuzhe/my_ros2_ws/src/tb4_nav_pkg/build/tb4_nav_pkg/build/lib/tb4_nav_pkg
running install
running install_lib
creating /home/yuzhe/my_ros2_ws/src/tb4_nav_pkg/install/tb4_nav_pkg/lib/python3.10/site-packages/tb4_nav_pkg
copying /home/yuzhe/my_ros2_ws/src/tb4_nav_pkg/build/tb4_nav_pkg/build/lib/tb4_nav_pkg/__init__.py -> /home/yuzhe/my_ros2_ws/src/tb4_nav_pkg/install/tb4_nav_pkg/lib/python3.10/site-packages/tb4_nav_pkg
copying /home/yuzhe/my_ros2_ws/src/tb4_nav_pkg/build/tb4_nav_pkg/build/lib/tb4_nav_pkg/0725.py -> /home/yuzhe/my_ros2_ws/src/tb4_nav_pkg/install/tb4_nav_pkg/lib/python3.10/site-packages/tb4_nav_pkg
copying /home/yuzhe/my_ros2_ws/src/tb4_nav_pkg/build/tb4_nav_pkg/build/lib/tb4_nav_pkg/navigate_and_forward.py -> /home/yuzhe/my_ros2_ws/src/tb4_nav_pkg/install/tb4_nav_pkg/lib/python3.10/site-packages/tb4_nav_pkg
byte-compiling /home/yuzhe/my_ros2_ws/src/tb4_nav_pkg/install/tb4_nav_pkg/lib/python3.10/site-packages/tb4_nav_pkg/__init__.py to __init__.cpython-310.pyc
byte-compiling /home/yuzhe/my_ros2_ws/src/tb4_nav_pkg/install/tb4_nav_pkg/lib/python3.10/site-packages/tb4_nav_pkg/0725.py to 0725.cpython-310.pyc
byte-compiling /home/yuzhe/my_ros2_ws/src/tb4_nav_pkg/install/tb4_nav_pkg/lib/python3.10/site-packages/tb4_nav_pkg/navigate_and_forward.py to navigate_and_forward.cpython-310.pyc
running install_data
creating /home/yuzhe/my_ros2_ws/src/tb4_nav_pkg/install/tb4_nav_pkg/share/ament_index
creating /home/yuzhe/my_ros2_ws/src/tb4_nav_pkg/install/tb4_nav_pkg/share/ament_index/resource_index
creating /home/yuzhe/my_ros2_ws/src/tb4_nav_pkg/install/tb4_nav_pkg/share/ament_index/resource_index/packages
copying resource/tb4_nav_pkg -> /home/yuzhe/my_ros2_ws/src/tb4_nav_pkg/install/tb4_nav_pkg/share/ament_index/resource_index/packages
copying package.xml -> /home/yuzhe/my_ros2_ws/src/tb4_nav_pkg/install/tb4_nav_pkg/share/tb4_nav_pkg
running install_egg_info
Copying build/tb4_nav_pkg/tb4_nav_pkg.egg-info to /home/yuzhe/my_ros2_ws/src/tb4_nav_pkg/install/tb4_nav_pkg/lib/python3.10/site-packages/tb4_nav_pkg-0.0.0-py3.10.egg-info
running install_scripts
Installing 0725 script to /home/yuzhe/my_ros2_ws/src/tb4_nav_pkg/install/tb4_nav_pkg/lib/tb4_nav_pkg
Installing navigate_and_forward script to /home/yuzhe/my_ros2_ws/src/tb4_nav_pkg/install/tb4_nav_pkg/lib/tb4_nav_pkg
writing list of installed files to '/home/yuzhe/my_ros2_ws/src/tb4_nav_pkg/build/tb4_nav_pkg/install.log'
