-- Found ament_cmake: 1.3.12 (/opt/ros/humble/share/ament_cmake/cmake)
-- Override CMake install command with custom implementation using symlinks instead of copying resources
-- Found dynamixel_workbench_toolbox: 2.2.5 (/opt/ros/humble/share/dynamixel_workbench_toolbox/cmake)
-- Found rclcpp: 16.0.14 (/opt/ros/humble/share/rclcpp/cmake)
-- Found rosidl_generator_c: 3.1.7 (/opt/ros/humble/share/rosidl_generator_c/cmake)
-- Found rosidl_adapter: 3.1.7 (/opt/ros/humble/share/rosidl_adapter/cmake)
-- Found rosidl_generator_cpp: 3.1.7 (/opt/ros/humble/share/rosidl_generator_cpp/cmake)
-- Using all available rosidl_typesupport_c: rosidl_typesupport_fastrtps_c;rosidl_typesupport_introspection_c
-- Using all available rosidl_typesupport_cpp: rosidl_typesupport_fastrtps_cpp;rosidl_typesupport_introspection_cpp
-- Found rmw_implementation_cmake: 6.1.2 (/opt/ros/humble/share/rmw_implementation_cmake/cmake)
-- Found rmw_fastrtps_cpp: 6.2.8 (/opt/ros/humble/share/rmw_fastrtps_cpp/cmake)
-- Using RMW implementation 'rmw_fastrtps_cpp' as default
-- Found robotis_manipulator: 1.0.0 (/home/yuzhe/omx_ws/install/robotis_manipulator/share/robotis_manipulator/cmake)
-- Configuring done
-- Generating done
-- Build files have been written to: /home/yuzhe/omx_ws/build/open_manipulator_x_libs
[35m[1mConsolidate compiler generated dependencies of target open_manipulator_x_libs[0m
[ 20%] [32mBuilding CXX object CMakeFiles/open_manipulator_x_libs.dir/src/custom_trajectory.cpp.o[0m
[ 40%] [32mBuilding CXX object CMakeFiles/open_manipulator_x_libs.dir/src/dynamixel.cpp.o[0m
[ 60%] [32mBuilding CXX object CMakeFiles/open_manipulator_x_libs.dir/src/kinematics.cpp.o[0m
[ 80%] [32mBuilding CXX object CMakeFiles/open_manipulator_x_libs.dir/src/open_manipulator_x.cpp.o[0m
[100%] [32m[1mLinking CXX shared library libopen_manipulator_x_libs.so[0m
[100%] Built target open_manipulator_x_libs
