[0.008s] Invoking command in '/home/yuzhe/omx_ws/build/open_manipulator_x_libs': CMAKE_PREFIX_PATH=/home/yuzhe/omx_ws/install/robotis_manipulator:/home/yuzhe/omx_ws/install/open_manipulator:/home/yuzhe/omx_ws/install/open_manipulator_x_controller:/home/yuzhe/omx_ws/install/open_manipulator_x_libs:/home/yuzhe/omx_ws/install/open_manipulator_x_description:/home/yuzhe/omx_ws/install/open_manipulator_msgs:/home/yuzhe/omx_ws/install/open_manipulator_x_teleop:/opt/ros/humble LD_LIBRARY_PATH=/home/yuzhe/omx_ws/install/robotis_manipulator/lib:/home/yuzhe/omx_ws/install/open_manipulator_x_libs/lib:/home/yuzhe/omx_ws/install/open_manipulator_msgs/lib:/opt/ros/humble/opt/rviz_ogre_vendor/lib:/opt/ros/humble/lib/x86_64-linux-gnu:/opt/ros/humble/lib /usr/bin/cmake /home/yuzhe/omx_ws/src/open_manipulator/open_manipulator_x_libs -DCMAKE_INSTALL_PREFIX=/home/yuzhe/omx_ws/install/open_manipulator_x_libs
[0.019s] -- Found ament_cmake: 1.3.12 (/opt/ros/humble/share/ament_cmake/cmake)
[0.113s] -- Override CMake install command with custom implementation using symlinks instead of copying resources
[0.118s] -- Found dynamixel_workbench_toolbox: 2.2.5 (/opt/ros/humble/share/dynamixel_workbench_toolbox/cmake)
[0.121s] -- Found rclcpp: 16.0.14 (/opt/ros/humble/share/rclcpp/cmake)
[0.140s] -- Found rosidl_generator_c: 3.1.7 (/opt/ros/humble/share/rosidl_generator_c/cmake)
[0.142s] -- Found rosidl_adapter: 3.1.7 (/opt/ros/humble/share/rosidl_adapter/cmake)
[0.146s] -- Found rosidl_generator_cpp: 3.1.7 (/opt/ros/humble/share/rosidl_generator_cpp/cmake)
[0.153s] -- Using all available rosidl_typesupport_c: rosidl_typesupport_fastrtps_c;rosidl_typesupport_introspection_c
[0.162s] -- Using all available rosidl_typesupport_cpp: rosidl_typesupport_fastrtps_cpp;rosidl_typesupport_introspection_cpp
[0.184s] -- Found rmw_implementation_cmake: 6.1.2 (/opt/ros/humble/share/rmw_implementation_cmake/cmake)
[0.185s] -- Found rmw_fastrtps_cpp: 6.2.8 (/opt/ros/humble/share/rmw_fastrtps_cpp/cmake)
[0.264s] -- Using RMW implementation 'rmw_fastrtps_cpp' as default
[0.298s] -- Found robotis_manipulator: 1.0.0 (/home/yuzhe/omx_ws/install/robotis_manipulator/share/robotis_manipulator/cmake)
[0.349s] -- Configuring done
[0.357s] -- Generating done
[0.359s] -- Build files have been written to: /home/yuzhe/omx_ws/build/open_manipulator_x_libs
[0.366s] Invoked command in '/home/yuzhe/omx_ws/build/open_manipulator_x_libs' returned '0': CMAKE_PREFIX_PATH=/home/yuzhe/omx_ws/install/robotis_manipulator:/home/yuzhe/omx_ws/install/open_manipulator:/home/yuzhe/omx_ws/install/open_manipulator_x_controller:/home/yuzhe/omx_ws/install/open_manipulator_x_libs:/home/yuzhe/omx_ws/install/open_manipulator_x_description:/home/yuzhe/omx_ws/install/open_manipulator_msgs:/home/yuzhe/omx_ws/install/open_manipulator_x_teleop:/opt/ros/humble LD_LIBRARY_PATH=/home/yuzhe/omx_ws/install/robotis_manipulator/lib:/home/yuzhe/omx_ws/install/open_manipulator_x_libs/lib:/home/yuzhe/omx_ws/install/open_manipulator_msgs/lib:/opt/ros/humble/opt/rviz_ogre_vendor/lib:/opt/ros/humble/lib/x86_64-linux-gnu:/opt/ros/humble/lib /usr/bin/cmake /home/yuzhe/omx_ws/src/open_manipulator/open_manipulator_x_libs -DCMAKE_INSTALL_PREFIX=/home/yuzhe/omx_ws/install/open_manipulator_x_libs
[0.366s] Invoking command in '/home/yuzhe/omx_ws/build/open_manipulator_x_libs': CMAKE_PREFIX_PATH=/home/yuzhe/omx_ws/install/robotis_manipulator:/home/yuzhe/omx_ws/install/open_manipulator:/home/yuzhe/omx_ws/install/open_manipulator_x_controller:/home/yuzhe/omx_ws/install/open_manipulator_x_libs:/home/yuzhe/omx_ws/install/open_manipulator_x_description:/home/yuzhe/omx_ws/install/open_manipulator_msgs:/home/yuzhe/omx_ws/install/open_manipulator_x_teleop:/opt/ros/humble LD_LIBRARY_PATH=/home/yuzhe/omx_ws/install/robotis_manipulator/lib:/home/yuzhe/omx_ws/install/open_manipulator_x_libs/lib:/home/yuzhe/omx_ws/install/open_manipulator_msgs/lib:/opt/ros/humble/opt/rviz_ogre_vendor/lib:/opt/ros/humble/lib/x86_64-linux-gnu:/opt/ros/humble/lib /usr/bin/cmake --build /home/yuzhe/omx_ws/build/open_manipulator_x_libs -- -j20 -l20
[0.397s] [35m[1mConsolidate compiler generated dependencies of target open_manipulator_x_libs[0m
[0.409s] [100%] Built target open_manipulator_x_libs
[0.418s] Invoked command in '/home/yuzhe/omx_ws/build/open_manipulator_x_libs' returned '0': CMAKE_PREFIX_PATH=/home/yuzhe/omx_ws/install/robotis_manipulator:/home/yuzhe/omx_ws/install/open_manipulator:/home/yuzhe/omx_ws/install/open_manipulator_x_controller:/home/yuzhe/omx_ws/install/open_manipulator_x_libs:/home/yuzhe/omx_ws/install/open_manipulator_x_description:/home/yuzhe/omx_ws/install/open_manipulator_msgs:/home/yuzhe/omx_ws/install/open_manipulator_x_teleop:/opt/ros/humble LD_LIBRARY_PATH=/home/yuzhe/omx_ws/install/robotis_manipulator/lib:/home/yuzhe/omx_ws/install/open_manipulator_x_libs/lib:/home/yuzhe/omx_ws/install/open_manipulator_msgs/lib:/opt/ros/humble/opt/rviz_ogre_vendor/lib:/opt/ros/humble/lib/x86_64-linux-gnu:/opt/ros/humble/lib /usr/bin/cmake --build /home/yuzhe/omx_ws/build/open_manipulator_x_libs -- -j20 -l20
[0.419s] Invoking command in '/home/yuzhe/omx_ws/build/open_manipulator_x_libs': CMAKE_PREFIX_PATH=/home/yuzhe/omx_ws/install/robotis_manipulator:/home/yuzhe/omx_ws/install/open_manipulator:/home/yuzhe/omx_ws/install/open_manipulator_x_controller:/home/yuzhe/omx_ws/install/open_manipulator_x_libs:/home/yuzhe/omx_ws/install/open_manipulator_x_description:/home/yuzhe/omx_ws/install/open_manipulator_msgs:/home/yuzhe/omx_ws/install/open_manipulator_x_teleop:/opt/ros/humble LD_LIBRARY_PATH=/home/yuzhe/omx_ws/install/robotis_manipulator/lib:/home/yuzhe/omx_ws/install/open_manipulator_x_libs/lib:/home/yuzhe/omx_ws/install/open_manipulator_msgs/lib:/opt/ros/humble/opt/rviz_ogre_vendor/lib:/opt/ros/humble/lib/x86_64-linux-gnu:/opt/ros/humble/lib /usr/bin/cmake --install /home/yuzhe/omx_ws/build/open_manipulator_x_libs
[0.424s] -- Install configuration: ""
[0.425s] -- Execute custom install script
[0.425s] -- Up-to-date symlink: /home/yuzhe/omx_ws/install/open_manipulator_x_libs/lib/libopen_manipulator_x_libs.so
[0.425s] -- Up-to-date symlink: /home/yuzhe/omx_ws/install/open_manipulator_x_libs/include//open_manipulator_x_libs/custom_trajectory.hpp
[0.426s] -- Up-to-date symlink: /home/yuzhe/omx_ws/install/open_manipulator_x_libs/include//open_manipulator_x_libs/dynamixel.hpp
[0.426s] -- Up-to-date symlink: /home/yuzhe/omx_ws/install/open_manipulator_x_libs/include//open_manipulator_x_libs/kinematics.hpp
[0.426s] -- Up-to-date symlink: /home/yuzhe/omx_ws/install/open_manipulator_x_libs/include//open_manipulator_x_libs/open_manipulator_x.hpp
[0.426s] -- Up-to-date symlink: /home/yuzhe/omx_ws/install/open_manipulator_x_libs/share/open_manipulator_x_libs/environment/library_path.sh
[0.426s] -- Up-to-date symlink: /home/yuzhe/omx_ws/install/open_manipulator_x_libs/share/open_manipulator_x_libs/environment/library_path.dsv
[0.426s] -- Up-to-date symlink: /home/yuzhe/omx_ws/install/open_manipulator_x_libs/share/ament_index/resource_index/package_run_dependencies/open_manipulator_x_libs
[0.427s] -- Up-to-date symlink: /home/yuzhe/omx_ws/install/open_manipulator_x_libs/share/ament_index/resource_index/parent_prefix_path/open_manipulator_x_libs
[0.427s] -- Up-to-date symlink: /home/yuzhe/omx_ws/install/open_manipulator_x_libs/share/open_manipulator_x_libs/environment/ament_prefix_path.sh
[0.427s] -- Up-to-date symlink: /home/yuzhe/omx_ws/install/open_manipulator_x_libs/share/open_manipulator_x_libs/environment/ament_prefix_path.dsv
[0.427s] -- Up-to-date symlink: /home/yuzhe/omx_ws/install/open_manipulator_x_libs/share/open_manipulator_x_libs/environment/path.sh
[0.427s] -- Up-to-date symlink: /home/yuzhe/omx_ws/install/open_manipulator_x_libs/share/open_manipulator_x_libs/environment/path.dsv
[0.427s] -- Up-to-date symlink: /home/yuzhe/omx_ws/install/open_manipulator_x_libs/share/open_manipulator_x_libs/local_setup.bash
[0.427s] -- Up-to-date symlink: /home/yuzhe/omx_ws/install/open_manipulator_x_libs/share/open_manipulator_x_libs/local_setup.sh
[0.428s] -- Up-to-date symlink: /home/yuzhe/omx_ws/install/open_manipulator_x_libs/share/open_manipulator_x_libs/local_setup.zsh
[0.428s] -- Up-to-date symlink: /home/yuzhe/omx_ws/install/open_manipulator_x_libs/share/open_manipulator_x_libs/local_setup.dsv
[0.428s] -- Symlinking: /home/yuzhe/omx_ws/install/open_manipulator_x_libs/share/open_manipulator_x_libs/package.dsv
[0.435s] -- Up-to-date symlink: /home/yuzhe/omx_ws/install/open_manipulator_x_libs/share/ament_index/resource_index/packages/open_manipulator_x_libs
[0.435s] -- Up-to-date symlink: /home/yuzhe/omx_ws/install/open_manipulator_x_libs/share/open_manipulator_x_libs/cmake/ament_cmake_export_include_directories-extras.cmake
[0.435s] -- Up-to-date symlink: /home/yuzhe/omx_ws/install/open_manipulator_x_libs/share/open_manipulator_x_libs/cmake/ament_cmake_export_dependencies-extras.cmake
[0.435s] -- Up-to-date symlink: /home/yuzhe/omx_ws/install/open_manipulator_x_libs/share/open_manipulator_x_libs/cmake/ament_cmake_export_libraries-extras.cmake
[0.435s] -- Up-to-date symlink: /home/yuzhe/omx_ws/install/open_manipulator_x_libs/share/open_manipulator_x_libs/cmake/open_manipulator_x_libsConfig.cmake
[0.435s] -- Up-to-date symlink: /home/yuzhe/omx_ws/install/open_manipulator_x_libs/share/open_manipulator_x_libs/cmake/open_manipulator_x_libsConfig-version.cmake
[0.436s] -- Up-to-date symlink: /home/yuzhe/omx_ws/install/open_manipulator_x_libs/share/open_manipulator_x_libs/package.xml
[0.437s] Invoked command in '/home/yuzhe/omx_ws/build/open_manipulator_x_libs' returned '0': CMAKE_PREFIX_PATH=/home/yuzhe/omx_ws/install/robotis_manipulator:/home/yuzhe/omx_ws/install/open_manipulator:/home/yuzhe/omx_ws/install/open_manipulator_x_controller:/home/yuzhe/omx_ws/install/open_manipulator_x_libs:/home/yuzhe/omx_ws/install/open_manipulator_x_description:/home/yuzhe/omx_ws/install/open_manipulator_msgs:/home/yuzhe/omx_ws/install/open_manipulator_x_teleop:/opt/ros/humble LD_LIBRARY_PATH=/home/yuzhe/omx_ws/install/robotis_manipulator/lib:/home/yuzhe/omx_ws/install/open_manipulator_x_libs/lib:/home/yuzhe/omx_ws/install/open_manipulator_msgs/lib:/opt/ros/humble/opt/rviz_ogre_vendor/lib:/opt/ros/humble/lib/x86_64-linux-gnu:/opt/ros/humble/lib /usr/bin/cmake --install /home/yuzhe/omx_ws/build/open_manipulator_x_libs
