/home/yuzhe/omx_ws/install/open_manipulator_x_teleop/lib/python3.10/site-packages/open_manipulator_x_teleop/__init__.py
/home/yuzhe/omx_ws/install/open_manipulator_x_teleop/lib/python3.10/site-packages/open_manipulator_x_teleop/script/__init__.py
/home/yuzhe/omx_ws/install/open_manipulator_x_teleop/lib/python3.10/site-packages/open_manipulator_x_teleop/script/gripper_teleop.py
/home/yuzhe/omx_ws/install/open_manipulator_x_teleop/lib/python3.10/site-packages/open_manipulator_x_teleop/script/armm.py
/home/yuzhe/omx_ws/install/open_manipulator_x_teleop/lib/python3.10/site-packages/open_manipulator_x_teleop/script/voice_control.py
/home/yuzhe/omx_ws/install/open_manipulator_x_teleop/lib/python3.10/site-packages/open_manipulator_x_teleop/script/voice_arm_control.py
/home/yuzhe/omx_ws/install/open_manipulator_x_teleop/lib/python3.10/site-packages/open_manipulator_x_teleop/script/teleop_keyboard.py
/home/yuzhe/omx_ws/install/open_manipulator_x_teleop/lib/python3.10/site-packages/open_manipulator_x_teleop/__pycache__/__init__.cpython-310.pyc
/home/yuzhe/omx_ws/install/open_manipulator_x_teleop/lib/python3.10/site-packages/open_manipulator_x_teleop/script/__pycache__/__init__.cpython-310.pyc
/home/yuzhe/omx_ws/install/open_manipulator_x_teleop/lib/python3.10/site-packages/open_manipulator_x_teleop/script/__pycache__/gripper_teleop.cpython-310.pyc
/home/yuzhe/omx_ws/install/open_manipulator_x_teleop/lib/python3.10/site-packages/open_manipulator_x_teleop/script/__pycache__/armm.cpython-310.pyc
/home/yuzhe/omx_ws/install/open_manipulator_x_teleop/lib/python3.10/site-packages/open_manipulator_x_teleop/script/__pycache__/voice_control.cpython-310.pyc
/home/yuzhe/omx_ws/install/open_manipulator_x_teleop/lib/python3.10/site-packages/open_manipulator_x_teleop/script/__pycache__/voice_arm_control.cpython-310.pyc
/home/yuzhe/omx_ws/install/open_manipulator_x_teleop/lib/python3.10/site-packages/open_manipulator_x_teleop/script/__pycache__/teleop_keyboard.cpython-310.pyc
/home/yuzhe/omx_ws/install/open_manipulator_x_teleop/share/ament_index/resource_index/packages/open_manipulator_x_teleop
/home/yuzhe/omx_ws/install/open_manipulator_x_teleop/share/open_manipulator_x_teleop/package.xml
/home/yuzhe/omx_ws/install/open_manipulator_x_teleop/lib/python3.10/site-packages/open_manipulator_x_teleop-2.3.0-py3.10.egg-info/top_level.txt
/home/yuzhe/omx_ws/install/open_manipulator_x_teleop/lib/python3.10/site-packages/open_manipulator_x_teleop-2.3.0-py3.10.egg-info/SOURCES.txt
/home/yuzhe/omx_ws/install/open_manipulator_x_teleop/lib/python3.10/site-packages/open_manipulator_x_teleop-2.3.0-py3.10.egg-info/zip-safe
/home/yuzhe/omx_ws/install/open_manipulator_x_teleop/lib/python3.10/site-packages/open_manipulator_x_teleop-2.3.0-py3.10.egg-info/PKG-INFO
/home/yuzhe/omx_ws/install/open_manipulator_x_teleop/lib/python3.10/site-packages/open_manipulator_x_teleop-2.3.0-py3.10.egg-info/entry_points.txt
/home/yuzhe/omx_ws/install/open_manipulator_x_teleop/lib/python3.10/site-packages/open_manipulator_x_teleop-2.3.0-py3.10.egg-info/requires.txt
/home/yuzhe/omx_ws/install/open_manipulator_x_teleop/lib/python3.10/site-packages/open_manipulator_x_teleop-2.3.0-py3.10.egg-info/dependency_links.txt
/home/yuzhe/omx_ws/install/open_manipulator_x_teleop/lib/open_manipulator_x_teleop/armm
/home/yuzhe/omx_ws/install/open_manipulator_x_teleop/lib/open_manipulator_x_teleop/gripper_teleop
/home/yuzhe/omx_ws/install/open_manipulator_x_teleop/lib/open_manipulator_x_teleop/teleop_keyboard
/home/yuzhe/omx_ws/install/open_manipulator_x_teleop/lib/open_manipulator_x_teleop/voice_arm_control
/home/yuzhe/omx_ws/install/open_manipulator_x_teleop/lib/open_manipulator_x_teleop/voice_control
